Saving path info
Not complete. Starting non-linear search.
number_of_cores == 1...
...not using pool
No Dynesty samples found, beginning new non-linear search. 
1000 Iterations: Performing update (Visualization, outputting samples, etc.).
Visualizing
Profiling Maximum Likelihood Model
Outputting model result
2000 Iterations: Performing update (Visualization, outputting samples, etc.).
Visualizing
Profiling Maximum Likelihood Model
Outputting model result
3000 Iterations: Performing update (Visualization, outputting samples, etc.).
Visualizing
Profiling Maximum Likelihood Model
Outputting model result
4000 Iterations: Performing update (Visualization, outputting samples, etc.).
Visualizing
Profiling Maximum Likelihood Model
Outputting model result
5000 Iterations: Performing update (Visualization, outputting samples, etc.).
Visualizing
Profiling Maximum Likelihood Model
Outputting model result
6000 Iterations: Performing update (Visualization, outputting samples, etc.).
Visualizing
Profiling Maximum Likelihood Model
Outputting model result
7000 Iterations: Performing update (Visualization, outputting samples, etc.).
Visualizing
Profiling Maximum Likelihood Model
Outputting model result
8000 Iterations: Performing update (Visualization, outputting samples, etc.).
Visualizing
Profiling Maximum Likelihood Model
Outputting model result
9000 Iterations: Performing update (Visualization, outputting samples, etc.).
Visualizing
Profiling Maximum Likelihood Model
Outputting model result
10000 Iterations: Performing update (Visualization, outputting samples, etc.).
Visualizing
Profiling Maximum Likelihood Model
Outputting model result
11000 Iterations: Performing update (Visualization, outputting samples, etc.).
Visualizing
Profiling Maximum Likelihood Model
Outputting model result
12000 Iterations: Performing update (Visualization, outputting samples, etc.).
Visualizing
Profiling Maximum Likelihood Model
Outputting model result
13000 Iterations: Performing update (Visualization, outputting samples, etc.).
Visualizing
Profiling Maximum Likelihood Model
Outputting model result
14000 Iterations: Performing update (Visualization, outputting samples, etc.).
Visualizing
Profiling Maximum Likelihood Model
Outputting model result
15000 Iterations: Performing update (Visualization, outputting samples, etc.).
Visualizing
Profiling Maximum Likelihood Model
Outputting model result
16000 Iterations: Performing update (Visualization, outputting samples, etc.).
Visualizing
Profiling Maximum Likelihood Model
Outputting model result
17000 Iterations: Performing update (Visualization, outputting samples, etc.).
Visualizing
Profiling Maximum Likelihood Model
Outputting model result
18000 Iterations: Performing update (Visualization, outputting samples, etc.).
Visualizing
Profiling Maximum Likelihood Model
Outputting model result
19000 Iterations: Performing update (Visualization, outputting samples, etc.).
Visualizing
Profiling Maximum Likelihood Model
Outputting model result
20000 Iterations: Performing update (Visualization, outputting samples, etc.).
Visualizing
Profiling Maximum Likelihood Model
Outputting model result
21000 Iterations: Performing update (Visualization, outputting samples, etc.).
Visualizing
Profiling Maximum Likelihood Model
Outputting model result
22000 Iterations: Performing update (Visualization, outputting samples, etc.).
Visualizing
Profiling Maximum Likelihood Model
Outputting model result
23000 Iterations: Performing update (Visualization, outputting samples, etc.).
Visualizing
Profiling Maximum Likelihood Model
Outputting model result
24000 Iterations: Performing update (Visualization, outputting samples, etc.).
Visualizing
Profiling Maximum Likelihood Model
Outputting model result
25000 Iterations: Performing update (Visualization, outputting samples, etc.).
Visualizing
Profiling Maximum Likelihood Model
Outputting model result
26000 Iterations: Performing update (Visualization, outputting samples, etc.).
Visualizing
Profiling Maximum Likelihood Model
Outputting model result
27000 Iterations: Performing update (Visualization, outputting samples, etc.).
Visualizing
Profiling Maximum Likelihood Model
Outputting model result
28000 Iterations: Performing update (Visualization, outputting samples, etc.).
Visualizing
Profiling Maximum Likelihood Model
Outputting model result
29000 Iterations: Performing update (Visualization, outputting samples, etc.).
Visualizing
Profiling Maximum Likelihood Model
Outputting model result
30000 Iterations: Performing update (Visualization, outputting samples, etc.).
Visualizing
Profiling Maximum Likelihood Model
Outputting model result
31000 Iterations: Performing update (Visualization, outputting samples, etc.).
Visualizing
Profiling Maximum Likelihood Model
Outputting model result
32000 Iterations: Performing update (Visualization, outputting samples, etc.).
Visualizing
Profiling Maximum Likelihood Model
Outputting model result
33000 Iterations: Performing update (Visualization, outputting samples, etc.).
Visualizing
Profiling Maximum Likelihood Model
Outputting model result
34000 Iterations: Performing update (Visualization, outputting samples, etc.).
Visualizing
Profiling Maximum Likelihood Model
Outputting model result
35000 Iterations: Performing update (Visualization, outputting samples, etc.).
Visualizing
Profiling Maximum Likelihood Model
Outputting model result
36000 Iterations: Performing update (Visualization, outputting samples, etc.).
Visualizing
Profiling Maximum Likelihood Model
Outputting model result
37000 Iterations: Performing update (Visualization, outputting samples, etc.).
Visualizing
Profiling Maximum Likelihood Model
Outputting model result
38000 Iterations: Performing update (Visualization, outputting samples, etc.).
Visualizing
Profiling Maximum Likelihood Model
Outputting model result
39000 Iterations: Performing update (Visualization, outputting samples, etc.).
Visualizing
Profiling Maximum Likelihood Model
Outputting model result
40000 Iterations: Performing update (Visualization, outputting samples, etc.).
Visualizing
Profiling Maximum Likelihood Model
Outputting model result
41000 Iterations: Performing update (Visualization, outputting samples, etc.).
Visualizing
Profiling Maximum Likelihood Model
Outputting model result
42000 Iterations: Performing update (Visualization, outputting samples, etc.).
Visualizing
Profiling Maximum Likelihood Model
Outputting model result
43000 Iterations: Performing update (Visualization, outputting samples, etc.).
Visualizing
Profiling Maximum Likelihood Model
Outputting model result
44000 Iterations: Performing update (Visualization, outputting samples, etc.).
Visualizing
Profiling Maximum Likelihood Model
Outputting model result
45000 Iterations: Performing update (Visualization, outputting samples, etc.).
Visualizing
Profiling Maximum Likelihood Model
Outputting model result
46000 Iterations: Performing update (Visualization, outputting samples, etc.).
Visualizing
Profiling Maximum Likelihood Model
Outputting model result
47000 Iterations: Performing update (Visualization, outputting samples, etc.).
Visualizing
Profiling Maximum Likelihood Model
Outputting model result
48000 Iterations: Performing update (Visualization, outputting samples, etc.).
Visualizing
Profiling Maximum Likelihood Model
Outputting model result
49000 Iterations: Performing update (Visualization, outputting samples, etc.).
Visualizing
Profiling Maximum Likelihood Model
Outputting model result
50000 Iterations: Performing update (Visualization, outputting samples, etc.).
Visualizing
Profiling Maximum Likelihood Model
Outputting model result
51000 Iterations: Performing update (Visualization, outputting samples, etc.).
Visualizing
Profiling Maximum Likelihood Model
Outputting model result
52000 Iterations: Performing update (Visualization, outputting samples, etc.).
Visualizing
Profiling Maximum Likelihood Model
Outputting model result
53000 Iterations: Performing update (Visualization, outputting samples, etc.).
Visualizing
Profiling Maximum Likelihood Model
Outputting model result
54000 Iterations: Performing update (Visualization, outputting samples, etc.).
Visualizing
Profiling Maximum Likelihood Model
Outputting model result
55000 Iterations: Performing update (Visualization, outputting samples, etc.).
Visualizing
Profiling Maximum Likelihood Model
Outputting model result
56000 Iterations: Performing update (Visualization, outputting samples, etc.).
Visualizing
Profiling Maximum Likelihood Model
Outputting model result
57000 Iterations: Performing update (Visualization, outputting samples, etc.).
Visualizing
Profiling Maximum Likelihood Model
Outputting model result
58000 Iterations: Performing update (Visualization, outputting samples, etc.).
Visualizing
Profiling Maximum Likelihood Model
Outputting model result
59000 Iterations: Performing update (Visualization, outputting samples, etc.).
Visualizing
Profiling Maximum Likelihood Model
Outputting model result
60000 Iterations: Performing update (Visualization, outputting samples, etc.).
Visualizing
Profiling Maximum Likelihood Model
Outputting model result
61000 Iterations: Performing update (Visualization, outputting samples, etc.).
Visualizing
Profiling Maximum Likelihood Model
Outputting model result
62000 Iterations: Performing update (Visualization, outputting samples, etc.).
Visualizing
Profiling Maximum Likelihood Model
Outputting model result
63000 Iterations: Performing update (Visualization, outputting samples, etc.).
Visualizing
Profiling Maximum Likelihood Model
Outputting model result
64000 Iterations: Performing update (Visualization, outputting samples, etc.).
Visualizing
Profiling Maximum Likelihood Model
Outputting model result
65000 Iterations: Performing update (Visualization, outputting samples, etc.).
Visualizing
Profiling Maximum Likelihood Model
Outputting model result
66000 Iterations: Performing update (Visualization, outputting samples, etc.).
Visualizing
Profiling Maximum Likelihood Model
Outputting model result
67000 Iterations: Performing update (Visualization, outputting samples, etc.).
Visualizing
Profiling Maximum Likelihood Model
Outputting model result
68000 Iterations: Performing update (Visualization, outputting samples, etc.).
Visualizing
Profiling Maximum Likelihood Model
Outputting model result
69000 Iterations: Performing update (Visualization, outputting samples, etc.).
Visualizing
Profiling Maximum Likelihood Model
Outputting model result
70000 Iterations: Performing update (Visualization, outputting samples, etc.).
Visualizing
Profiling Maximum Likelihood Model
Outputting model result
71000 Iterations: Performing update (Visualization, outputting samples, etc.).
Visualizing
Profiling Maximum Likelihood Model
Outputting model result
72000 Iterations: Performing update (Visualization, outputting samples, etc.).
Visualizing
Profiling Maximum Likelihood Model
Outputting model result
73000 Iterations: Performing update (Visualization, outputting samples, etc.).
Visualizing
Profiling Maximum Likelihood Model
Outputting model result
74000 Iterations: Performing update (Visualization, outputting samples, etc.).
Visualizing
Profiling Maximum Likelihood Model
Outputting model result
75000 Iterations: Performing update (Visualization, outputting samples, etc.).
Visualizing
Profiling Maximum Likelihood Model
Outputting model result
76000 Iterations: Performing update (Visualization, outputting samples, etc.).
Visualizing
Profiling Maximum Likelihood Model
Outputting model result
77000 Iterations: Performing update (Visualization, outputting samples, etc.).
Visualizing
Profiling Maximum Likelihood Model
Outputting model result
78000 Iterations: Performing update (Visualization, outputting samples, etc.).
Visualizing
Profiling Maximum Likelihood Model
Outputting model result
79000 Iterations: Performing update (Visualization, outputting samples, etc.).
Visualizing
Profiling Maximum Likelihood Model
Outputting model result
80000 Iterations: Performing update (Visualization, outputting samples, etc.).
Visualizing
Profiling Maximum Likelihood Model
Outputting model result
81000 Iterations: Performing update (Visualization, outputting samples, etc.).
Visualizing
Profiling Maximum Likelihood Model
Outputting model result
82000 Iterations: Performing update (Visualization, outputting samples, etc.).
Visualizing
Profiling Maximum Likelihood Model
Outputting model result
83000 Iterations: Performing update (Visualization, outputting samples, etc.).
Visualizing
Profiling Maximum Likelihood Model
Outputting model result
84000 Iterations: Performing update (Visualization, outputting samples, etc.).
Visualizing
Profiling Maximum Likelihood Model
Outputting model result
85000 Iterations: Performing update (Visualization, outputting samples, etc.).
Visualizing
Profiling Maximum Likelihood Model
Outputting model result
86000 Iterations: Performing update (Visualization, outputting samples, etc.).
Visualizing
Profiling Maximum Likelihood Model
Outputting model result
87000 Iterations: Performing update (Visualization, outputting samples, etc.).
Visualizing
Profiling Maximum Likelihood Model
Outputting model result
88000 Iterations: Performing update (Visualization, outputting samples, etc.).
Visualizing
Profiling Maximum Likelihood Model
Outputting model result
89000 Iterations: Performing update (Visualization, outputting samples, etc.).
Visualizing
Profiling Maximum Likelihood Model
Outputting model result
90000 Iterations: Performing update (Visualization, outputting samples, etc.).
Visualizing
Profiling Maximum Likelihood Model
Outputting model result
91000 Iterations: Performing update (Visualization, outputting samples, etc.).
Visualizing
Profiling Maximum Likelihood Model
Outputting model result
92000 Iterations: Performing update (Visualization, outputting samples, etc.).
Visualizing
Profiling Maximum Likelihood Model
Outputting model result
93000 Iterations: Performing update (Visualization, outputting samples, etc.).
Visualizing
Profiling Maximum Likelihood Model
Outputting model result
94000 Iterations: Performing update (Visualization, outputting samples, etc.).
Visualizing
Profiling Maximum Likelihood Model
Outputting model result
95000 Iterations: Performing update (Visualization, outputting samples, etc.).
Visualizing
Profiling Maximum Likelihood Model
Outputting model result
96000 Iterations: Performing update (Visualization, outputting samples, etc.).
Visualizing
Profiling Maximum Likelihood Model
Outputting model result
97000 Iterations: Performing update (Visualization, outputting samples, etc.).
Visualizing
Profiling Maximum Likelihood Model
Outputting model result
98000 Iterations: Performing update (Visualization, outputting samples, etc.).
Visualizing
Profiling Maximum Likelihood Model
Outputting model result
99000 Iterations: Performing update (Visualization, outputting samples, etc.).
Visualizing
Profiling Maximum Likelihood Model
Outputting model result
100000 Iterations: Performing update (Visualization, outputting samples, etc.).
Visualizing
Profiling Maximum Likelihood Model
Outputting model result
101000 Iterations: Performing update (Visualization, outputting samples, etc.).
Visualizing
Profiling Maximum Likelihood Model
Outputting model result
102000 Iterations: Performing update (Visualization, outputting samples, etc.).
Visualizing
Profiling Maximum Likelihood Model
Outputting model result
103000 Iterations: Performing update (Visualization, outputting samples, etc.).
Visualizing
Profiling Maximum Likelihood Model
Outputting model result
104000 Iterations: Performing update (Visualization, outputting samples, etc.).
Visualizing
Profiling Maximum Likelihood Model
Outputting model result
105000 Iterations: Performing update (Visualization, outputting samples, etc.).
Visualizing
Profiling Maximum Likelihood Model
Outputting model result
106000 Iterations: Performing update (Visualization, outputting samples, etc.).
Visualizing
Profiling Maximum Likelihood Model
Outputting model result
107000 Iterations: Performing update (Visualization, outputting samples, etc.).
Visualizing
Profiling Maximum Likelihood Model
Outputting model result
108000 Iterations: Performing update (Visualization, outputting samples, etc.).
Visualizing
Profiling Maximum Likelihood Model
Outputting model result
109000 Iterations: Performing update (Visualization, outputting samples, etc.).
Visualizing
Profiling Maximum Likelihood Model
Outputting model result
110000 Iterations: Performing update (Visualization, outputting samples, etc.).
Visualizing
Profiling Maximum Likelihood Model
Outputting model result
111000 Iterations: Performing update (Visualization, outputting samples, etc.).
Visualizing
Profiling Maximum Likelihood Model
Outputting model result
112000 Iterations: Performing update (Visualization, outputting samples, etc.).
Visualizing
Profiling Maximum Likelihood Model
Outputting model result
113000 Iterations: Performing update (Visualization, outputting samples, etc.).
Visualizing
Profiling Maximum Likelihood Model
Outputting model result
114000 Iterations: Performing update (Visualization, outputting samples, etc.).
Visualizing
Profiling Maximum Likelihood Model
Outputting model result
115000 Iterations: Performing update (Visualization, outputting samples, etc.).
Visualizing
Profiling Maximum Likelihood Model
Outputting model result
116000 Iterations: Performing update (Visualization, outputting samples, etc.).
Visualizing
Profiling Maximum Likelihood Model
Outputting model result
117000 Iterations: Performing update (Visualization, outputting samples, etc.).
Visualizing
Profiling Maximum Likelihood Model
Outputting model result
118000 Iterations: Performing update (Visualization, outputting samples, etc.).
Visualizing
Profiling Maximum Likelihood Model
Outputting model result
119000 Iterations: Performing update (Visualization, outputting samples, etc.).
Visualizing
Profiling Maximum Likelihood Model
Outputting model result
120000 Iterations: Performing update (Visualization, outputting samples, etc.).
Visualizing
Profiling Maximum Likelihood Model
Outputting model result
121000 Iterations: Performing update (Visualization, outputting samples, etc.).
Visualizing
Profiling Maximum Likelihood Model
Outputting model result
122000 Iterations: Performing update (Visualization, outputting samples, etc.).
Visualizing
Profiling Maximum Likelihood Model
Outputting model result
123000 Iterations: Performing update (Visualization, outputting samples, etc.).
Visualizing
Profiling Maximum Likelihood Model
Outputting model result
124000 Iterations: Performing update (Visualization, outputting samples, etc.).
Visualizing
Profiling Maximum Likelihood Model
Outputting model result
125000 Iterations: Performing update (Visualization, outputting samples, etc.).
Visualizing
Profiling Maximum Likelihood Model
Outputting model result
126000 Iterations: Performing update (Visualization, outputting samples, etc.).
Visualizing
Profiling Maximum Likelihood Model
Outputting model result
127000 Iterations: Performing update (Visualization, outputting samples, etc.).
Visualizing
Profiling Maximum Likelihood Model
Outputting model result
128000 Iterations: Performing update (Visualization, outputting samples, etc.).
Visualizing
Profiling Maximum Likelihood Model
Outputting model result
129000 Iterations: Performing update (Visualization, outputting samples, etc.).
Visualizing
Profiling Maximum Likelihood Model
Outputting model result
130000 Iterations: Performing update (Visualization, outputting samples, etc.).
Visualizing
Profiling Maximum Likelihood Model
Outputting model result
131000 Iterations: Performing update (Visualization, outputting samples, etc.).
Visualizing
Profiling Maximum Likelihood Model
Outputting model result
132000 Iterations: Performing update (Visualization, outputting samples, etc.).
Visualizing
Profiling Maximum Likelihood Model
Outputting model result
133000 Iterations: Performing update (Visualization, outputting samples, etc.).
Visualizing
Profiling Maximum Likelihood Model
Outputting model result
134000 Iterations: Performing update (Visualization, outputting samples, etc.).
Visualizing
Profiling Maximum Likelihood Model
Outputting model result
135000 Iterations: Performing update (Visualization, outputting samples, etc.).
Visualizing
Profiling Maximum Likelihood Model
Outputting model result
136000 Iterations: Performing update (Visualization, outputting samples, etc.).
Visualizing
Profiling Maximum Likelihood Model
Outputting model result
137000 Iterations: Performing update (Visualization, outputting samples, etc.).
Visualizing
Profiling Maximum Likelihood Model
Outputting model result
138000 Iterations: Performing update (Visualization, outputting samples, etc.).
Visualizing
Profiling Maximum Likelihood Model
Outputting model result
139000 Iterations: Performing update (Visualization, outputting samples, etc.).
Visualizing
Profiling Maximum Likelihood Model
Outputting model result
140000 Iterations: Performing update (Visualization, outputting samples, etc.).
Visualizing
Profiling Maximum Likelihood Model
Outputting model result
141000 Iterations: Performing update (Visualization, outputting samples, etc.).
Visualizing
Profiling Maximum Likelihood Model
Outputting model result
142000 Iterations: Performing update (Visualization, outputting samples, etc.).
Visualizing
Profiling Maximum Likelihood Model
Outputting model result
143000 Iterations: Performing update (Visualization, outputting samples, etc.).
Visualizing
Profiling Maximum Likelihood Model
Outputting model result
144000 Iterations: Performing update (Visualization, outputting samples, etc.).
Visualizing
Profiling Maximum Likelihood Model
Outputting model result
145000 Iterations: Performing update (Visualization, outputting samples, etc.).
Visualizing
Profiling Maximum Likelihood Model
Outputting model result
146000 Iterations: Performing update (Visualization, outputting samples, etc.).
Visualizing
Profiling Maximum Likelihood Model
Outputting model result
147000 Iterations: Performing update (Visualization, outputting samples, etc.).
Visualizing
Profiling Maximum Likelihood Model
Outputting model result
148000 Iterations: Performing update (Visualization, outputting samples, etc.).
Visualizing
Profiling Maximum Likelihood Model
Outputting model result
149000 Iterations: Performing update (Visualization, outputting samples, etc.).
Visualizing
Profiling Maximum Likelihood Model
Outputting model result
150000 Iterations: Performing update (Visualization, outputting samples, etc.).
Visualizing
Profiling Maximum Likelihood Model
Outputting model result
151000 Iterations: Performing update (Visualization, outputting samples, etc.).
Visualizing
Profiling Maximum Likelihood Model
Outputting model result
152000 Iterations: Performing update (Visualization, outputting samples, etc.).
Visualizing
Profiling Maximum Likelihood Model
Outputting model result
153000 Iterations: Performing update (Visualization, outputting samples, etc.).
Visualizing
Profiling Maximum Likelihood Model
Outputting model result
154000 Iterations: Performing update (Visualization, outputting samples, etc.).
Visualizing
Profiling Maximum Likelihood Model
Outputting model result
155000 Iterations: Performing update (Visualization, outputting samples, etc.).
Visualizing
Profiling Maximum Likelihood Model
Outputting model result
156000 Iterations: Performing update (Visualization, outputting samples, etc.).
Visualizing
Profiling Maximum Likelihood Model
Outputting model result
157000 Iterations: Performing update (Visualization, outputting samples, etc.).
Visualizing
Profiling Maximum Likelihood Model
Outputting model result
158000 Iterations: Performing update (Visualization, outputting samples, etc.).
Visualizing
Profiling Maximum Likelihood Model
Outputting model result
159000 Iterations: Performing update (Visualization, outputting samples, etc.).
Visualizing
Profiling Maximum Likelihood Model
Outputting model result
160000 Iterations: Performing update (Visualization, outputting samples, etc.).
Visualizing
Profiling Maximum Likelihood Model
Outputting model result
161000 Iterations: Performing update (Visualization, outputting samples, etc.).
Visualizing
Profiling Maximum Likelihood Model
Outputting model result
162000 Iterations: Performing update (Visualization, outputting samples, etc.).
Visualizing
Profiling Maximum Likelihood Model
Outputting model result
163000 Iterations: Performing update (Visualization, outputting samples, etc.).
Visualizing
Profiling Maximum Likelihood Model
Outputting model result
164000 Iterations: Performing update (Visualization, outputting samples, etc.).
Visualizing
Profiling Maximum Likelihood Model
Outputting model result
165000 Iterations: Performing update (Visualization, outputting samples, etc.).
Visualizing
Profiling Maximum Likelihood Model
Outputting model result
166000 Iterations: Performing update (Visualization, outputting samples, etc.).
Visualizing
Profiling Maximum Likelihood Model
Outputting model result
167000 Iterations: Performing update (Visualization, outputting samples, etc.).
Visualizing
Profiling Maximum Likelihood Model
Outputting model result
168000 Iterations: Performing update (Visualization, outputting samples, etc.).
Visualizing
Profiling Maximum Likelihood Model
Outputting model result
169000 Iterations: Performing update (Visualization, outputting samples, etc.).
Visualizing
Profiling Maximum Likelihood Model
Outputting model result
170000 Iterations: Performing update (Visualization, outputting samples, etc.).
Visualizing
Profiling Maximum Likelihood Model
Outputting model result
171000 Iterations: Performing update (Visualization, outputting samples, etc.).
Visualizing
Profiling Maximum Likelihood Model
Outputting model result
172000 Iterations: Performing update (Visualization, outputting samples, etc.).
Visualizing
Profiling Maximum Likelihood Model
Outputting model result
173000 Iterations: Performing update (Visualization, outputting samples, etc.).
Visualizing
Profiling Maximum Likelihood Model
Outputting model result
174000 Iterations: Performing update (Visualization, outputting samples, etc.).
Visualizing
Profiling Maximum Likelihood Model
Outputting model result
175000 Iterations: Performing update (Visualization, outputting samples, etc.).
Visualizing
Profiling Maximum Likelihood Model
Outputting model result
176000 Iterations: Performing update (Visualization, outputting samples, etc.).
Visualizing
Profiling Maximum Likelihood Model
Outputting model result
177000 Iterations: Performing update (Visualization, outputting samples, etc.).
Visualizing
Profiling Maximum Likelihood Model
Outputting model result
178000 Iterations: Performing update (Visualization, outputting samples, etc.).
Visualizing
Profiling Maximum Likelihood Model
Outputting model result
179000 Iterations: Performing update (Visualization, outputting samples, etc.).
Visualizing
Profiling Maximum Likelihood Model
Outputting model result
180000 Iterations: Performing update (Visualization, outputting samples, etc.).
Visualizing
Profiling Maximum Likelihood Model
Outputting model result
181000 Iterations: Performing update (Visualization, outputting samples, etc.).
Visualizing
Profiling Maximum Likelihood Model
Outputting model result
182000 Iterations: Performing update (Visualization, outputting samples, etc.).
Visualizing
Profiling Maximum Likelihood Model
Outputting model result
183000 Iterations: Performing update (Visualization, outputting samples, etc.).
Visualizing
Profiling Maximum Likelihood Model
Outputting model result
184000 Iterations: Performing update (Visualization, outputting samples, etc.).
Visualizing
Profiling Maximum Likelihood Model
Outputting model result
185000 Iterations: Performing update (Visualization, outputting samples, etc.).
Visualizing
Profiling Maximum Likelihood Model
Outputting model result
186000 Iterations: Performing update (Visualization, outputting samples, etc.).
Visualizing
Profiling Maximum Likelihood Model
Outputting model result
187000 Iterations: Performing update (Visualization, outputting samples, etc.).
Visualizing
Profiling Maximum Likelihood Model
Outputting model result
Saving path info
Not complete. Starting non-linear search.
number_of_cores == 1...
...not using pool
Existing Dynesty samples found, resuming non-linear search.
1000 Iterations: Performing update (Visualization, outputting samples, etc.).
Visualizing
Profiling Maximum Likelihood Model
Outputting model result
2000 Iterations: Performing update (Visualization, outputting samples, etc.).
Visualizing
Profiling Maximum Likelihood Model
Outputting model result
3000 Iterations: Performing update (Visualization, outputting samples, etc.).
Visualizing
Profiling Maximum Likelihood Model
Outputting model result
4000 Iterations: Performing update (Visualization, outputting samples, etc.).
Visualizing
Profiling Maximum Likelihood Model
Outputting model result
5000 Iterations: Performing update (Visualization, outputting samples, etc.).
Visualizing
Profiling Maximum Likelihood Model
Outputting model result
6000 Iterations: Performing update (Visualization, outputting samples, etc.).
Visualizing
Profiling Maximum Likelihood Model
Outputting model result
7000 Iterations: Performing update (Visualization, outputting samples, etc.).
Visualizing
Profiling Maximum Likelihood Model
Outputting model result
8000 Iterations: Performing update (Visualization, outputting samples, etc.).
Visualizing
Profiling Maximum Likelihood Model
Outputting model result
9000 Iterations: Performing update (Visualization, outputting samples, etc.).
Visualizing
Profiling Maximum Likelihood Model
Outputting model result
10000 Iterations: Performing update (Visualization, outputting samples, etc.).
Visualizing
Profiling Maximum Likelihood Model
Outputting model result
11000 Iterations: Performing update (Visualization, outputting samples, etc.).
Visualizing
Profiling Maximum Likelihood Model
Outputting model result
12000 Iterations: Performing update (Visualization, outputting samples, etc.).
Visualizing
Profiling Maximum Likelihood Model
Outputting model result
13000 Iterations: Performing update (Visualization, outputting samples, etc.).
Visualizing
Profiling Maximum Likelihood Model
Outputting model result
14000 Iterations: Performing update (Visualization, outputting samples, etc.).
Visualizing
Profiling Maximum Likelihood Model
Outputting model result
15000 Iterations: Performing update (Visualization, outputting samples, etc.).
Visualizing
Profiling Maximum Likelihood Model
Outputting model result
16000 Iterations: Performing update (Visualization, outputting samples, etc.).
Visualizing
Profiling Maximum Likelihood Model
Outputting model result
17000 Iterations: Performing update (Visualization, outputting samples, etc.).
Visualizing
Profiling Maximum Likelihood Model
Outputting model result
18000 Iterations: Performing update (Visualization, outputting samples, etc.).
Visualizing
Profiling Maximum Likelihood Model
Outputting model result
19000 Iterations: Performing update (Visualization, outputting samples, etc.).
Visualizing
Profiling Maximum Likelihood Model
Outputting model result
20000 Iterations: Performing update (Visualization, outputting samples, etc.).
Visualizing
Profiling Maximum Likelihood Model
Outputting model result
21000 Iterations: Performing update (Visualization, outputting samples, etc.).
Visualizing
Profiling Maximum Likelihood Model
Outputting model result
22000 Iterations: Performing update (Visualization, outputting samples, etc.).
Visualizing
Profiling Maximum Likelihood Model
Outputting model result
23000 Iterations: Performing update (Visualization, outputting samples, etc.).
Visualizing
Profiling Maximum Likelihood Model
Outputting model result
24000 Iterations: Performing update (Visualization, outputting samples, etc.).
Visualizing
Profiling Maximum Likelihood Model
Outputting model result
25000 Iterations: Performing update (Visualization, outputting samples, etc.).
Visualizing
Profiling Maximum Likelihood Model
Outputting model result
26000 Iterations: Performing update (Visualization, outputting samples, etc.).
Visualizing
Profiling Maximum Likelihood Model
Outputting model result
27000 Iterations: Performing update (Visualization, outputting samples, etc.).
Visualizing
Profiling Maximum Likelihood Model
Outputting model result
28000 Iterations: Performing update (Visualization, outputting samples, etc.).
Visualizing
Profiling Maximum Likelihood Model
Outputting model result
29000 Iterations: Performing update (Visualization, outputting samples, etc.).
Visualizing
Profiling Maximum Likelihood Model
Outputting model result
30000 Iterations: Performing update (Visualization, outputting samples, etc.).
Visualizing
Profiling Maximum Likelihood Model
Outputting model result
31000 Iterations: Performing update (Visualization, outputting samples, etc.).
Visualizing
Profiling Maximum Likelihood Model
Outputting model result
32000 Iterations: Performing update (Visualization, outputting samples, etc.).
Visualizing
Profiling Maximum Likelihood Model
Outputting model result
33000 Iterations: Performing update (Visualization, outputting samples, etc.).
Visualizing
Profiling Maximum Likelihood Model
Outputting model result
34000 Iterations: Performing update (Visualization, outputting samples, etc.).
Visualizing
Profiling Maximum Likelihood Model
Outputting model result
35000 Iterations: Performing update (Visualization, outputting samples, etc.).
Visualizing
Profiling Maximum Likelihood Model
Outputting model result
36000 Iterations: Performing update (Visualization, outputting samples, etc.).
Visualizing
Profiling Maximum Likelihood Model
Outputting model result
37000 Iterations: Performing update (Visualization, outputting samples, etc.).
Visualizing
Profiling Maximum Likelihood Model
Outputting model result
38000 Iterations: Performing update (Visualization, outputting samples, etc.).
Visualizing
Profiling Maximum Likelihood Model
Outputting model result
39000 Iterations: Performing update (Visualization, outputting samples, etc.).
Visualizing
Profiling Maximum Likelihood Model
Outputting model result
40000 Iterations: Performing update (Visualization, outputting samples, etc.).
Visualizing
Profiling Maximum Likelihood Model
Outputting model result
41000 Iterations: Performing update (Visualization, outputting samples, etc.).
Visualizing
Profiling Maximum Likelihood Model
Outputting model result
42000 Iterations: Performing update (Visualization, outputting samples, etc.).
Visualizing
Profiling Maximum Likelihood Model
Outputting model result
43000 Iterations: Performing update (Visualization, outputting samples, etc.).
Visualizing
Profiling Maximum Likelihood Model
Outputting model result
44000 Iterations: Performing update (Visualization, outputting samples, etc.).
Visualizing
Profiling Maximum Likelihood Model
Outputting model result
45000 Iterations: Performing update (Visualization, outputting samples, etc.).
Visualizing
Profiling Maximum Likelihood Model
Outputting model result
46000 Iterations: Performing update (Visualization, outputting samples, etc.).
Visualizing
Profiling Maximum Likelihood Model
Outputting model result
47000 Iterations: Performing update (Visualization, outputting samples, etc.).
Visualizing
Profiling Maximum Likelihood Model
Outputting model result
48000 Iterations: Performing update (Visualization, outputting samples, etc.).
Visualizing
Profiling Maximum Likelihood Model
Outputting model result
49000 Iterations: Performing update (Visualization, outputting samples, etc.).
Visualizing
Profiling Maximum Likelihood Model
Outputting model result
50000 Iterations: Performing update (Visualization, outputting samples, etc.).
Visualizing
Profiling Maximum Likelihood Model
Outputting model result
51000 Iterations: Performing update (Visualization, outputting samples, etc.).
Visualizing
Profiling Maximum Likelihood Model
Outputting model result
52000 Iterations: Performing update (Visualization, outputting samples, etc.).
Visualizing
Profiling Maximum Likelihood Model
Outputting model result
53000 Iterations: Performing update (Visualization, outputting samples, etc.).
Visualizing
Profiling Maximum Likelihood Model
Outputting model result
54000 Iterations: Performing update (Visualization, outputting samples, etc.).
Visualizing
Profiling Maximum Likelihood Model
Outputting model result
55000 Iterations: Performing update (Visualization, outputting samples, etc.).
Visualizing
Profiling Maximum Likelihood Model
Outputting model result
56000 Iterations: Performing update (Visualization, outputting samples, etc.).
Visualizing
Profiling Maximum Likelihood Model
Outputting model result
57000 Iterations: Performing update (Visualization, outputting samples, etc.).
Visualizing
Profiling Maximum Likelihood Model
Outputting model result
58000 Iterations: Performing update (Visualization, outputting samples, etc.).
Visualizing
Profiling Maximum Likelihood Model
Outputting model result
59000 Iterations: Performing update (Visualization, outputting samples, etc.).
Visualizing
Profiling Maximum Likelihood Model
Outputting model result
60000 Iterations: Performing update (Visualization, outputting samples, etc.).
Visualizing
Profiling Maximum Likelihood Model
Outputting model result
61000 Iterations: Performing update (Visualization, outputting samples, etc.).
Visualizing
Profiling Maximum Likelihood Model
Outputting model result
62000 Iterations: Performing update (Visualization, outputting samples, etc.).
Visualizing
Profiling Maximum Likelihood Model
Outputting model result
63000 Iterations: Performing update (Visualization, outputting samples, etc.).
Visualizing
Profiling Maximum Likelihood Model
Outputting model result
64000 Iterations: Performing update (Visualization, outputting samples, etc.).
Visualizing
Profiling Maximum Likelihood Model
Outputting model result
65000 Iterations: Performing update (Visualization, outputting samples, etc.).
Visualizing
Profiling Maximum Likelihood Model
Outputting model result
66000 Iterations: Performing update (Visualization, outputting samples, etc.).
Visualizing
Profiling Maximum Likelihood Model
Outputting model result
67000 Iterations: Performing update (Visualization, outputting samples, etc.).
Visualizing
Profiling Maximum Likelihood Model
Outputting model result
68000 Iterations: Performing update (Visualization, outputting samples, etc.).
Visualizing
Profiling Maximum Likelihood Model
Outputting model result
69000 Iterations: Performing update (Visualization, outputting samples, etc.).
Visualizing
Profiling Maximum Likelihood Model
Outputting model result
70000 Iterations: Performing update (Visualization, outputting samples, etc.).
Visualizing
Profiling Maximum Likelihood Model
Outputting model result
71000 Iterations: Performing update (Visualization, outputting samples, etc.).
Visualizing
Profiling Maximum Likelihood Model
Outputting model result
72000 Iterations: Performing update (Visualization, outputting samples, etc.).
Visualizing
Profiling Maximum Likelihood Model
Outputting model result
73000 Iterations: Performing update (Visualization, outputting samples, etc.).
Visualizing
Profiling Maximum Likelihood Model
Outputting model result
74000 Iterations: Performing update (Visualization, outputting samples, etc.).
Visualizing
Profiling Maximum Likelihood Model
Outputting model result
75000 Iterations: Performing update (Visualization, outputting samples, etc.).
Visualizing
Profiling Maximum Likelihood Model
Outputting model result
76000 Iterations: Performing update (Visualization, outputting samples, etc.).
Visualizing
Profiling Maximum Likelihood Model
Outputting model result
77000 Iterations: Performing update (Visualization, outputting samples, etc.).
Visualizing
Profiling Maximum Likelihood Model
Outputting model result
78000 Iterations: Performing update (Visualization, outputting samples, etc.).
Visualizing
Profiling Maximum Likelihood Model
Outputting model result
79000 Iterations: Performing update (Visualization, outputting samples, etc.).
Visualizing
Profiling Maximum Likelihood Model
Outputting model result
80000 Iterations: Performing update (Visualization, outputting samples, etc.).
Visualizing
Profiling Maximum Likelihood Model
Outputting model result
81000 Iterations: Performing update (Visualization, outputting samples, etc.).
Visualizing
Profiling Maximum Likelihood Model
Outputting model result
82000 Iterations: Performing update (Visualization, outputting samples, etc.).
Visualizing
Profiling Maximum Likelihood Model
Outputting model result
83000 Iterations: Performing update (Visualization, outputting samples, etc.).
Visualizing
Profiling Maximum Likelihood Model
Outputting model result
84000 Iterations: Performing update (Visualization, outputting samples, etc.).
Visualizing
Profiling Maximum Likelihood Model
Outputting model result
85000 Iterations: Performing update (Visualization, outputting samples, etc.).
Visualizing
Profiling Maximum Likelihood Model
Outputting model result
86000 Iterations: Performing update (Visualization, outputting samples, etc.).
Visualizing
Profiling Maximum Likelihood Model
Outputting model result
87000 Iterations: Performing update (Visualization, outputting samples, etc.).
Visualizing
Profiling Maximum Likelihood Model
Outputting model result
88000 Iterations: Performing update (Visualization, outputting samples, etc.).
Visualizing
Profiling Maximum Likelihood Model
Outputting model result
89000 Iterations: Performing update (Visualization, outputting samples, etc.).
Visualizing
Profiling Maximum Likelihood Model
Outputting model result
90000 Iterations: Performing update (Visualization, outputting samples, etc.).
Visualizing
Profiling Maximum Likelihood Model
Outputting model result
91000 Iterations: Performing update (Visualization, outputting samples, etc.).
Visualizing
Profiling Maximum Likelihood Model
Outputting model result
92000 Iterations: Performing update (Visualization, outputting samples, etc.).
Visualizing
Profiling Maximum Likelihood Model
Outputting model result
93000 Iterations: Performing update (Visualization, outputting samples, etc.).
Visualizing
Profiling Maximum Likelihood Model
Outputting model result
94000 Iterations: Performing update (Visualization, outputting samples, etc.).
Visualizing
Profiling Maximum Likelihood Model
Outputting model result
95000 Iterations: Performing update (Visualization, outputting samples, etc.).
Visualizing
Profiling Maximum Likelihood Model
Outputting model result
96000 Iterations: Performing update (Visualization, outputting samples, etc.).
Visualizing
Profiling Maximum Likelihood Model
Outputting model result
97000 Iterations: Performing update (Visualization, outputting samples, etc.).
Visualizing
Profiling Maximum Likelihood Model
Outputting model result
98000 Iterations: Performing update (Visualization, outputting samples, etc.).
Visualizing
Profiling Maximum Likelihood Model
Outputting model result
99000 Iterations: Performing update (Visualization, outputting samples, etc.).
Visualizing
Profiling Maximum Likelihood Model
Outputting model result
100000 Iterations: Performing update (Visualization, outputting samples, etc.).
Visualizing
Profiling Maximum Likelihood Model
Outputting model result
101000 Iterations: Performing update (Visualization, outputting samples, etc.).
Visualizing
Profiling Maximum Likelihood Model
Outputting model result
102000 Iterations: Performing update (Visualization, outputting samples, etc.).
Visualizing
Profiling Maximum Likelihood Model
Outputting model result
103000 Iterations: Performing update (Visualization, outputting samples, etc.).
Visualizing
Profiling Maximum Likelihood Model
Outputting model result
104000 Iterations: Performing update (Visualization, outputting samples, etc.).
Visualizing
Profiling Maximum Likelihood Model
Outputting model result
105000 Iterations: Performing update (Visualization, outputting samples, etc.).
Visualizing
Profiling Maximum Likelihood Model
Outputting model result
106000 Iterations: Performing update (Visualization, outputting samples, etc.).
Visualizing
Profiling Maximum Likelihood Model
Outputting model result
107000 Iterations: Performing update (Visualization, outputting samples, etc.).
Visualizing
Profiling Maximum Likelihood Model
Outputting model result
108000 Iterations: Performing update (Visualization, outputting samples, etc.).
Visualizing
Profiling Maximum Likelihood Model
Outputting model result
109000 Iterations: Performing update (Visualization, outputting samples, etc.).
Visualizing
Profiling Maximum Likelihood Model
Outputting model result
110000 Iterations: Performing update (Visualization, outputting samples, etc.).
Visualizing
Profiling Maximum Likelihood Model
Outputting model result
111000 Iterations: Performing update (Visualization, outputting samples, etc.).
Visualizing
Profiling Maximum Likelihood Model
Outputting model result
112000 Iterations: Performing update (Visualization, outputting samples, etc.).
Visualizing
Profiling Maximum Likelihood Model
Outputting model result
113000 Iterations: Performing update (Visualization, outputting samples, etc.).
Visualizing
Profiling Maximum Likelihood Model
Outputting model result
114000 Iterations: Performing update (Visualization, outputting samples, etc.).
Visualizing
Profiling Maximum Likelihood Model
Outputting model result
115000 Iterations: Performing update (Visualization, outputting samples, etc.).
Visualizing
Profiling Maximum Likelihood Model
Outputting model result
116000 Iterations: Performing update (Visualization, outputting samples, etc.).
Visualizing
Profiling Maximum Likelihood Model
Outputting model result
117000 Iterations: Performing update (Visualization, outputting samples, etc.).
Visualizing
Profiling Maximum Likelihood Model
Outputting model result
118000 Iterations: Performing update (Visualization, outputting samples, etc.).
Visualizing
Profiling Maximum Likelihood Model
Outputting model result
119000 Iterations: Performing update (Visualization, outputting samples, etc.).
Visualizing
Profiling Maximum Likelihood Model
Outputting model result
120000 Iterations: Performing update (Visualization, outputting samples, etc.).
Visualizing
Profiling Maximum Likelihood Model
Outputting model result
121000 Iterations: Performing update (Visualization, outputting samples, etc.).
Visualizing
Profiling Maximum Likelihood Model
Outputting model result
122000 Iterations: Performing update (Visualization, outputting samples, etc.).
Visualizing
Profiling Maximum Likelihood Model
Outputting model result
123000 Iterations: Performing update (Visualization, outputting samples, etc.).
Visualizing
Profiling Maximum Likelihood Model
Outputting model result
124000 Iterations: Performing update (Visualization, outputting samples, etc.).
Visualizing
Profiling Maximum Likelihood Model
Outputting model result
125000 Iterations: Performing update (Visualization, outputting samples, etc.).
Visualizing
Profiling Maximum Likelihood Model
Outputting model result
126000 Iterations: Performing update (Visualization, outputting samples, etc.).
Visualizing
Profiling Maximum Likelihood Model
Outputting model result
127000 Iterations: Performing update (Visualization, outputting samples, etc.).
Visualizing
Profiling Maximum Likelihood Model
Outputting model result
128000 Iterations: Performing update (Visualization, outputting samples, etc.).
Visualizing
Profiling Maximum Likelihood Model
Outputting model result
129000 Iterations: Performing update (Visualization, outputting samples, etc.).
Visualizing
Profiling Maximum Likelihood Model
Outputting model result
130000 Iterations: Performing update (Visualization, outputting samples, etc.).
Visualizing
Profiling Maximum Likelihood Model
Outputting model result
131000 Iterations: Performing update (Visualization, outputting samples, etc.).
Visualizing
Profiling Maximum Likelihood Model
Outputting model result
132000 Iterations: Performing update (Visualization, outputting samples, etc.).
Visualizing
Profiling Maximum Likelihood Model
Outputting model result
133000 Iterations: Performing update (Visualization, outputting samples, etc.).
Visualizing
Profiling Maximum Likelihood Model
Outputting model result
134000 Iterations: Performing update (Visualization, outputting samples, etc.).
Visualizing
Profiling Maximum Likelihood Model
Outputting model result
135000 Iterations: Performing update (Visualization, outputting samples, etc.).
Visualizing
Profiling Maximum Likelihood Model
Outputting model result
136000 Iterations: Performing update (Visualization, outputting samples, etc.).
Visualizing
Profiling Maximum Likelihood Model
Outputting model result
137000 Iterations: Performing update (Visualization, outputting samples, etc.).
Visualizing
Profiling Maximum Likelihood Model
Outputting model result
138000 Iterations: Performing update (Visualization, outputting samples, etc.).
Visualizing
Profiling Maximum Likelihood Model
Outputting model result
139000 Iterations: Performing update (Visualization, outputting samples, etc.).
Visualizing
Profiling Maximum Likelihood Model
Outputting model result
140000 Iterations: Performing update (Visualization, outputting samples, etc.).
Visualizing
Profiling Maximum Likelihood Model
Outputting model result
141000 Iterations: Performing update (Visualization, outputting samples, etc.).
Visualizing
Profiling Maximum Likelihood Model
Outputting model result
142000 Iterations: Performing update (Visualization, outputting samples, etc.).
Visualizing
Profiling Maximum Likelihood Model
Outputting model result
143000 Iterations: Performing update (Visualization, outputting samples, etc.).
Visualizing
Profiling Maximum Likelihood Model
Outputting model result
144000 Iterations: Performing update (Visualization, outputting samples, etc.).
Visualizing
Profiling Maximum Likelihood Model
Outputting model result
145000 Iterations: Performing update (Visualization, outputting samples, etc.).
Visualizing
Profiling Maximum Likelihood Model
Outputting model result
146000 Iterations: Performing update (Visualization, outputting samples, etc.).
Visualizing
Profiling Maximum Likelihood Model
Outputting model result
147000 Iterations: Performing update (Visualization, outputting samples, etc.).
Visualizing
Profiling Maximum Likelihood Model
Outputting model result
148000 Iterations: Performing update (Visualization, outputting samples, etc.).
Visualizing
Profiling Maximum Likelihood Model
Outputting model result
149000 Iterations: Performing update (Visualization, outputting samples, etc.).
Visualizing
Profiling Maximum Likelihood Model
Outputting model result
150000 Iterations: Performing update (Visualization, outputting samples, etc.).
Visualizing
Profiling Maximum Likelihood Model
Outputting model result
151000 Iterations: Performing update (Visualization, outputting samples, etc.).
Visualizing
Profiling Maximum Likelihood Model
Outputting model result
152000 Iterations: Performing update (Visualization, outputting samples, etc.).
Visualizing
Profiling Maximum Likelihood Model
Outputting model result
153000 Iterations: Performing update (Visualization, outputting samples, etc.).
Visualizing
Profiling Maximum Likelihood Model
Outputting model result
154000 Iterations: Performing update (Visualization, outputting samples, etc.).
Visualizing
Profiling Maximum Likelihood Model
Outputting model result
155000 Iterations: Performing update (Visualization, outputting samples, etc.).
Visualizing
Profiling Maximum Likelihood Model
Outputting model result
156000 Iterations: Performing update (Visualization, outputting samples, etc.).
Visualizing
Profiling Maximum Likelihood Model
Outputting model result
157000 Iterations: Performing update (Visualization, outputting samples, etc.).
Visualizing
Profiling Maximum Likelihood Model
Outputting model result
158000 Iterations: Performing update (Visualization, outputting samples, etc.).
Visualizing
Profiling Maximum Likelihood Model
Outputting model result
159000 Iterations: Performing update (Visualization, outputting samples, etc.).
Visualizing
Profiling Maximum Likelihood Model
Outputting model result
160000 Iterations: Performing update (Visualization, outputting samples, etc.).
Visualizing
Profiling Maximum Likelihood Model
Outputting model result
161000 Iterations: Performing update (Visualization, outputting samples, etc.).
Visualizing
Profiling Maximum Likelihood Model
Outputting model result
162000 Iterations: Performing update (Visualization, outputting samples, etc.).
Visualizing
Profiling Maximum Likelihood Model
Outputting model result
163000 Iterations: Performing update (Visualization, outputting samples, etc.).
Visualizing
Profiling Maximum Likelihood Model
Outputting model result
164000 Iterations: Performing update (Visualization, outputting samples, etc.).
Visualizing
Profiling Maximum Likelihood Model
Outputting model result
165000 Iterations: Performing update (Visualization, outputting samples, etc.).
Visualizing
Profiling Maximum Likelihood Model
Outputting model result
166000 Iterations: Performing update (Visualization, outputting samples, etc.).
Visualizing
Profiling Maximum Likelihood Model
Outputting model result
167000 Iterations: Performing update (Visualization, outputting samples, etc.).
Visualizing
Profiling Maximum Likelihood Model
Outputting model result
168000 Iterations: Performing update (Visualization, outputting samples, etc.).
Visualizing
Profiling Maximum Likelihood Model
Outputting model result
169000 Iterations: Performing update (Visualization, outputting samples, etc.).
Visualizing
Profiling Maximum Likelihood Model
Outputting model result
170000 Iterations: Performing update (Visualization, outputting samples, etc.).
Visualizing
Profiling Maximum Likelihood Model
Outputting model result
171000 Iterations: Performing update (Visualization, outputting samples, etc.).
Visualizing
Profiling Maximum Likelihood Model
Outputting model result
172000 Iterations: Performing update (Visualization, outputting samples, etc.).
Visualizing
Profiling Maximum Likelihood Model
Outputting model result
173000 Iterations: Performing update (Visualization, outputting samples, etc.).
Visualizing
Profiling Maximum Likelihood Model
Outputting model result
174000 Iterations: Performing update (Visualization, outputting samples, etc.).
Visualizing
Profiling Maximum Likelihood Model
Outputting model result
175000 Iterations: Performing update (Visualization, outputting samples, etc.).
Visualizing
Profiling Maximum Likelihood Model
Outputting model result
176000 Iterations: Performing update (Visualization, outputting samples, etc.).
Visualizing
Profiling Maximum Likelihood Model
Outputting model result
177000 Iterations: Performing update (Visualization, outputting samples, etc.).
Visualizing
Profiling Maximum Likelihood Model
Outputting model result
178000 Iterations: Performing update (Visualization, outputting samples, etc.).
Visualizing
Profiling Maximum Likelihood Model
Outputting model result
179000 Iterations: Performing update (Visualization, outputting samples, etc.).
Visualizing
Profiling Maximum Likelihood Model
Outputting model result
180000 Iterations: Performing update (Visualization, outputting samples, etc.).
Visualizing
Profiling Maximum Likelihood Model
Outputting model result
181000 Iterations: Performing update (Visualization, outputting samples, etc.).
Visualizing
Profiling Maximum Likelihood Model
Outputting model result
182000 Iterations: Performing update (Visualization, outputting samples, etc.).
Visualizing
Profiling Maximum Likelihood Model
Outputting model result
183000 Iterations: Performing update (Visualization, outputting samples, etc.).
Visualizing
Profiling Maximum Likelihood Model
Outputting model result
184000 Iterations: Performing update (Visualization, outputting samples, etc.).
Visualizing
Profiling Maximum Likelihood Model
Outputting model result
185000 Iterations: Performing update (Visualization, outputting samples, etc.).
Visualizing
Profiling Maximum Likelihood Model
Outputting model result
186000 Iterations: Performing update (Visualization, outputting samples, etc.).
Visualizing
Profiling Maximum Likelihood Model
Outputting model result
187000 Iterations: Performing update (Visualization, outputting samples, etc.).
Visualizing
Profiling Maximum Likelihood Model
Outputting model result
188000 Iterations: Performing update (Visualization, outputting samples, etc.).
Visualizing
Profiling Maximum Likelihood Model
Outputting model result
189000 Iterations: Performing update (Visualization, outputting samples, etc.).
Visualizing
Profiling Maximum Likelihood Model
Outputting model result
190000 Iterations: Performing update (Visualization, outputting samples, etc.).
Visualizing
Profiling Maximum Likelihood Model
Outputting model result
191000 Iterations: Performing update (Visualization, outputting samples, etc.).
Visualizing
Profiling Maximum Likelihood Model
Outputting model result
192000 Iterations: Performing update (Visualization, outputting samples, etc.).
Visualizing
Profiling Maximum Likelihood Model
Outputting model result
193000 Iterations: Performing update (Visualization, outputting samples, etc.).
Visualizing
Profiling Maximum Likelihood Model
Outputting model result
194000 Iterations: Performing update (Visualization, outputting samples, etc.).
Visualizing
Profiling Maximum Likelihood Model
Outputting model result
195000 Iterations: Performing update (Visualization, outputting samples, etc.).
Visualizing
Profiling Maximum Likelihood Model
Outputting model result
196000 Iterations: Performing update (Visualization, outputting samples, etc.).
Visualizing
Profiling Maximum Likelihood Model
Outputting model result
197000 Iterations: Performing update (Visualization, outputting samples, etc.).
Visualizing
Saving path info
Not complete. Starting non-linear search.
number_of_cores == 1...
...not using pool
Existing Dynesty samples found, resuming non-linear search.
1000 Iterations: Performing update (Visualization, outputting samples, etc.).
Visualizing
Profiling Maximum Likelihood Model
Outputting model result
2000 Iterations: Performing update (Visualization, outputting samples, etc.).
Visualizing
Profiling Maximum Likelihood Model
Outputting model result
3000 Iterations: Performing update (Visualization, outputting samples, etc.).
Visualizing
Profiling Maximum Likelihood Model
Outputting model result
4000 Iterations: Performing update (Visualization, outputting samples, etc.).
Visualizing
Profiling Maximum Likelihood Model
Outputting model result
5000 Iterations: Performing update (Visualization, outputting samples, etc.).
Visualizing
Profiling Maximum Likelihood Model
Outputting model result
6000 Iterations: Performing update (Visualization, outputting samples, etc.).
Visualizing
Profiling Maximum Likelihood Model
Outputting model result
7000 Iterations: Performing update (Visualization, outputting samples, etc.).
Visualizing
Profiling Maximum Likelihood Model
Outputting model result
8000 Iterations: Performing update (Visualization, outputting samples, etc.).
Visualizing
Profiling Maximum Likelihood Model
Outputting model result
9000 Iterations: Performing update (Visualization, outputting samples, etc.).
Visualizing
Profiling Maximum Likelihood Model
Outputting model result
10000 Iterations: Performing update (Visualization, outputting samples, etc.).
Visualizing
Profiling Maximum Likelihood Model
Outputting model result
11000 Iterations: Performing update (Visualization, outputting samples, etc.).
Visualizing
Profiling Maximum Likelihood Model
Outputting model result
12000 Iterations: Performing update (Visualization, outputting samples, etc.).
Visualizing
Profiling Maximum Likelihood Model
Outputting model result
13000 Iterations: Performing update (Visualization, outputting samples, etc.).
Visualizing
Profiling Maximum Likelihood Model
Outputting model result
14000 Iterations: Performing update (Visualization, outputting samples, etc.).
Visualizing
Profiling Maximum Likelihood Model
Outputting model result
15000 Iterations: Performing update (Visualization, outputting samples, etc.).
Visualizing
Profiling Maximum Likelihood Model
Outputting model result
16000 Iterations: Performing update (Visualization, outputting samples, etc.).
Visualizing
Profiling Maximum Likelihood Model
Outputting model result
17000 Iterations: Performing update (Visualization, outputting samples, etc.).
Visualizing
Profiling Maximum Likelihood Model
Outputting model result
18000 Iterations: Performing update (Visualization, outputting samples, etc.).
Visualizing
Profiling Maximum Likelihood Model
Outputting model result
19000 Iterations: Performing update (Visualization, outputting samples, etc.).
Visualizing
Profiling Maximum Likelihood Model
Outputting model result
20000 Iterations: Performing update (Visualization, outputting samples, etc.).
Visualizing
Profiling Maximum Likelihood Model
Outputting model result
21000 Iterations: Performing update (Visualization, outputting samples, etc.).
Visualizing
Profiling Maximum Likelihood Model
Outputting model result
22000 Iterations: Performing update (Visualization, outputting samples, etc.).
Visualizing
Profiling Maximum Likelihood Model
Outputting model result
23000 Iterations: Performing update (Visualization, outputting samples, etc.).
Visualizing
Profiling Maximum Likelihood Model
Outputting model result
24000 Iterations: Performing update (Visualization, outputting samples, etc.).
Visualizing
Profiling Maximum Likelihood Model
Outputting model result
25000 Iterations: Performing update (Visualization, outputting samples, etc.).
Visualizing
Profiling Maximum Likelihood Model
Outputting model result
26000 Iterations: Performing update (Visualization, outputting samples, etc.).
Visualizing
Profiling Maximum Likelihood Model
Outputting model result
27000 Iterations: Performing update (Visualization, outputting samples, etc.).
Visualizing
Profiling Maximum Likelihood Model
Outputting model result
28000 Iterations: Performing update (Visualization, outputting samples, etc.).
Visualizing
Profiling Maximum Likelihood Model
Outputting model result
29000 Iterations: Performing update (Visualization, outputting samples, etc.).
Visualizing
Profiling Maximum Likelihood Model
Outputting model result
30000 Iterations: Performing update (Visualization, outputting samples, etc.).
Visualizing
Profiling Maximum Likelihood Model
Outputting model result
31000 Iterations: Performing update (Visualization, outputting samples, etc.).
Visualizing
Profiling Maximum Likelihood Model
Outputting model result
32000 Iterations: Performing update (Visualization, outputting samples, etc.).
Visualizing
Profiling Maximum Likelihood Model
Outputting model result
33000 Iterations: Performing update (Visualization, outputting samples, etc.).
Visualizing
Profiling Maximum Likelihood Model
Outputting model result
34000 Iterations: Performing update (Visualization, outputting samples, etc.).
Visualizing
Profiling Maximum Likelihood Model
Outputting model result
35000 Iterations: Performing update (Visualization, outputting samples, etc.).
Visualizing
Profiling Maximum Likelihood Model
Outputting model result
36000 Iterations: Performing update (Visualization, outputting samples, etc.).
Visualizing
Profiling Maximum Likelihood Model
Outputting model result
37000 Iterations: Performing update (Visualization, outputting samples, etc.).
Visualizing
Profiling Maximum Likelihood Model
Outputting model result
38000 Iterations: Performing update (Visualization, outputting samples, etc.).
Visualizing
Profiling Maximum Likelihood Model
Outputting model result
39000 Iterations: Performing update (Visualization, outputting samples, etc.).
Visualizing
Profiling Maximum Likelihood Model
Outputting model result
40000 Iterations: Performing update (Visualization, outputting samples, etc.).
Visualizing
Profiling Maximum Likelihood Model
Outputting model result
41000 Iterations: Performing update (Visualization, outputting samples, etc.).
Visualizing
Profiling Maximum Likelihood Model
Outputting model result
42000 Iterations: Performing update (Visualization, outputting samples, etc.).
Visualizing
Profiling Maximum Likelihood Model
Outputting model result
43000 Iterations: Performing update (Visualization, outputting samples, etc.).
Visualizing
Profiling Maximum Likelihood Model
Outputting model result
44000 Iterations: Performing update (Visualization, outputting samples, etc.).
Visualizing
Profiling Maximum Likelihood Model
Outputting model result
45000 Iterations: Performing update (Visualization, outputting samples, etc.).
Visualizing
Profiling Maximum Likelihood Model
Outputting model result
46000 Iterations: Performing update (Visualization, outputting samples, etc.).
Visualizing
Profiling Maximum Likelihood Model
Outputting model result
47000 Iterations: Performing update (Visualization, outputting samples, etc.).
Visualizing
Profiling Maximum Likelihood Model
Outputting model result
48000 Iterations: Performing update (Visualization, outputting samples, etc.).
Visualizing
Profiling Maximum Likelihood Model
Outputting model result
49000 Iterations: Performing update (Visualization, outputting samples, etc.).
Visualizing
Profiling Maximum Likelihood Model
Outputting model result
50000 Iterations: Performing update (Visualization, outputting samples, etc.).
Visualizing
Profiling Maximum Likelihood Model
Outputting model result
51000 Iterations: Performing update (Visualization, outputting samples, etc.).
Visualizing
Profiling Maximum Likelihood Model
Outputting model result
52000 Iterations: Performing update (Visualization, outputting samples, etc.).
Visualizing
Profiling Maximum Likelihood Model
Outputting model result
53000 Iterations: Performing update (Visualization, outputting samples, etc.).
Visualizing
Profiling Maximum Likelihood Model
Outputting model result
54000 Iterations: Performing update (Visualization, outputting samples, etc.).
Visualizing
Profiling Maximum Likelihood Model
Outputting model result
55000 Iterations: Performing update (Visualization, outputting samples, etc.).
Visualizing
Profiling Maximum Likelihood Model
Outputting model result
56000 Iterations: Performing update (Visualization, outputting samples, etc.).
Visualizing
Profiling Maximum Likelihood Model
Outputting model result
57000 Iterations: Performing update (Visualization, outputting samples, etc.).
Visualizing
Profiling Maximum Likelihood Model
Outputting model result
58000 Iterations: Performing update (Visualization, outputting samples, etc.).
Visualizing
Profiling Maximum Likelihood Model
Outputting model result
59000 Iterations: Performing update (Visualization, outputting samples, etc.).
Visualizing
Profiling Maximum Likelihood Model
Outputting model result
60000 Iterations: Performing update (Visualization, outputting samples, etc.).
Visualizing
Profiling Maximum Likelihood Model
Outputting model result
61000 Iterations: Performing update (Visualization, outputting samples, etc.).
Visualizing
Profiling Maximum Likelihood Model
Outputting model result
62000 Iterations: Performing update (Visualization, outputting samples, etc.).
Visualizing
Profiling Maximum Likelihood Model
Outputting model result
63000 Iterations: Performing update (Visualization, outputting samples, etc.).
Visualizing
Profiling Maximum Likelihood Model
Outputting model result
64000 Iterations: Performing update (Visualization, outputting samples, etc.).
Visualizing
Profiling Maximum Likelihood Model
Outputting model result
65000 Iterations: Performing update (Visualization, outputting samples, etc.).
Visualizing
Profiling Maximum Likelihood Model
Outputting model result
66000 Iterations: Performing update (Visualization, outputting samples, etc.).
Visualizing
Profiling Maximum Likelihood Model
Outputting model result
67000 Iterations: Performing update (Visualization, outputting samples, etc.).
Visualizing
Profiling Maximum Likelihood Model
Outputting model result
68000 Iterations: Performing update (Visualization, outputting samples, etc.).
Visualizing
Profiling Maximum Likelihood Model
Outputting model result
69000 Iterations: Performing update (Visualization, outputting samples, etc.).
Visualizing
Profiling Maximum Likelihood Model
Outputting model result
70000 Iterations: Performing update (Visualization, outputting samples, etc.).
Visualizing
Profiling Maximum Likelihood Model
Outputting model result
71000 Iterations: Performing update (Visualization, outputting samples, etc.).
Visualizing
Profiling Maximum Likelihood Model
Outputting model result
72000 Iterations: Performing update (Visualization, outputting samples, etc.).
Visualizing
Profiling Maximum Likelihood Model
Outputting model result
73000 Iterations: Performing update (Visualization, outputting samples, etc.).
Visualizing
Profiling Maximum Likelihood Model
Outputting model result
74000 Iterations: Performing update (Visualization, outputting samples, etc.).
Visualizing
Profiling Maximum Likelihood Model
Outputting model result
75000 Iterations: Performing update (Visualization, outputting samples, etc.).
Visualizing
Profiling Maximum Likelihood Model
Outputting model result
76000 Iterations: Performing update (Visualization, outputting samples, etc.).
Visualizing
Profiling Maximum Likelihood Model
Outputting model result
77000 Iterations: Performing update (Visualization, outputting samples, etc.).
Visualizing
Profiling Maximum Likelihood Model
Outputting model result
78000 Iterations: Performing update (Visualization, outputting samples, etc.).
Visualizing
Profiling Maximum Likelihood Model
Outputting model result
79000 Iterations: Performing update (Visualization, outputting samples, etc.).
Visualizing
Profiling Maximum Likelihood Model
Outputting model result
80000 Iterations: Performing update (Visualization, outputting samples, etc.).
Visualizing
Profiling Maximum Likelihood Model
Outputting model result
81000 Iterations: Performing update (Visualization, outputting samples, etc.).
Visualizing
Profiling Maximum Likelihood Model
Outputting model result
82000 Iterations: Performing update (Visualization, outputting samples, etc.).
Visualizing
Profiling Maximum Likelihood Model
Outputting model result
83000 Iterations: Performing update (Visualization, outputting samples, etc.).
Visualizing
Profiling Maximum Likelihood Model
Outputting model result
84000 Iterations: Performing update (Visualization, outputting samples, etc.).
Visualizing
Profiling Maximum Likelihood Model
Outputting model result
85000 Iterations: Performing update (Visualization, outputting samples, etc.).
Visualizing
Profiling Maximum Likelihood Model
Outputting model result
86000 Iterations: Performing update (Visualization, outputting samples, etc.).
Visualizing
Profiling Maximum Likelihood Model
Outputting model result
87000 Iterations: Performing update (Visualization, outputting samples, etc.).
Visualizing
Profiling Maximum Likelihood Model
Outputting model result
88000 Iterations: Performing update (Visualization, outputting samples, etc.).
Visualizing
Profiling Maximum Likelihood Model
Outputting model result
89000 Iterations: Performing update (Visualization, outputting samples, etc.).
Visualizing
Profiling Maximum Likelihood Model
Outputting model result
90000 Iterations: Performing update (Visualization, outputting samples, etc.).
Visualizing
Profiling Maximum Likelihood Model
Outputting model result
91000 Iterations: Performing update (Visualization, outputting samples, etc.).
Visualizing
Profiling Maximum Likelihood Model
Outputting model result
92000 Iterations: Performing update (Visualization, outputting samples, etc.).
Visualizing
Profiling Maximum Likelihood Model
Outputting model result
93000 Iterations: Performing update (Visualization, outputting samples, etc.).
Visualizing
Profiling Maximum Likelihood Model
Outputting model result
94000 Iterations: Performing update (Visualization, outputting samples, etc.).
Visualizing
Profiling Maximum Likelihood Model
Outputting model result
95000 Iterations: Performing update (Visualization, outputting samples, etc.).
Visualizing
Profiling Maximum Likelihood Model
Outputting model result
96000 Iterations: Performing update (Visualization, outputting samples, etc.).
Visualizing
Profiling Maximum Likelihood Model
Outputting model result
97000 Iterations: Performing update (Visualization, outputting samples, etc.).
Visualizing
Profiling Maximum Likelihood Model
Outputting model result
98000 Iterations: Performing update (Visualization, outputting samples, etc.).
Visualizing
Profiling Maximum Likelihood Model
Outputting model result
99000 Iterations: Performing update (Visualization, outputting samples, etc.).
Visualizing
Profiling Maximum Likelihood Model
Outputting model result
100000 Iterations: Performing update (Visualization, outputting samples, etc.).
Visualizing
Profiling Maximum Likelihood Model
Outputting model result
101000 Iterations: Performing update (Visualization, outputting samples, etc.).
Visualizing
Profiling Maximum Likelihood Model
Outputting model result
102000 Iterations: Performing update (Visualization, outputting samples, etc.).
Visualizing
Profiling Maximum Likelihood Model
Outputting model result
103000 Iterations: Performing update (Visualization, outputting samples, etc.).
Visualizing
Profiling Maximum Likelihood Model
Outputting model result
104000 Iterations: Performing update (Visualization, outputting samples, etc.).
Visualizing
Profiling Maximum Likelihood Model
Outputting model result
105000 Iterations: Performing update (Visualization, outputting samples, etc.).
Visualizing
Profiling Maximum Likelihood Model
Outputting model result
106000 Iterations: Performing update (Visualization, outputting samples, etc.).
Visualizing
Profiling Maximum Likelihood Model
Outputting model result
107000 Iterations: Performing update (Visualization, outputting samples, etc.).
Visualizing
Profiling Maximum Likelihood Model
Outputting model result
108000 Iterations: Performing update (Visualization, outputting samples, etc.).
Visualizing
Profiling Maximum Likelihood Model
Outputting model result
109000 Iterations: Performing update (Visualization, outputting samples, etc.).
Visualizing
Profiling Maximum Likelihood Model
Outputting model result
110000 Iterations: Performing update (Visualization, outputting samples, etc.).
Visualizing
Profiling Maximum Likelihood Model
Outputting model result
111000 Iterations: Performing update (Visualization, outputting samples, etc.).
Visualizing
Profiling Maximum Likelihood Model
Outputting model result
112000 Iterations: Performing update (Visualization, outputting samples, etc.).
Visualizing
Profiling Maximum Likelihood Model
Outputting model result
113000 Iterations: Performing update (Visualization, outputting samples, etc.).
Visualizing
Profiling Maximum Likelihood Model
Outputting model result
114000 Iterations: Performing update (Visualization, outputting samples, etc.).
Visualizing
Profiling Maximum Likelihood Model
Outputting model result
115000 Iterations: Performing update (Visualization, outputting samples, etc.).
Visualizing
Profiling Maximum Likelihood Model
Outputting model result
116000 Iterations: Performing update (Visualization, outputting samples, etc.).
Visualizing
Profiling Maximum Likelihood Model
Outputting model result
117000 Iterations: Performing update (Visualization, outputting samples, etc.).
Visualizing
Profiling Maximum Likelihood Model
Outputting model result
118000 Iterations: Performing update (Visualization, outputting samples, etc.).
Visualizing
Profiling Maximum Likelihood Model
Outputting model result
119000 Iterations: Performing update (Visualization, outputting samples, etc.).
Visualizing
Profiling Maximum Likelihood Model
Outputting model result
120000 Iterations: Performing update (Visualization, outputting samples, etc.).
Visualizing
Profiling Maximum Likelihood Model
Outputting model result
121000 Iterations: Performing update (Visualization, outputting samples, etc.).
Visualizing
Profiling Maximum Likelihood Model
Outputting model result
122000 Iterations: Performing update (Visualization, outputting samples, etc.).
Visualizing
Profiling Maximum Likelihood Model
Outputting model result
123000 Iterations: Performing update (Visualization, outputting samples, etc.).
Visualizing
Profiling Maximum Likelihood Model
Outputting model result
124000 Iterations: Performing update (Visualization, outputting samples, etc.).
Visualizing
Profiling Maximum Likelihood Model
Outputting model result
125000 Iterations: Performing update (Visualization, outputting samples, etc.).
Visualizing
Profiling Maximum Likelihood Model
Outputting model result
126000 Iterations: Performing update (Visualization, outputting samples, etc.).
Visualizing
Profiling Maximum Likelihood Model
Outputting model result
127000 Iterations: Performing update (Visualization, outputting samples, etc.).
Visualizing
Profiling Maximum Likelihood Model
Outputting model result
128000 Iterations: Performing update (Visualization, outputting samples, etc.).
Visualizing
Profiling Maximum Likelihood Model
Outputting model result
129000 Iterations: Performing update (Visualization, outputting samples, etc.).
Visualizing
Profiling Maximum Likelihood Model
Outputting model result
130000 Iterations: Performing update (Visualization, outputting samples, etc.).
Visualizing
Profiling Maximum Likelihood Model
Outputting model result
131000 Iterations: Performing update (Visualization, outputting samples, etc.).
Visualizing
Profiling Maximum Likelihood Model
Outputting model result
132000 Iterations: Performing update (Visualization, outputting samples, etc.).
Visualizing
Profiling Maximum Likelihood Model
Outputting model result
133000 Iterations: Performing update (Visualization, outputting samples, etc.).
Visualizing
Profiling Maximum Likelihood Model
Outputting model result
134000 Iterations: Performing update (Visualization, outputting samples, etc.).
Visualizing
Profiling Maximum Likelihood Model
Outputting model result
135000 Iterations: Performing update (Visualization, outputting samples, etc.).
Visualizing
Profiling Maximum Likelihood Model
Outputting model result
136000 Iterations: Performing update (Visualization, outputting samples, etc.).
Visualizing
Profiling Maximum Likelihood Model
Outputting model result
137000 Iterations: Performing update (Visualization, outputting samples, etc.).
Visualizing
Profiling Maximum Likelihood Model
Outputting model result
138000 Iterations: Performing update (Visualization, outputting samples, etc.).
Visualizing
Profiling Maximum Likelihood Model
Outputting model result
139000 Iterations: Performing update (Visualization, outputting samples, etc.).
Visualizing
Profiling Maximum Likelihood Model
Outputting model result
140000 Iterations: Performing update (Visualization, outputting samples, etc.).
Visualizing
Profiling Maximum Likelihood Model
Outputting model result
141000 Iterations: Performing update (Visualization, outputting samples, etc.).
Visualizing
Profiling Maximum Likelihood Model
Outputting model result
142000 Iterations: Performing update (Visualization, outputting samples, etc.).
Visualizing
Profiling Maximum Likelihood Model
Outputting model result
143000 Iterations: Performing update (Visualization, outputting samples, etc.).
Visualizing
Profiling Maximum Likelihood Model
Outputting model result
144000 Iterations: Performing update (Visualization, outputting samples, etc.).
Visualizing
Profiling Maximum Likelihood Model
Outputting model result
145000 Iterations: Performing update (Visualization, outputting samples, etc.).
Visualizing
Profiling Maximum Likelihood Model
Outputting model result
146000 Iterations: Performing update (Visualization, outputting samples, etc.).
Visualizing
Profiling Maximum Likelihood Model
Outputting model result
147000 Iterations: Performing update (Visualization, outputting samples, etc.).
Visualizing
Profiling Maximum Likelihood Model
Outputting model result
148000 Iterations: Performing update (Visualization, outputting samples, etc.).
Visualizing
Profiling Maximum Likelihood Model
Outputting model result
149000 Iterations: Performing update (Visualization, outputting samples, etc.).
Visualizing
Profiling Maximum Likelihood Model
Outputting model result
150000 Iterations: Performing update (Visualization, outputting samples, etc.).
Visualizing
Profiling Maximum Likelihood Model
Outputting model result
151000 Iterations: Performing update (Visualization, outputting samples, etc.).
Visualizing
Profiling Maximum Likelihood Model
Outputting model result
152000 Iterations: Performing update (Visualization, outputting samples, etc.).
Visualizing
Profiling Maximum Likelihood Model
Outputting model result
153000 Iterations: Performing update (Visualization, outputting samples, etc.).
Visualizing
Profiling Maximum Likelihood Model
Outputting model result
154000 Iterations: Performing update (Visualization, outputting samples, etc.).
Visualizing
Profiling Maximum Likelihood Model
Outputting model result
155000 Iterations: Performing update (Visualization, outputting samples, etc.).
Visualizing
Profiling Maximum Likelihood Model
Outputting model result
156000 Iterations: Performing update (Visualization, outputting samples, etc.).
Visualizing
Profiling Maximum Likelihood Model
Outputting model result
157000 Iterations: Performing update (Visualization, outputting samples, etc.).
Visualizing
Profiling Maximum Likelihood Model
Outputting model result
158000 Iterations: Performing update (Visualization, outputting samples, etc.).
Visualizing
Profiling Maximum Likelihood Model
Outputting model result
159000 Iterations: Performing update (Visualization, outputting samples, etc.).
Visualizing
Profiling Maximum Likelihood Model
Outputting model result
160000 Iterations: Performing update (Visualization, outputting samples, etc.).
Visualizing
Profiling Maximum Likelihood Model
Outputting model result
161000 Iterations: Performing update (Visualization, outputting samples, etc.).
Visualizing
Profiling Maximum Likelihood Model
Outputting model result
162000 Iterations: Performing update (Visualization, outputting samples, etc.).
Visualizing
Profiling Maximum Likelihood Model
Outputting model result
163000 Iterations: Performing update (Visualization, outputting samples, etc.).
Visualizing
Profiling Maximum Likelihood Model
Outputting model result
164000 Iterations: Performing update (Visualization, outputting samples, etc.).
Visualizing
Profiling Maximum Likelihood Model
Outputting model result
165000 Iterations: Performing update (Visualization, outputting samples, etc.).
Visualizing
Profiling Maximum Likelihood Model
Outputting model result
166000 Iterations: Performing update (Visualization, outputting samples, etc.).
Visualizing
Profiling Maximum Likelihood Model
Outputting model result
167000 Iterations: Performing update (Visualization, outputting samples, etc.).
Visualizing
Profiling Maximum Likelihood Model
Outputting model result
168000 Iterations: Performing update (Visualization, outputting samples, etc.).
Visualizing
Profiling Maximum Likelihood Model
Outputting model result
169000 Iterations: Performing update (Visualization, outputting samples, etc.).
Visualizing
Profiling Maximum Likelihood Model
Outputting model result
170000 Iterations: Performing update (Visualization, outputting samples, etc.).
Visualizing
Profiling Maximum Likelihood Model
Outputting model result
171000 Iterations: Performing update (Visualization, outputting samples, etc.).
Visualizing
Profiling Maximum Likelihood Model
Outputting model result
172000 Iterations: Performing update (Visualization, outputting samples, etc.).
Visualizing
Profiling Maximum Likelihood Model
Outputting model result
173000 Iterations: Performing update (Visualization, outputting samples, etc.).
Visualizing
Profiling Maximum Likelihood Model
Outputting model result
174000 Iterations: Performing update (Visualization, outputting samples, etc.).
Visualizing
Profiling Maximum Likelihood Model
Outputting model result
175000 Iterations: Performing update (Visualization, outputting samples, etc.).
Visualizing
Profiling Maximum Likelihood Model
Outputting model result
176000 Iterations: Performing update (Visualization, outputting samples, etc.).
Visualizing
Profiling Maximum Likelihood Model
Outputting model result
177000 Iterations: Performing update (Visualization, outputting samples, etc.).
Visualizing
Profiling Maximum Likelihood Model
Outputting model result
178000 Iterations: Performing update (Visualization, outputting samples, etc.).
Visualizing
Profiling Maximum Likelihood Model
Outputting model result
179000 Iterations: Performing update (Visualization, outputting samples, etc.).
Visualizing
Profiling Maximum Likelihood Model
Outputting model result
180000 Iterations: Performing update (Visualization, outputting samples, etc.).
Visualizing
Profiling Maximum Likelihood Model
Outputting model result
181000 Iterations: Performing update (Visualization, outputting samples, etc.).
Visualizing
Profiling Maximum Likelihood Model
Outputting model result
182000 Iterations: Performing update (Visualization, outputting samples, etc.).
Visualizing
Profiling Maximum Likelihood Model
Outputting model result
183000 Iterations: Performing update (Visualization, outputting samples, etc.).
Visualizing
Profiling Maximum Likelihood Model
Outputting model result
184000 Iterations: Performing update (Visualization, outputting samples, etc.).
Visualizing
Profiling Maximum Likelihood Model
Outputting model result
185000 Iterations: Performing update (Visualization, outputting samples, etc.).
Visualizing
Profiling Maximum Likelihood Model
Outputting model result
186000 Iterations: Performing update (Visualization, outputting samples, etc.).
Visualizing
Profiling Maximum Likelihood Model
Outputting model result
Saving path info
Not complete. Starting non-linear search.
number_of_cores == 1...
...not using pool
Existing Dynesty samples found, resuming non-linear search.
1000 Iterations: Performing update (Visualization, outputting samples, etc.).
Visualizing
Profiling Maximum Likelihood Model
Outputting model result
2000 Iterations: Performing update (Visualization, outputting samples, etc.).
Visualizing
Profiling Maximum Likelihood Model
Outputting model result
3000 Iterations: Performing update (Visualization, outputting samples, etc.).
Visualizing
Profiling Maximum Likelihood Model
Outputting model result
4000 Iterations: Performing update (Visualization, outputting samples, etc.).
Visualizing
Profiling Maximum Likelihood Model
Outputting model result
5000 Iterations: Performing update (Visualization, outputting samples, etc.).
Visualizing
Profiling Maximum Likelihood Model
Outputting model result
6000 Iterations: Performing update (Visualization, outputting samples, etc.).
Visualizing
Profiling Maximum Likelihood Model
Outputting model result
7000 Iterations: Performing update (Visualization, outputting samples, etc.).
Visualizing
Profiling Maximum Likelihood Model
Outputting model result
8000 Iterations: Performing update (Visualization, outputting samples, etc.).
Visualizing
Profiling Maximum Likelihood Model
Outputting model result
9000 Iterations: Performing update (Visualization, outputting samples, etc.).
Visualizing
Profiling Maximum Likelihood Model
Outputting model result
10000 Iterations: Performing update (Visualization, outputting samples, etc.).
Visualizing
Profiling Maximum Likelihood Model
Outputting model result
11000 Iterations: Performing update (Visualization, outputting samples, etc.).
Visualizing
Profiling Maximum Likelihood Model
Outputting model result
12000 Iterations: Performing update (Visualization, outputting samples, etc.).
Visualizing
Profiling Maximum Likelihood Model
Outputting model result
13000 Iterations: Performing update (Visualization, outputting samples, etc.).
Visualizing
Profiling Maximum Likelihood Model
Outputting model result
14000 Iterations: Performing update (Visualization, outputting samples, etc.).
Visualizing
Profiling Maximum Likelihood Model
Outputting model result
15000 Iterations: Performing update (Visualization, outputting samples, etc.).
Visualizing
Profiling Maximum Likelihood Model
Outputting model result
16000 Iterations: Performing update (Visualization, outputting samples, etc.).
Visualizing
Profiling Maximum Likelihood Model
Outputting model result
17000 Iterations: Performing update (Visualization, outputting samples, etc.).
Visualizing
Profiling Maximum Likelihood Model
Outputting model result
18000 Iterations: Performing update (Visualization, outputting samples, etc.).
Visualizing
Profiling Maximum Likelihood Model
Outputting model result
19000 Iterations: Performing update (Visualization, outputting samples, etc.).
Visualizing
Profiling Maximum Likelihood Model
Outputting model result
20000 Iterations: Performing update (Visualization, outputting samples, etc.).
Visualizing
Profiling Maximum Likelihood Model
Outputting model result
21000 Iterations: Performing update (Visualization, outputting samples, etc.).
Visualizing
Profiling Maximum Likelihood Model
Outputting model result
22000 Iterations: Performing update (Visualization, outputting samples, etc.).
Visualizing
Profiling Maximum Likelihood Model
Outputting model result
23000 Iterations: Performing update (Visualization, outputting samples, etc.).
Visualizing
Profiling Maximum Likelihood Model
Outputting model result
24000 Iterations: Performing update (Visualization, outputting samples, etc.).
Visualizing
Profiling Maximum Likelihood Model
Outputting model result
25000 Iterations: Performing update (Visualization, outputting samples, etc.).
Visualizing
Profiling Maximum Likelihood Model
Outputting model result
26000 Iterations: Performing update (Visualization, outputting samples, etc.).
Visualizing
Profiling Maximum Likelihood Model
Outputting model result
27000 Iterations: Performing update (Visualization, outputting samples, etc.).
Visualizing
Profiling Maximum Likelihood Model
Outputting model result
28000 Iterations: Performing update (Visualization, outputting samples, etc.).
Visualizing
Profiling Maximum Likelihood Model
Outputting model result
29000 Iterations: Performing update (Visualization, outputting samples, etc.).
Visualizing
Profiling Maximum Likelihood Model
Outputting model result
30000 Iterations: Performing update (Visualization, outputting samples, etc.).
Visualizing
Profiling Maximum Likelihood Model
Outputting model result
31000 Iterations: Performing update (Visualization, outputting samples, etc.).
Visualizing
Profiling Maximum Likelihood Model
Outputting model result
32000 Iterations: Performing update (Visualization, outputting samples, etc.).
Visualizing
Profiling Maximum Likelihood Model
Outputting model result
33000 Iterations: Performing update (Visualization, outputting samples, etc.).
Visualizing
Profiling Maximum Likelihood Model
Outputting model result
34000 Iterations: Performing update (Visualization, outputting samples, etc.).
Visualizing
Profiling Maximum Likelihood Model
Outputting model result
35000 Iterations: Performing update (Visualization, outputting samples, etc.).
Visualizing
Profiling Maximum Likelihood Model
Outputting model result
36000 Iterations: Performing update (Visualization, outputting samples, etc.).
Visualizing
Profiling Maximum Likelihood Model
Outputting model result
37000 Iterations: Performing update (Visualization, outputting samples, etc.).
Visualizing
Profiling Maximum Likelihood Model
Outputting model result
38000 Iterations: Performing update (Visualization, outputting samples, etc.).
Visualizing
Profiling Maximum Likelihood Model
Outputting model result
39000 Iterations: Performing update (Visualization, outputting samples, etc.).
Visualizing
Profiling Maximum Likelihood Model
Outputting model result
40000 Iterations: Performing update (Visualization, outputting samples, etc.).
Visualizing
Profiling Maximum Likelihood Model
Outputting model result
41000 Iterations: Performing update (Visualization, outputting samples, etc.).
Visualizing
Profiling Maximum Likelihood Model
Outputting model result
42000 Iterations: Performing update (Visualization, outputting samples, etc.).
Visualizing
Profiling Maximum Likelihood Model
Outputting model result
43000 Iterations: Performing update (Visualization, outputting samples, etc.).
Visualizing
Profiling Maximum Likelihood Model
Outputting model result
44000 Iterations: Performing update (Visualization, outputting samples, etc.).
Visualizing
Profiling Maximum Likelihood Model
Outputting model result
45000 Iterations: Performing update (Visualization, outputting samples, etc.).
Visualizing
Profiling Maximum Likelihood Model
Outputting model result
46000 Iterations: Performing update (Visualization, outputting samples, etc.).
Visualizing
Profiling Maximum Likelihood Model
Outputting model result
47000 Iterations: Performing update (Visualization, outputting samples, etc.).
Visualizing
Profiling Maximum Likelihood Model
Outputting model result
48000 Iterations: Performing update (Visualization, outputting samples, etc.).
Visualizing
Profiling Maximum Likelihood Model
Outputting model result
49000 Iterations: Performing update (Visualization, outputting samples, etc.).
Visualizing
Profiling Maximum Likelihood Model
Outputting model result
50000 Iterations: Performing update (Visualization, outputting samples, etc.).
Visualizing
Profiling Maximum Likelihood Model
Outputting model result
51000 Iterations: Performing update (Visualization, outputting samples, etc.).
Visualizing
Profiling Maximum Likelihood Model
Outputting model result
52000 Iterations: Performing update (Visualization, outputting samples, etc.).
Visualizing
Profiling Maximum Likelihood Model
Outputting model result
53000 Iterations: Performing update (Visualization, outputting samples, etc.).
Visualizing
Profiling Maximum Likelihood Model
Outputting model result
Removing state files
Removing zip file
Saving path info
Already completed, skipping non-linear search.
Forcing pickle overwrite
Removing zip file
Saving path info
Already completed, skipping non-linear search.
Forcing pickle overwrite
Removing zip file
Saving path info
Already completed, skipping non-linear search.
Forcing pickle overwrite
Removing zip file
Saving path info
Already completed, skipping non-linear search.
Forcing pickle overwrite
Removing zip file
