2022-02-27 14:43:18,742 - autofit.database.aggregator.scrape - INFO - Scraping directory output/rjlens_no_lens_light
2022-02-27 14:43:33,142 - autofit.database.aggregator.scrape - INFO - 147 searches found
2022-02-27 14:43:44,731 - autofit.database.aggregator.scrape - INFO - Creating fit for: f390w mass_light_dark[1]_light[fixed]_mass[light_dark]_source_grad 977bd080c12a90390480af4fee964ba6 
2022-02-27 14:43:45,862 - autofit.database.aggregator.scrape - INFO - Creating fit for: f390w mass_light_dark[1]_light[fixed]_mass[light_dark]_source_grad ba947a6d17b2579cef07234056b935f9 
2022-02-27 14:43:46,798 - autofit.database.aggregator.scrape - INFO - Creating fit for: f390w mass_light_dark[1]_light[fixed]_mass[light_dark]_source_grad_fixed 43dcb8b1f7cfdd98d1c406eb85c1fe11 
2022-02-27 14:43:47,022 - autofit.database.aggregator.scrape - INFO - Creating fit for: f390w mass_light_dark[1]_light[fixed]_mass[light_dark]_source_grad_fixed 4aa20de516dfbab2e564495cabb81599 
2022-02-27 14:43:47,620 - autofit.database.aggregator.scrape - INFO - Creating fit for: f390w mass_light_dark[1]_light[fixed]_mass[light_dark]_source_grad_fixed a2782dd4ba4f45d1e011ef9c7cedc37c 
2022-02-27 14:43:48,290 - autofit.database.aggregator.scrape - INFO - Creating fit for: f390w mass_light_dark[1]_light[fixed]_mass[light_dark]_source_grad_smbh 7fd58c6411d3fd7c8c2d32ac870e8466 
2022-02-27 14:43:48,874 - autofit.database.aggregator.scrape - INFO - Creating fit for: f390w mass_light_dark[1]_light[fixed]_mass[light_dark]_source_grad_smbh afd5a70b77b2bd38064826ac6735e09b 
2022-02-27 14:43:49,368 - autofit.database.aggregator.scrape - INFO - Creating fit for: f390w mass_light_dark[1]_light[fixed]_mass[light_dark]_source_grad_smbh_fixed 13472f8b5dac3edb396ff21a77b0ee5b 
2022-02-27 14:43:49,587 - autofit.database.aggregator.scrape - INFO - Creating fit for: f390w mass_light_dark[1]_light[fixed]_mass[light_dark]_source_grad_smbh_fixed 18b22185d4b26a2c0d1c0cd57c705cbe 
2022-02-27 14:43:49,633 - autofit.database.aggregator.scrape - INFO - Creating fit for: f390w mass_light_dark[1]_light[fixed]_mass[light_dark]_source_grad_smbh_fixed 21bb3e353b0fdfb8816ab36570d8689c 
2022-02-27 14:43:49,812 - autofit.database.aggregator.scrape - INFO - Creating fit for: f390w mass_light_dark[1]_light[fixed]_mass[light_dark]_source_grad_smbh_fixed 33afb2c7f006e585909a23bfec5e57ab 
2022-02-27 14:43:50,608 - autofit.database.aggregator.scrape - INFO - Creating fit for: f390w mass_light_dark[1]_light[fixed]_mass[light_dark]_source_grad_smbh_fixed 3507633bb11253e4e3186d8e9096894b 
2022-02-27 14:43:51,309 - autofit.database.aggregator.scrape - INFO - Creating fit for: f390w mass_light_dark[1]_light[fixed]_mass[light_dark]_source_grad_smbh_fixed 47bb2453eae7289b8cade0bd0551b691 
2022-02-27 14:43:51,454 - autofit.database.aggregator.scrape - INFO - Creating fit for: f390w mass_light_dark[1]_light[fixed]_mass[light_dark]_source_grad_smbh_fixed 4f56c7e49306151fb518c15a05706424 
2022-02-27 14:43:51,647 - autofit.database.aggregator.scrape - INFO - Creating fit for: f390w mass_light_dark[1]_light[fixed]_mass[light_dark]_source_grad_smbh_fixed 84ff3223434ed91f96a9e260b08313f6 
2022-02-27 14:43:52,412 - autofit.database.aggregator.scrape - INFO - Creating fit for: f390w mass_light_dark[1]_light[fixed]_mass[light_dark]_source_grad_smbh_fixed 90a006ac684c1eac9a338ce5e0f56843 
2022-02-27 14:43:53,236 - autofit.database.aggregator.scrape - INFO - Creating fit for: f390w mass_light_dark[1]_light[fixed]_mass[light_dark]_source_grad_smbh_fixed bdeea03274082662d59e8eb404664f15 
2022-02-27 14:43:53,371 - autofit.database.aggregator.scrape - INFO - Creating fit for: f390w mass_light_dark[1]_light[fixed]_mass[light_dark]_source_grad_smbh_fixed d11f276452d7a37b3b4c34ec9f730947 
2022-02-27 14:43:53,421 - autofit.database.aggregator.scrape - INFO - Creating fit for: f390w mass_light_dark[1]_light[fixed]_mass[light_dark]_source_grad_smbh_fixed f963d1b580c46fc95ce913c4ef43f8f7 
2022-02-27 14:43:53,534 - autofit.database.aggregator.scrape - INFO - Creating fit for: f390w mass_light_dark[1]_light[fixed]_mass[light_dark]_source_grad_smbh_fixed fd3a05f70e43cfb64e4b97200873f475 
2022-02-27 14:43:54,278 - autofit.database.aggregator.scrape - INFO - Creating fit for: f390w mass_light_dark[1]_light[fixed]_mass[light_dark]_source_grad_smbh_fixed ff7f85a45b911c8d4a234ac8d6566206 
2022-02-27 14:43:55,228 - autofit.database.aggregator.scrape - INFO - Creating fit for: f390w mass_light_dark[1]_light[fixed]_mass[light_dark]_source_grad_smbh__clump 6e5655cf751bfe49178b00d46c92dd52 
2022-02-27 14:43:56,178 - autofit.database.aggregator.scrape - INFO - Creating fit for: f390w mass_light_dark[1]_light[fixed]_mass[light_dark]_source_grad_smbh__clump d31b029a7715d881f9976c325d80a185 
2022-02-27 14:43:56,949 - autofit.database.aggregator.scrape - INFO - Creating fit for: f390w mass_light_dark[1]_light[fixed]_mass[light_dark]_source_grad_smbh__stochastic b45545b1dd95a0a60eac04e01daf613c 
2022-02-27 14:43:57,377 - autofit.database.aggregator.scrape - INFO - Creating fit for: f390w mass_light_dark[1]_light[fixed]_mass[light_dark]_source_grad_smbh__stochastic efc05bcc5b87c5e7ef64e7061a314a29 
2022-02-27 14:43:57,682 - autofit.database.aggregator.scrape - INFO - Creating fit for: f390w mass_light_dark[1]_light[fixed]_mass[light_dark]_source_grad__clump efc4563b5c1f9db7914227bd9f266962 
2022-02-27 14:43:58,384 - autofit.database.aggregator.scrape - INFO - Creating fit for: f390w mass_light_dark[1]_light[fixed]_mass[light_dark]_source_grad__clump f35feaa80b519407303ab6310cac3b43 
2022-02-27 14:43:59,238 - autofit.database.aggregator.scrape - INFO - Creating fit for: f390w mass_light_dark[1]_light[fixed]_mass[light_dark]_source_grad__stochastic 13c2c59786b5f30e52676b44ba738d3b 
2022-02-27 14:43:59,514 - autofit.database.aggregator.scrape - INFO - Creating fit for: f390w mass_light_dark[1]_light[fixed]_mass[light_dark]_source_grad__stochastic f7239c849477f004937263546f76b4b8 
2022-02-27 14:43:59,838 - autofit.database.aggregator.scrape - INFO - Creating fit for: f390w mass_total[1]_mass[total]_source 2e2d086447112301bbd38ca9ba661f9f 
2022-02-27 14:44:00,149 - autofit.database.aggregator.scrape - INFO - Creating fit for: f390w mass_total[1]_mass[total]_source 3f97dc5913bdc02585f0dfe68d2e786f 
2022-02-27 14:44:00,477 - autofit.database.aggregator.scrape - INFO - Creating fit for: f390w mass_total[1]_mass[total]_source 5a5735479489072d0db914d30ff48f8f 
2022-02-27 14:44:00,877 - autofit.database.aggregator.scrape - INFO - Creating fit for: f390w mass_total[1]_mass[total]_source b9ea71529385440695d5c72078df7415 
2022-02-27 14:44:01,232 - autofit.database.aggregator.scrape - INFO - Creating fit for: f390w mass_total[1]_mass[total]_source d348ae9e3b75ca1ab9e8560170269033 
2022-02-27 14:44:01,605 - autofit.database.aggregator.scrape - INFO - Creating fit for: f390w mass_total[1]_mass[total]_source fde010a075b68829d59321291c52d916 
2022-02-27 14:44:01,978 - autofit.database.aggregator.scrape - INFO - Creating fit for: f390w mass_total[1]_mass[total]_source_centre_prior 0784c65c7a00da08dff1b7e9c42688ff 
2022-02-27 14:44:02,360 - autofit.database.aggregator.scrape - INFO - Creating fit for: f390w mass_total[1]_mass[total]_source_centre_prior 7b0f308e6225802e27356abc4d9682dd 
2022-02-27 14:44:02,706 - autofit.database.aggregator.scrape - INFO - Creating fit for: f390w mass_total[1]_mass[total]_source_centre_prior 9133028420b0585d16c6ba6ce2f0d48b 
2022-02-27 14:44:03,052 - autofit.database.aggregator.scrape - INFO - Creating fit for: f390w mass_total[1]_mass[total]_source_centre_prior 989bad1084d2e7558fcfee8cc5951c44 
2022-02-27 14:44:03,316 - autofit.database.aggregator.scrape - INFO - Creating fit for: f390w mass_total[1]_mass[total]_source_centre_prior__stochastic 4dee4251562c2ed5cb960250aa307206 
2022-02-27 14:44:03,473 - autofit.database.aggregator.scrape - INFO - Creating fit for: f390w mass_total[1]_mass[total]_source_centre_prior__stochastic b61043bbdc9c0e9c5d3d581f15cdd443 
2022-02-27 14:44:03,714 - autofit.database.aggregator.scrape - INFO - Creating fit for: f390w mass_total[1]_mass[total]_source_centre_prior__stochastic b6a46d99ab1149e229b348c4d8fd973e 
2022-02-27 14:44:03,834 - autofit.database.aggregator.scrape - INFO - Creating fit for: f390w mass_total[1]_mass[total]_source_centre_prior__stochastic e33d75c3296d3b460b7c2bfa97abe15d 
2022-02-27 14:44:03,964 - autofit.database.aggregator.scrape - INFO - Creating fit for: f390w mass_total[1]_mass[total]_source_centre_prior__stochastic ef45291be2df3277d34c29f50680d3fc 
2022-02-27 14:44:04,128 - autofit.database.aggregator.scrape - INFO - Creating fit for: f390w mass_total[1]_mass[total]_source_clump 6e16ed28875e3da14559d1a86a4617e2 
2022-02-27 14:44:04,464 - autofit.database.aggregator.scrape - INFO - Creating fit for: f390w mass_total[1]_mass[total]_source_clump 7250fc631e255262d8ab1fc86946b5d9 
2022-02-27 14:44:04,809 - autofit.database.aggregator.scrape - INFO - Creating fit for: f390w mass_total[1]_mass[total]_source_clump c3f9f6887ffb83f42dbf66a19f2adaa0 
2022-02-27 14:44:05,110 - autofit.database.aggregator.scrape - INFO - Creating fit for: f390w mass_total[1]_mass[total]_source_clump cd8810504304aaa8856ca9a1858d5103 
2022-02-27 14:44:05,486 - autofit.database.aggregator.scrape - INFO - Creating fit for: f390w mass_total[1]_mass[total]_source_smbh_fixed 3aff160c5cc9e102dd6608e326369475 
2022-02-27 14:44:05,860 - autofit.database.aggregator.scrape - INFO - Creating fit for: f390w mass_total[1]_mass[total]_source_smbh_fixed 648251790205f22deffb4bb9c06c8c45 
2022-02-27 14:44:06,294 - autofit.database.aggregator.scrape - INFO - Creating fit for: f390w mass_total[1]_mass[total]_source_smbh_fixed 6b22bee80c71c23c14fb3f0df736fe7d 
2022-02-27 14:44:06,640 - autofit.database.aggregator.scrape - INFO - Creating fit for: f390w mass_total[1]_mass[total]_source_smbh_fixed 7653d996bd36d9726ee45c6f2aa19040 
2022-02-27 14:44:06,914 - autofit.database.aggregator.scrape - INFO - Creating fit for: f390w mass_total[1]_mass[total]_source_smbh_fixed 80c1d067c9d6c426380c9f6be6bfd919 
2022-02-27 14:44:07,251 - autofit.database.aggregator.scrape - INFO - Creating fit for: f390w mass_total[1]_mass[total]_source_smbh_fixed 81e0f60bbead31eda0d1631a5fd8897f 
2022-02-27 14:44:07,509 - autofit.database.aggregator.scrape - INFO - Creating fit for: f390w mass_total[1]_mass[total]_source_smbh_fixed 9352591877e1dc403344150ac3bd91a0 
2022-02-27 14:44:07,824 - autofit.database.aggregator.scrape - INFO - Creating fit for: f390w mass_total[1]_mass[total]_source_smbh_fixed 9859bd2d0bca175915392cad561ac8c2 
2022-02-27 14:44:08,172 - autofit.database.aggregator.scrape - INFO - Creating fit for: f390w mass_total[1]_mass[total]_source_smbh_fixed 9c6d8db96fa0a26494d835535f61269d 
2022-02-27 14:44:08,441 - autofit.database.aggregator.scrape - INFO - Creating fit for: f390w mass_total[1]_mass[total]_source_smbh_fixed a19996b50359c11dde86be6497917f71 
2022-02-27 14:44:08,788 - autofit.database.aggregator.scrape - INFO - Creating fit for: f390w mass_total[1]_mass[total]_source_smbh_fixed a412c15a3d108df7f3d9e4b60e61d623 
2022-02-27 14:44:09,109 - autofit.database.aggregator.scrape - INFO - Creating fit for: f390w mass_total[1]_mass[total]_source_smbh_fixed c32bba3f036256c09a22cc8211c42c84 
2022-02-27 14:44:09,507 - autofit.database.aggregator.scrape - INFO - Creating fit for: f390w mass_total[1]_mass[total]_source_smbh_fixed c888903adc3dcbc53853a4ed9e82072b 
2022-02-27 14:44:09,850 - autofit.database.aggregator.scrape - INFO - Creating fit for: f390w mass_total[1]_mass[total]_source_smbh_fixed d02d94c922947f089a285adc8186d8ff 
2022-02-27 14:44:10,107 - autofit.database.aggregator.scrape - INFO - Creating fit for: f390w mass_total[1]_mass[total]_source__stochastic 381a3a2085be8779352f82d162e9ead1 
2022-02-27 14:44:10,258 - autofit.database.aggregator.scrape - INFO - Creating fit for: f390w mass_total[1]_mass[total]_source__stochastic badb131a57304ad04a6aebf38e32b9c9 
2022-02-27 14:44:10,370 - autofit.database.aggregator.scrape - INFO - Creating fit for: f390w mass_total[1]_mass[total]_source__stochastic cecaa570048bbfc24cf0f5521909627b 
2022-02-27 14:44:10,557 - autofit.database.aggregator.scrape - INFO - Creating fit for: f390w mass_total[1]_mass[total]_source__stochastic e5adcff4a89d8cb942f92107fd820683 
2022-02-27 14:44:10,693 - autofit.database.aggregator.scrape - INFO - Creating fit for: f390w mass_total[1]_mass[total]_source__stochastic ff528701c2cbbaef9a8500ceca65c573 
2022-02-27 14:44:10,821 - autofit.database.aggregator.scrape - INFO - Creating fit for: f390w source_inversion[1]_mass[fixed]_source[inversion_magnification_initialization] 7f7f92f7cbf0b94f3bfeaaae889a12e9 
2022-02-27 14:44:10,935 - autofit.database.aggregator.scrape - INFO - Creating fit for: f390w source_inversion[2]_mass[total]_source[fixed] 01543cf812e763dc28795053b16bfee7 
2022-02-27 14:44:11,105 - autofit.database.aggregator.scrape - INFO - Creating fit for: f390w source_inversion[3]_mass[fixed]_source[inversion_initialization] 21a64d58408ac08b8a1830a324040082 
2022-02-27 14:44:11,341 - autofit.database.aggregator.scrape - INFO - Creating fit for: f390w source_inversion[4]_mass[total]_source[fixed] 1ba3b6f733d722dd73fb1913605e56d5 
2022-02-27 14:44:11,510 - autofit.database.aggregator.scrape - INFO - Creating fit for: f390w source_inversion[4]_mass[total]_source[fixed]__hyper c71e089dfb69e1f139c2983219d2121d 
2022-02-27 14:44:11,809 - autofit.database.aggregator.scrape - INFO - Creating fit for: f390w source_parametric[1]_mass[total]_source[parametric] c5558a25ce0afdeb439c88000fb29f55 
2022-02-27 14:44:12,629 - autofit.database.aggregator.scrape - INFO - Creating fit for: f814w mass_light_dark[1]_light[fixed]_mass[light_dark]_source_grad 4c3b2aaeb6218164443c2ba770458c02 
2022-02-27 14:44:13,303 - autofit.database.aggregator.scrape - INFO - Creating fit for: f814w mass_light_dark[1]_light[fixed]_mass[light_dark]_source_grad edcb64e8342968f8303232c85cacc8b2 
2022-02-27 14:44:13,784 - autofit.database.aggregator.scrape - INFO - Creating fit for: f814w mass_light_dark[1]_light[fixed]_mass[light_dark]_source_grad_c 3df7a5decca7f691b45f14e1b8e7d199 
2022-02-27 14:44:14,216 - autofit.database.aggregator.scrape - INFO - Creating fit for: f814w mass_light_dark[1]_light[fixed]_mass[light_dark]_source_grad_c 719e688c090dc7a98e2cdeea64cd330b 
2022-02-27 14:44:14,560 - autofit.database.aggregator.scrape - INFO - Creating fit for: f814w mass_light_dark[1]_light[fixed]_mass[light_dark]_source_grad_c a01a7a85c6f9448145e42e3c1ce50c3f 
2022-02-27 14:44:14,690 - autofit.database.aggregator.scrape - INFO - Creating fit for: f814w mass_light_dark[1]_light[fixed]_mass[light_dark]_source_grad_fixed 362a3f100cab8b19433fdad5e217eb98 
2022-02-27 14:44:14,991 - autofit.database.aggregator.scrape - INFO - Creating fit for: f814w mass_light_dark[1]_light[fixed]_mass[light_dark]_source_grad_fixed 7717e63b96f2b847d65675f1e4839694 
2022-02-27 14:44:15,156 - autofit.database.aggregator.scrape - INFO - Creating fit for: f814w mass_light_dark[1]_light[fixed]_mass[light_dark]_source_grad_fixed b0cde189adb61de0f3823e9dd455276c 
2022-02-27 14:44:15,405 - autofit.database.aggregator.scrape - INFO - Creating fit for: f814w mass_light_dark[1]_light[fixed]_mass[light_dark]_source_grad_fixed f650c3fe98420b4ecccf19a48ff67fb1 
2022-02-27 14:44:15,525 - autofit.database.aggregator.scrape - INFO - Creating fit for: f814w mass_light_dark[1]_light[fixed]_mass[light_dark]_source_grad_gnfw 776427e0402cd7ff74cb6a094282c624 
2022-02-27 14:44:15,646 - autofit.database.aggregator.scrape - INFO - Creating fit for: f814w mass_light_dark[1]_light[fixed]_mass[light_dark]_source_grad_gnfw b3a26f9430f6465f1e3a63f54816cc9d 
2022-02-27 14:44:15,695 - autofit.database.aggregator.scrape - INFO - Creating fit for: f814w mass_light_dark[1]_light[fixed]_mass[light_dark]_source_grad_gnfw e5be7e04cfa853737234be3638ea316c 
2022-02-27 14:44:15,797 - autofit.database.aggregator.scrape - INFO - Creating fit for: f814w mass_light_dark[1]_light[fixed]_mass[light_dark]_source_grad_smbh 97cf4ca09473358187a08484e5538e44 
2022-02-27 14:44:16,191 - autofit.database.aggregator.scrape - INFO - Creating fit for: f814w mass_light_dark[1]_light[fixed]_mass[light_dark]_source_grad_smbh ed98767e6fb993bba54732ff5365621b 
2022-02-27 14:44:16,674 - autofit.database.aggregator.scrape - INFO - Creating fit for: f814w mass_light_dark[1]_light[fixed]_mass[light_dark]_source_grad_smbh_fixed 13f783d09bcaf989669364318908ce95 
2022-02-27 14:44:17,475 - autofit.database.aggregator.scrape - INFO - Creating fit for: f814w mass_light_dark[1]_light[fixed]_mass[light_dark]_source_grad_smbh_fixed 24ed55540fbdf5e1054c521c9ccf4b97 
2022-02-27 14:44:18,079 - autofit.database.aggregator.scrape - INFO - Creating fit for: f814w mass_light_dark[1]_light[fixed]_mass[light_dark]_source_grad_smbh_fixed 34be9e2190b73884c570f2d8f8d0c418 
2022-02-27 14:44:18,323 - autofit.database.aggregator.scrape - INFO - Creating fit for: f814w mass_light_dark[1]_light[fixed]_mass[light_dark]_source_grad_smbh_fixed 4e7ad6c87cae764378f802decda54cd7 
2022-02-27 14:44:18,567 - autofit.database.aggregator.scrape - INFO - Creating fit for: f814w mass_light_dark[1]_light[fixed]_mass[light_dark]_source_grad_smbh_fixed 4f6e6eff4abc16690aee752091c76b95 
2022-02-27 14:44:18,871 - autofit.database.aggregator.scrape - INFO - Creating fit for: f814w mass_light_dark[1]_light[fixed]_mass[light_dark]_source_grad_smbh_fixed 523c4302cbfe743706a8f38521fc4647 
2022-02-27 14:44:18,943 - autofit.database.aggregator.scrape - INFO - Creating fit for: f814w mass_light_dark[1]_light[fixed]_mass[light_dark]_source_grad_smbh_fixed 63a03bf615f6498e205a8770065c86b6 
2022-02-27 14:44:18,985 - autofit.database.aggregator.scrape - INFO - Creating fit for: f814w mass_light_dark[1]_light[fixed]_mass[light_dark]_source_grad_smbh_fixed 7b096c2df6364710eb7868c16fd4c416 
2022-02-27 14:44:19,027 - autofit.database.aggregator.scrape - INFO - Creating fit for: f814w mass_light_dark[1]_light[fixed]_mass[light_dark]_source_grad_smbh_fixed c4f95571418d836621772982d8bd6deb 
2022-02-27 14:44:19,196 - autofit.database.aggregator.scrape - INFO - Creating fit for: f814w mass_light_dark[1]_light[fixed]_mass[light_dark]_source_grad_smbh_fixed dc19d24931c81f750e57c7000479a723 
2022-02-27 14:44:19,904 - autofit.database.aggregator.scrape - INFO - Creating fit for: f814w mass_light_dark[1]_light[fixed]_mass[light_dark]_source_grad_smbh_fixed e8f047c930809c3cf12328bff8bdd518 
2022-02-27 14:44:20,086 - autofit.database.aggregator.scrape - INFO - Creating fit for: f814w mass_light_dark[1]_light[fixed]_mass[light_dark]_source_grad_smbh_fixed e97c95fdec1b975d1abd2638fdf5d0e8 
2022-02-27 14:44:20,864 - autofit.database.aggregator.scrape - INFO - Creating fit for: f814w mass_light_dark[1]_light[fixed]_mass[light_dark]_source_grad_smbh_fixed ea5000431f8a2476fcadc4df55cc0994 
2022-02-27 14:44:21,609 - autofit.database.aggregator.scrape - INFO - Creating fit for: f814w mass_light_dark[1]_light[fixed]_mass[light_dark]_source_grad_smbh_fixed eb9ee3c662d8f3b9e051615da8cea617 
2022-02-27 14:44:22,388 - autofit.database.aggregator.scrape - INFO - Creating fit for: f814w mass_light_dark[1]_light[fixed]_mass[light_dark]_source_grad_smbh__clump 11684ec1b8f8b8067875c758689e134d 
2022-02-27 14:44:22,957 - autofit.database.aggregator.scrape - INFO - Creating fit for: f814w mass_light_dark[1]_light[fixed]_mass[light_dark]_source_grad_smbh__clump bfe27a5da3297d26cd6277e685bd74a8 
2022-02-27 14:44:23,332 - autofit.database.aggregator.scrape - INFO - Creating fit for: f814w mass_light_dark[1]_light[fixed]_mass[light_dark]_source_grad_smbh__stochastic 9a4d3f8f3da848fbd6c3f57e5d8c5e4a 
2022-02-27 14:44:23,536 - autofit.database.aggregator.scrape - INFO - Creating fit for: f814w mass_light_dark[1]_light[fixed]_mass[light_dark]_source_grad_smbh__stochastic c875b02aa318e1fd0308b98e2c90d634 
2022-02-27 14:44:23,878 - autofit.database.aggregator.scrape - INFO - Creating fit for: f814w mass_light_dark[1]_light[fixed]_mass[light_dark]_source_grad__clump 90e020ac0edbb7a939c48673ff4c5ea4 
2022-02-27 14:44:24,620 - autofit.database.aggregator.scrape - INFO - Creating fit for: f814w mass_light_dark[1]_light[fixed]_mass[light_dark]_source_grad__clump aa9192056b12d1f28daaefc2ca753067 
2022-02-27 14:44:25,246 - autofit.database.aggregator.scrape - INFO - Creating fit for: f814w mass_light_dark[1]_light[fixed]_mass[light_dark]_source_grad__stochastic 1f598e00fce373df05628b6210ffcc72 
2022-02-27 14:44:25,476 - autofit.database.aggregator.scrape - INFO - Creating fit for: f814w mass_light_dark[1]_light[fixed]_mass[light_dark]_source_grad__stochastic 69de13197b474bc9e2a0a810651226bf 
2022-02-27 14:44:25,781 - autofit.database.aggregator.scrape - INFO - Creating fit for: f814w mass_total[1]_mass[total]_source 34cf40a56c4b7fedf949f38521c03d55 
2022-02-27 14:44:25,997 - autofit.database.aggregator.scrape - INFO - Creating fit for: f814w mass_total[1]_mass[total]_source 4acef27cef332aef86a8a2c003a5909c 
2022-02-27 14:44:26,221 - autofit.database.aggregator.scrape - INFO - Creating fit for: f814w mass_total[1]_mass[total]_source 5bdc4056077d7fce92ca9cebb7b9a9fe 
2022-02-27 14:44:26,486 - autofit.database.aggregator.scrape - INFO - Creating fit for: f814w mass_total[1]_mass[total]_source a9bf17406fd15aafb0c7f587141a67dc 
2022-02-27 14:44:26,660 - autofit.database.aggregator.scrape - INFO - Creating fit for: f814w mass_total[1]_mass[total]_source bc2c5fa02f978f00f5ac264dd9c611e9 
2022-02-27 14:44:26,933 - autofit.database.aggregator.scrape - INFO - Creating fit for: f814w mass_total[1]_mass[total]_source c75f553ac64c95bc11b41958d9ef8129 
2022-02-27 14:44:27,094 - autofit.database.aggregator.scrape - INFO - Creating fit for: f814w mass_total[1]_mass[total]_source_centre_prior 36f2e689687f385eea1f9ce0a3d71f8f 
2022-02-27 14:44:27,286 - autofit.database.aggregator.scrape - INFO - Creating fit for: f814w mass_total[1]_mass[total]_source_centre_prior bef1a2398199cd12d2add2fe1f93ab0e 
2022-02-27 14:44:27,573 - autofit.database.aggregator.scrape - INFO - Creating fit for: f814w mass_total[1]_mass[total]_source_centre_prior d4b986d1d13f47824938cb1789ef297a 
2022-02-27 14:44:27,793 - autofit.database.aggregator.scrape - INFO - Creating fit for: f814w mass_total[1]_mass[total]_source_centre_prior e8ffb9313e99e0f673821dc34a2795b2 
2022-02-27 14:44:28,065 - autofit.database.aggregator.scrape - INFO - Creating fit for: f814w mass_total[1]_mass[total]_source_clump 6eb309957e7df3b8dee874267cb5e6b1 
2022-02-27 14:44:28,260 - autofit.database.aggregator.scrape - INFO - Creating fit for: f814w mass_total[1]_mass[total]_source_clump 7cfc53d4e906b22cf554f2e44b8a4aea 
2022-02-27 14:44:28,546 - autofit.database.aggregator.scrape - INFO - Creating fit for: f814w mass_total[1]_mass[total]_source_clump 8fe329ee79667b8c42a5204db9b57ace 
2022-02-27 14:44:28,772 - autofit.database.aggregator.scrape - INFO - Creating fit for: f814w mass_total[1]_mass[total]_source_clump 9eaa09f43a2ec6cfd9b83f3cdc4f656b 
2022-02-27 14:44:29,037 - autofit.database.aggregator.scrape - INFO - Creating fit for: f814w mass_total[1]_mass[total]_source_smbh_fixed 0734f2770f790a8871c87aa30f107835 
2022-02-27 14:44:29,225 - autofit.database.aggregator.scrape - INFO - Creating fit for: f814w mass_total[1]_mass[total]_source_smbh_fixed 11fd57bcd9fec658c35aaa2067596c65 
2022-02-27 14:44:29,393 - autofit.database.aggregator.scrape - INFO - Creating fit for: f814w mass_total[1]_mass[total]_source_smbh_fixed 28c25b722812152855f88ef343042d1a 
2022-02-27 14:44:29,647 - autofit.database.aggregator.scrape - INFO - Creating fit for: f814w mass_total[1]_mass[total]_source_smbh_fixed 3af1c35e91f35a283aee89cf5aadc46e 
2022-02-27 14:44:29,816 - autofit.database.aggregator.scrape - INFO - Creating fit for: f814w mass_total[1]_mass[total]_source_smbh_fixed 46b9c7e64bd0aa64ac7d3246bca6123a 
2022-02-27 14:44:29,979 - autofit.database.aggregator.scrape - INFO - Creating fit for: f814w mass_total[1]_mass[total]_source_smbh_fixed 7f98194ab31250b2d8238faec6cf69ff 
2022-02-27 14:44:30,210 - autofit.database.aggregator.scrape - INFO - Creating fit for: f814w mass_total[1]_mass[total]_source_smbh_fixed 84e7f4bc827d89b7a862e45f5448b282 
2022-02-27 14:44:30,394 - autofit.database.aggregator.scrape - INFO - Creating fit for: f814w mass_total[1]_mass[total]_source_smbh_fixed 8bb9264c9354bbf18c161869624c749d 
2022-02-27 14:44:30,659 - autofit.database.aggregator.scrape - INFO - Creating fit for: f814w mass_total[1]_mass[total]_source_smbh_fixed a780905d748014723ea81c4961a7048f 
2022-02-27 14:44:30,856 - autofit.database.aggregator.scrape - INFO - Creating fit for: f814w mass_total[1]_mass[total]_source_smbh_fixed adecd646d0422dd8b3c27bea8656d743 
2022-02-27 14:44:31,053 - autofit.database.aggregator.scrape - INFO - Creating fit for: f814w mass_total[1]_mass[total]_source_smbh_fixed c14203b61b1398511968c0e341a5c309 
2022-02-27 14:44:31,313 - autofit.database.aggregator.scrape - INFO - Creating fit for: f814w mass_total[1]_mass[total]_source_smbh_fixed e2ac19236dfe3fd1077094ffe48ccd98 
2022-02-27 14:44:31,502 - autofit.database.aggregator.scrape - INFO - Creating fit for: f814w mass_total[1]_mass[total]_source_smbh_fixed e663d7600b083a5e3e4c8707baf5c2a4 
2022-02-27 14:44:31,760 - autofit.database.aggregator.scrape - INFO - Creating fit for: f814w mass_total[1]_mass[total]_source_smbh_fixed f9f8e91a49ee5eb54381132b7a9391f2 
2022-02-27 14:44:31,934 - autofit.database.aggregator.scrape - INFO - Creating fit for: f814w mass_total[1]_mass[total]_source__stochastic 0232eade527175a65c57b62a76e93702 
2022-02-27 14:44:32,049 - autofit.database.aggregator.scrape - INFO - Creating fit for: f814w mass_total[1]_mass[total]_source__stochastic 1c5408ede7b0bfdc8672bafb27a70d20 
2022-02-27 14:44:32,175 - autofit.database.aggregator.scrape - INFO - Creating fit for: f814w mass_total[1]_mass[total]_source__stochastic 6628de5dbeab650000fe917250d46253 
2022-02-27 14:44:32,291 - autofit.database.aggregator.scrape - INFO - Creating fit for: f814w mass_total[1]_mass[total]_source__stochastic 86967f47e4bacfcafba744a75ac0fb09 
2022-02-27 14:44:32,472 - autofit.database.aggregator.scrape - INFO - Creating fit for: f814w source_inversion[1]_mass[fixed]_source[inversion_magnification_initialization] b6dda97412242e9daba338f5124d3afd 
2022-02-27 14:44:32,566 - autofit.database.aggregator.scrape - INFO - Creating fit for: f814w source_inversion[2]_mass[total]_source[fixed] aa16d5703c787d2d96e193aa4126f089 
2022-02-27 14:44:32,667 - autofit.database.aggregator.scrape - INFO - Creating fit for: f814w source_inversion[3]_mass[fixed]_source[inversion_initialization] 6801f1ce170c8a16d18f91b44ace8e38 
2022-02-27 14:44:32,747 - autofit.database.aggregator.scrape - INFO - Creating fit for: f814w source_inversion[4]_mass[total]_source[fixed] 512097d1d4904d99584d9d3580a927e1 
2022-02-27 14:44:32,851 - autofit.database.aggregator.scrape - INFO - Creating fit for: f814w source_inversion[4]_mass[total]_source[fixed]__hyper 36381117135471417ac213d5f9dba60d 
2022-02-27 14:44:33,122 - autofit.database.aggregator.scrape - INFO - Creating fit for: f814w source_parametric[1]_mass[total]_source[parametric] 2ba901715c2b1e9548aeb93d883917d0 
2022-02-27 14:45:40,615 - autofit.database.aggregator.scrape - INFO - Scraping directory output/rjlens
2022-02-27 14:45:53,799 - autofit.database.aggregator.scrape - INFO - 41 searches found
2022-02-27 14:46:01,290 - autofit.database.aggregator.scrape - INFO - Creating fit for: f390w light[1]_light[parametric] 10d0fddc37aad040a47cf43f77bec83f 
2022-02-27 14:46:02,949 - autofit.database.aggregator.scrape - INFO - Creating fit for: f390w light[1]_light[parametric] 89a659ef5fa7638e5f07cd6e543f7ef3 
2022-02-27 14:46:04,076 - autofit.database.aggregator.scrape - INFO - Creating fit for: f390w light[1]_light[parametric] c6cb285d8a7c9a578e9f2f71c6cca757 
2022-02-27 14:46:05,312 - autofit.database.aggregator.scrape - INFO - Creating fit for: f390w light[1]_light[parametric] df518294569ef6c6e588e0ee66cf3bec 
2022-02-27 14:46:06,698 - autofit.database.aggregator.scrape - INFO - Creating fit for: f390w mass_total[1]_light[parametric]_mass[total]_source 2ccb9b9abc7a8924f5eacf6f54713918 
2022-02-27 14:46:07,198 - autofit.database.aggregator.scrape - INFO - Creating fit for: f390w mass_total[1]_light[parametric]_mass[total]_source 82928cc1d82276d56fa3b52f138d7269 
2022-02-27 14:46:07,501 - autofit.database.aggregator.scrape - INFO - Creating fit for: f390w mass_total[1]_light[parametric]_mass[total]_source a00b039c0cfc0313443a1f05f9e03fe7 
2022-02-27 14:46:07,744 - autofit.database.aggregator.scrape - INFO - Creating fit for: f390w mass_total[1]_light[parametric]_mass[total]_source a932eaa2e63dde4c5fd9a7c5327f39d7 
2022-02-27 14:46:08,076 - autofit.database.aggregator.scrape - INFO - Creating fit for: f390w mass_total[1]_light[parametric]_mass[total]_source__stochastic 27625784d9cd737a280d23cb276b09d0 
2022-02-27 14:46:08,256 - autofit.database.aggregator.scrape - INFO - Creating fit for: f390w mass_total[1]_light[parametric]_mass[total]_source__stochastic 4610d2a39f438e30aa88f157fe65cf17 
2022-02-27 14:46:08,397 - autofit.database.aggregator.scrape - INFO - Creating fit for: f390w mass_total[1]_light[parametric]_mass[total]_source__stochastic 5f6a23f6a5cb1327d974e5fa43667f28 
2022-02-27 14:46:08,594 - autofit.database.aggregator.scrape - INFO - Creating fit for: f390w mass_total[1]_light[parametric]_mass[total]_source__stochastic ae1cb58cd70af46d8079fffd66f1044f 
2022-02-27 14:46:08,727 - autofit.database.aggregator.scrape - INFO - Creating fit for: f390w source_inversion[1]_light[fixed]_mass[fixed]_source[inversion_magnification_initialization] 025b12ebb20fdb827234500c5e662d55 
2022-02-27 14:46:08,843 - autofit.database.aggregator.scrape - INFO - Creating fit for: f390w source_inversion[2]_light[fixed]_mass[total]_source[inversion_magnification] 8f7bce625d602ac1703124d42acaa780 
2022-02-27 14:46:08,980 - autofit.database.aggregator.scrape - INFO - Creating fit for: f390w source_inversion[3]_light[fixed]_mass[fixed]_source[inversion_initialization] dd18ade8c3d823f4851e5c80b96f577d 
2022-02-27 14:46:09,161 - autofit.database.aggregator.scrape - INFO - Creating fit for: f390w source_inversion[4]_light[fixed]_mass[total]_source[inversion] d996c331c20f5569f2054e5529f5cc12 
2022-02-27 14:46:09,314 - autofit.database.aggregator.scrape - INFO - Creating fit for: f390w source_inversion[4]_light[fixed]_mass[total]_source[inversion]__hyper 40cf97244ff76b65372b15e515295a0f 
2022-02-27 14:46:09,455 - autofit.database.aggregator.scrape - INFO - Creating fit for: f390w source_parametric[1]_light[parametric] 91733a18099afde88545d920ceb918c7 
2022-02-27 14:46:09,908 - autofit.database.aggregator.scrape - INFO - Creating fit for: f390w source_parametric[2]_light[fixed]_mass[total]_source[parametric] c10c58229604f6eaa96e7554df52ad69 
2022-02-27 14:46:11,723 - autofit.database.aggregator.scrape - INFO - Creating fit for: f390w source_parametric[3]_light[parametric]_mass[total]_source[parametric] fb15ce9861847f2532883edf547271ed 
2022-02-27 14:46:16,183 - autofit.database.aggregator.scrape - INFO - Creating fit for: f814w light[1]_light[parametric] 09dd9ed94df7376d8bbbad73981e838d 
2022-02-27 14:46:18,951 - autofit.database.aggregator.scrape - INFO - Creating fit for: f814w light[1]_light[parametric] 4eaa21df4249c042e07ad9766ff51e70 
2022-02-27 14:46:20,107 - autofit.database.aggregator.scrape - INFO - Creating fit for: f814w light[1]_light[parametric] 90f64c44f19b25fe39cc9df7b8ad6829 
2022-02-27 14:46:22,035 - autofit.database.aggregator.scrape - INFO - Creating fit for: f814w light[1]_light[parametric] 94023da7450e8def508e25dfc5ea3e27 
2022-02-27 14:46:24,587 - autofit.database.aggregator.scrape - INFO - Creating fit for: f814w light[1]_light[parametric] c0a4438c1d371ef355df13e16a3566dd 
2022-02-27 14:46:26,443 - autofit.database.aggregator.scrape - INFO - Creating fit for: f814w mass_total[1]_light[parametric]_mass[total]_source 52e17b19ea225936767cf7e793436391 
2022-02-27 14:46:26,740 - autofit.database.aggregator.scrape - INFO - Creating fit for: f814w mass_total[1]_light[parametric]_mass[total]_source 79a6ec0671ff47410c694bc6b3cb9124 
2022-02-27 14:46:26,906 - autofit.database.aggregator.scrape - INFO - Creating fit for: f814w mass_total[1]_light[parametric]_mass[total]_source c421af35f0afa788838764cafb496c73 
2022-02-27 14:46:27,133 - autofit.database.aggregator.scrape - INFO - Creating fit for: f814w mass_total[1]_light[parametric]_mass[total]_source ed23657fde48ec98acc24533e1ad8dd7 
2022-02-27 14:46:27,299 - autofit.database.aggregator.scrape - INFO - Creating fit for: f814w mass_total[1]_light[parametric]_mass[total]_source__stochastic 12da0b928239e7dc44917de465d9d008 
2022-02-27 14:46:27,416 - autofit.database.aggregator.scrape - INFO - Creating fit for: f814w mass_total[1]_light[parametric]_mass[total]_source__stochastic 44924cf4b8c82ebdbcb87245f8335a04 
2022-02-27 14:46:27,595 - autofit.database.aggregator.scrape - INFO - Creating fit for: f814w mass_total[1]_light[parametric]_mass[total]_source__stochastic 46b9e6bb5c5a49016a38bc6d112dfa29 
2022-02-27 14:46:27,713 - autofit.database.aggregator.scrape - INFO - Creating fit for: f814w mass_total[1]_light[parametric]_mass[total]_source__stochastic efc5ef612dd81a25e5a39ccdaa30570a 
2022-02-27 14:46:27,830 - autofit.database.aggregator.scrape - INFO - Creating fit for: f814w source_inversion[1]_light[fixed]_mass[fixed]_source[inversion_magnification_initialization] 17413e7d35aeaa1799cede91edadb2af 
2022-02-27 14:46:27,928 - autofit.database.aggregator.scrape - INFO - Creating fit for: f814w source_inversion[2]_light[fixed]_mass[total]_source[inversion_magnification] 7274731c5f3981edc1e2857283a25eeb 
2022-02-27 14:46:28,026 - autofit.database.aggregator.scrape - INFO - Creating fit for: f814w source_inversion[3]_light[fixed]_mass[fixed]_source[inversion_initialization] b3174520f1fc1e7761414df3d869888c 
2022-02-27 14:46:28,107 - autofit.database.aggregator.scrape - INFO - Creating fit for: f814w source_inversion[4]_light[fixed]_mass[total]_source[inversion] 6a46c2276d89db87e73b20ded6701cd5 
2022-02-27 14:46:28,285 - autofit.database.aggregator.scrape - INFO - Creating fit for: f814w source_inversion[4]_light[fixed]_mass[total]_source[inversion]__hyper 9ac0ba7e66fb8149cce0d5d7e13bf9ce 
2022-02-27 14:46:28,811 - autofit.database.aggregator.scrape - INFO - Creating fit for: f814w source_parametric[1]_light[parametric] 275402e16ee377ec5b1b6fc6535a7e5e 
2022-02-27 14:46:30,580 - autofit.database.aggregator.scrape - INFO - Creating fit for: f814w source_parametric[2]_light[fixed]_mass[total]_source[parametric] 6f3b87857e787926039a97b959f44459 
2022-02-27 14:46:32,363 - autofit.database.aggregator.scrape - INFO - Creating fit for: f814w source_parametric[3]_light[parametric]_mass[total]_source[parametric] 846c4967078bb645491f8b84e5dc51b5 
