Saving path info
Not complete. Starting non-linear search.
number_of_cores == 28...
...using SneakyPool. This copies the likelihood functionto each process on instantiation to avoid copying multipletimes.
No Dynesty samples found, beginning new non-linear search. 
10000 Iterations: Performing update (Visualization, outputting samples, etc.).
Visualizing
Outputting model result
20000 Iterations: Performing update (Visualization, outputting samples, etc.).
Visualizing
Outputting model result
30000 Iterations: Performing update (Visualization, outputting samples, etc.).
Visualizing
Outputting model result
40000 Iterations: Performing update (Visualization, outputting samples, etc.).
Visualizing
Outputting model result
50000 Iterations: Performing update (Visualization, outputting samples, etc.).
Visualizing
Outputting model result
60000 Iterations: Performing update (Visualization, outputting samples, etc.).
Visualizing
Outputting model result
70000 Iterations: Performing update (Visualization, outputting samples, etc.).
Visualizing
Outputting model result
80000 Iterations: Performing update (Visualization, outputting samples, etc.).
Visualizing
Outputting model result
90000 Iterations: Performing update (Visualization, outputting samples, etc.).
Visualizing
Outputting model result
100000 Iterations: Performing update (Visualization, outputting samples, etc.).
Visualizing
Outputting model result
110000 Iterations: Performing update (Visualization, outputting samples, etc.).
Visualizing
Outputting model result
120000 Iterations: Performing update (Visualization, outputting samples, etc.).
Visualizing
Outputting model result
130000 Iterations: Performing update (Visualization, outputting samples, etc.).
Visualizing
Outputting model result
140000 Iterations: Performing update (Visualization, outputting samples, etc.).
Visualizing
Outputting model result
150000 Iterations: Performing update (Visualization, outputting samples, etc.).
Visualizing
Outputting model result
160000 Iterations: Performing update (Visualization, outputting samples, etc.).
Visualizing
Outputting model result
170000 Iterations: Performing update (Visualization, outputting samples, etc.).
Visualizing
Outputting model result
180000 Iterations: Performing update (Visualization, outputting samples, etc.).
Visualizing
Outputting model result
190000 Iterations: Performing update (Visualization, outputting samples, etc.).
Visualizing
Outputting model result
200000 Iterations: Performing update (Visualization, outputting samples, etc.).
Visualizing
Outputting model result
210000 Iterations: Performing update (Visualization, outputting samples, etc.).
Visualizing
Outputting model result
220000 Iterations: Performing update (Visualization, outputting samples, etc.).
Visualizing
Outputting model result
230000 Iterations: Performing update (Visualization, outputting samples, etc.).
Visualizing
Outputting model result
240000 Iterations: Performing update (Visualization, outputting samples, etc.).
Visualizing
Outputting model result
250000 Iterations: Performing update (Visualization, outputting samples, etc.).
Visualizing
Outputting model result
260000 Iterations: Performing update (Visualization, outputting samples, etc.).
Visualizing
Outputting model result
270000 Iterations: Performing update (Visualization, outputting samples, etc.).
Visualizing
Outputting model result
280000 Iterations: Performing update (Visualization, outputting samples, etc.).
Visualizing
Outputting model result
290000 Iterations: Performing update (Visualization, outputting samples, etc.).
Visualizing
Outputting model result
300000 Iterations: Performing update (Visualization, outputting samples, etc.).
Visualizing
Outputting model result
310000 Iterations: Performing update (Visualization, outputting samples, etc.).
Visualizing
Outputting model result
320000 Iterations: Performing update (Visualization, outputting samples, etc.).
Visualizing
Outputting model result
330000 Iterations: Performing update (Visualization, outputting samples, etc.).
Visualizing
Outputting model result
340000 Iterations: Performing update (Visualization, outputting samples, etc.).
Visualizing
Outputting model result
350000 Iterations: Performing update (Visualization, outputting samples, etc.).
Visualizing
Outputting model result
360000 Iterations: Performing update (Visualization, outputting samples, etc.).
Visualizing
Outputting model result
370000 Iterations: Performing update (Visualization, outputting samples, etc.).
Visualizing
Outputting model result
380000 Iterations: Performing update (Visualization, outputting samples, etc.).
Visualizing
Outputting model result
390000 Iterations: Performing update (Visualization, outputting samples, etc.).
Visualizing
Outputting model result
400000 Iterations: Performing update (Visualization, outputting samples, etc.).
Visualizing
Outputting model result
410000 Iterations: Performing update (Visualization, outputting samples, etc.).
Visualizing
Outputting model result
420000 Iterations: Performing update (Visualization, outputting samples, etc.).
Visualizing
Outputting model result
430000 Iterations: Performing update (Visualization, outputting samples, etc.).
Visualizing
Outputting model result
440000 Iterations: Performing update (Visualization, outputting samples, etc.).
Visualizing
Outputting model result
450000 Iterations: Performing update (Visualization, outputting samples, etc.).
Visualizing
Outputting model result
460000 Iterations: Performing update (Visualization, outputting samples, etc.).
Visualizing
Outputting model result
470000 Iterations: Performing update (Visualization, outputting samples, etc.).
Visualizing
Outputting model result
480000 Iterations: Performing update (Visualization, outputting samples, etc.).
Visualizing
Outputting model result
490000 Iterations: Performing update (Visualization, outputting samples, etc.).
Visualizing
Outputting model result
500000 Iterations: Performing update (Visualization, outputting samples, etc.).
Visualizing
Outputting model result
510000 Iterations: Performing update (Visualization, outputting samples, etc.).
Visualizing
Outputting model result
520000 Iterations: Performing update (Visualization, outputting samples, etc.).
Visualizing
Outputting model result
530000 Iterations: Performing update (Visualization, outputting samples, etc.).
Visualizing
Outputting model result
540000 Iterations: Performing update (Visualization, outputting samples, etc.).
Visualizing
Outputting model result
550000 Iterations: Performing update (Visualization, outputting samples, etc.).
Visualizing
Outputting model result
560000 Iterations: Performing update (Visualization, outputting samples, etc.).
Visualizing
Outputting model result
570000 Iterations: Performing update (Visualization, outputting samples, etc.).
Visualizing
Outputting model result
580000 Iterations: Performing update (Visualization, outputting samples, etc.).
Visualizing
Outputting model result
590000 Iterations: Performing update (Visualization, outputting samples, etc.).
Visualizing
Outputting model result
600000 Iterations: Performing update (Visualization, outputting samples, etc.).
Visualizing
Outputting model result
610000 Iterations: Performing update (Visualization, outputting samples, etc.).
Visualizing
Outputting model result
620000 Iterations: Performing update (Visualization, outputting samples, etc.).
Visualizing
Outputting model result
630000 Iterations: Performing update (Visualization, outputting samples, etc.).
Visualizing
Outputting model result
640000 Iterations: Performing update (Visualization, outputting samples, etc.).
Visualizing
Outputting model result
650000 Iterations: Performing update (Visualization, outputting samples, etc.).
Visualizing
Outputting model result
660000 Iterations: Performing update (Visualization, outputting samples, etc.).
Visualizing
Outputting model result
670000 Iterations: Performing update (Visualization, outputting samples, etc.).
Visualizing
Outputting model result
680000 Iterations: Performing update (Visualization, outputting samples, etc.).
Visualizing
Outputting model result
Removing state files
Removing zip file
Saving path info
Already completed, skipping non-linear search.
Forcing pickle overwrite
Removing zip file
Saving path info
Already completed, skipping non-linear search.
Forcing pickle overwrite
Removing zip file
Saving path info
Already completed, skipping non-linear search.
Forcing pickle overwrite
Removing zip file
Saving path info
Already completed, skipping non-linear search.
Forcing pickle overwrite
Removing zip file
Saving path info
Already completed, skipping non-linear search.
Forcing pickle overwrite
Removing zip file
Saving path info
Already completed, skipping non-linear search.
Forcing pickle overwrite
Removing zip file
Saving path info
Already completed, skipping non-linear search.
Forcing pickle overwrite
Removing zip file
Saving path info
Already completed, skipping non-linear search.
Forcing pickle overwrite
Removing zip file
Saving path info
Already completed, skipping non-linear search.
Forcing pickle overwrite
Removing zip file
Saving path info
Already completed, skipping non-linear search.
Forcing pickle overwrite
Removing zip file
Saving path info
Already completed, skipping non-linear search.
Forcing pickle overwrite
Removing zip file
Saving path info
Already completed, skipping non-linear search.
Forcing pickle overwrite
Removing zip file
Saving path info
Already completed, skipping non-linear search.
Forcing pickle overwrite
Removing zip file
Saving path info
Already completed, skipping non-linear search.
Forcing pickle overwrite
Removing zip file
Saving path info
Already completed, skipping non-linear search.
Forcing pickle overwrite
Removing zip file
Saving path info
Already completed, skipping non-linear search.
Forcing pickle overwrite
Removing zip file
Saving path info
Already completed, skipping non-linear search.
Forcing pickle overwrite
Removing zip file
Saving path info
Already completed, skipping non-linear search.
Forcing pickle overwrite
Removing zip file
Saving path info
Already completed, skipping non-linear search.
Forcing pickle overwrite
Removing zip file
Saving path info
Already completed, skipping non-linear search.
Forcing pickle overwrite
Removing zip file
Saving path info
Already completed, skipping non-linear search.
Forcing pickle overwrite
Removing zip file
Saving path info
Already completed, skipping non-linear search.
Forcing pickle overwrite
Removing zip file
Saving path info
Already completed, skipping non-linear search.
Forcing pickle overwrite
Removing zip file
Saving path info
Already completed, skipping non-linear search.
Forcing pickle overwrite
Removing zip file
Saving path info
Already completed, skipping non-linear search.
Forcing pickle overwrite
Removing zip file
Saving path info
Already completed, skipping non-linear search.
Forcing pickle overwrite
Removing zip file
Saving path info
Already completed, skipping non-linear search.
Forcing pickle overwrite
Removing zip file
Saving path info
Already completed, skipping non-linear search.
Forcing pickle overwrite
Removing zip file
Saving path info
Already completed, skipping non-linear search.
Forcing pickle overwrite
Removing zip file
Saving path info
Already completed, skipping non-linear search.
Forcing pickle overwrite
Removing zip file
Saving path info
Already completed, skipping non-linear search.
Forcing pickle overwrite
Removing zip file
Saving path info
Already completed, skipping non-linear search.
Forcing pickle overwrite
Removing zip file
Saving path info
Already completed, skipping non-linear search.
Forcing pickle overwrite
Removing zip file
Saving path info
Already completed, skipping non-linear search.
Forcing pickle overwrite
Removing zip file
Saving path info
Already completed, skipping non-linear search.
Forcing pickle overwrite
Removing zip file
Saving path info
Already completed, skipping non-linear search.
Forcing pickle overwrite
Removing zip file
Saving path info
Already completed, skipping non-linear search.
Forcing pickle overwrite
Removing zip file
Saving path info
Already completed, skipping non-linear search.
Forcing pickle overwrite
Removing zip file
Saving path info
Already completed, skipping non-linear search.
Forcing pickle overwrite
Removing zip file
Saving path info
Already completed, skipping non-linear search.
Forcing pickle overwrite
Removing zip file
Saving path info
Already completed, skipping non-linear search.
Forcing pickle overwrite
Removing zip file
Saving path info
Already completed, skipping non-linear search.
Forcing pickle overwrite
Removing zip file
Saving path info
Already completed, skipping non-linear search.
Forcing pickle overwrite
Removing zip file
Saving path info
Already completed, skipping non-linear search.
Forcing pickle overwrite
Removing zip file
Saving path info
Already completed, skipping non-linear search.
Forcing pickle overwrite
Removing zip file
Saving path info
Already completed, skipping non-linear search.
Forcing pickle overwrite
Removing zip file
Saving path info
Already completed, skipping non-linear search.
Forcing pickle overwrite
Removing zip file
Saving path info
Already completed, skipping non-linear search.
Forcing pickle overwrite
Removing zip file
Saving path info
Already completed, skipping non-linear search.
Forcing pickle overwrite
Removing zip file
Saving path info
Already completed, skipping non-linear search.
Forcing pickle overwrite
Removing zip file
Saving path info
Already completed, skipping non-linear search.
Forcing pickle overwrite
Removing zip file
Saving path info
Already completed, skipping non-linear search.
Forcing pickle overwrite
Removing zip file
Saving path info
Already completed, skipping non-linear search.
Forcing pickle overwrite
Removing zip file
Saving path info
Already completed, skipping non-linear search.
Forcing pickle overwrite
Removing zip file
Saving path info
Already completed, skipping non-linear search.
Forcing pickle overwrite
Removing zip file
Saving path info
Already completed, skipping non-linear search.
Forcing pickle overwrite
Removing zip file
Saving path info
Already completed, skipping non-linear search.
Forcing pickle overwrite
Removing zip file
Saving path info
Already completed, skipping non-linear search.
Forcing pickle overwrite
Removing zip file
Saving path info
Already completed, skipping non-linear search.
Forcing pickle overwrite
Removing zip file
Saving path info
Already completed, skipping non-linear search.
Forcing pickle overwrite
Removing zip file
Saving path info
Already completed, skipping non-linear search.
Forcing pickle overwrite
Removing zip file
Saving path info
Already completed, skipping non-linear search.
Forcing pickle overwrite
Removing zip file
Saving path info
Already completed, skipping non-linear search.
Forcing pickle overwrite
Removing zip file
Saving path info
Already completed, skipping non-linear search.
Forcing pickle overwrite
Removing zip file
Saving path info
Already completed, skipping non-linear search.
Forcing pickle overwrite
Removing zip file
Saving path info
Already completed, skipping non-linear search.
Forcing pickle overwrite
Removing zip file
Saving path info
Already completed, skipping non-linear search.
Forcing pickle overwrite
Removing zip file
Saving path info
Already completed, skipping non-linear search.
Forcing pickle overwrite
Removing zip file
Saving path info
Already completed, skipping non-linear search.
Forcing pickle overwrite
Removing zip file
Saving path info
Already completed, skipping non-linear search.
Forcing pickle overwrite
Removing zip file
Saving path info
Already completed, skipping non-linear search.
Forcing pickle overwrite
Removing zip file
Saving path info
Already completed, skipping non-linear search.
Forcing pickle overwrite
Removing zip file
Saving path info
Already completed, skipping non-linear search.
Forcing pickle overwrite
Removing zip file
Saving path info
Already completed, skipping non-linear search.
Forcing pickle overwrite
Removing zip file
Saving path info
Already completed, skipping non-linear search.
Forcing pickle overwrite
Removing zip file
Saving path info
Already completed, skipping non-linear search.
Forcing pickle overwrite
Removing zip file
Saving path info
Already completed, skipping non-linear search.
Forcing pickle overwrite
Removing zip file
Saving path info
Already completed, skipping non-linear search.
Forcing pickle overwrite
Removing zip file
Saving path info
Already completed, skipping non-linear search.
Forcing pickle overwrite
Removing zip file
Saving path info
Already completed, skipping non-linear search.
Forcing pickle overwrite
Removing zip file
Saving path info
Already completed, skipping non-linear search.
Forcing pickle overwrite
Removing zip file
Saving path info
Already completed, skipping non-linear search.
Forcing pickle overwrite
Removing zip file
Saving path info
Already completed, skipping non-linear search.
Forcing pickle overwrite
Removing zip file
Saving path info
Already completed, skipping non-linear search.
Forcing pickle overwrite
Removing zip file
Saving path info
Already completed, skipping non-linear search.
Forcing pickle overwrite
Removing zip file
Saving path info
Already completed, skipping non-linear search.
Forcing pickle overwrite
Removing zip file
Saving path info
Already completed, skipping non-linear search.
Forcing pickle overwrite
Removing zip file
Saving path info
Already completed, skipping non-linear search.
Forcing pickle overwrite
Removing zip file
Saving path info
Already completed, skipping non-linear search.
Forcing pickle overwrite
Removing zip file
Saving path info
Already completed, skipping non-linear search.
Forcing pickle overwrite
Removing zip file
Saving path info
Already completed, skipping non-linear search.
Forcing pickle overwrite
Removing zip file
Saving path info
Already completed, skipping non-linear search.
Forcing pickle overwrite
Removing zip file
Saving path info
Already completed, skipping non-linear search.
Forcing pickle overwrite
Removing zip file
Saving path info
Already completed, skipping non-linear search.
Forcing pickle overwrite
Removing zip file
Saving path info
Already completed, skipping non-linear search.
Forcing pickle overwrite
Removing zip file
Saving path info
Already completed, skipping non-linear search.
Forcing pickle overwrite
Removing zip file
Saving path info
Already completed, skipping non-linear search.
Forcing pickle overwrite
Removing zip file
Saving path info
Already completed, skipping non-linear search.
Forcing pickle overwrite
Removing zip file
Saving path info
Already completed, skipping non-linear search.
Forcing pickle overwrite
Removing zip file
Saving path info
Already completed, skipping non-linear search.
Forcing pickle overwrite
Removing zip file
Saving path info
Already completed, skipping non-linear search.
Forcing pickle overwrite
Removing zip file
Saving path info
Already completed, skipping non-linear search.
Forcing pickle overwrite
Removing zip file
Saving path info
Already completed, skipping non-linear search.
Forcing pickle overwrite
Removing zip file
Saving path info
Already completed, skipping non-linear search.
Forcing pickle overwrite
Removing zip file
Saving path info
Already completed, skipping non-linear search.
Forcing pickle overwrite
Removing zip file
Saving path info
Already completed, skipping non-linear search.
Forcing pickle overwrite
Removing zip file
Saving path info
Already completed, skipping non-linear search.
Forcing pickle overwrite
Removing zip file
Saving path info
Already completed, skipping non-linear search.
Forcing pickle overwrite
Removing zip file
Saving path info
Already completed, skipping non-linear search.
Forcing pickle overwrite
Removing zip file
Saving path info
Already completed, skipping non-linear search.
Forcing pickle overwrite
Removing zip file
Saving path info
Already completed, skipping non-linear search.
Forcing pickle overwrite
Removing zip file
Saving path info
Already completed, skipping non-linear search.
Forcing pickle overwrite
Removing zip file
Saving path info
Already completed, skipping non-linear search.
Forcing pickle overwrite
Removing zip file
Saving path info
Already completed, skipping non-linear search.
Forcing pickle overwrite
Removing zip file
Saving path info
Already completed, skipping non-linear search.
Forcing pickle overwrite
Removing zip file
Saving path info
Already completed, skipping non-linear search.
Forcing pickle overwrite
Removing zip file
Saving path info
Already completed, skipping non-linear search.
Forcing pickle overwrite
Removing zip file
Saving path info
Already completed, skipping non-linear search.
Forcing pickle overwrite
Removing zip file
Saving path info
Already completed, skipping non-linear search.
Forcing pickle overwrite
Removing zip file
Saving path info
Already completed, skipping non-linear search.
Forcing pickle overwrite
Removing zip file
Saving path info
Already completed, skipping non-linear search.
Forcing pickle overwrite
Removing zip file
Saving path info
Already completed, skipping non-linear search.
Forcing pickle overwrite
Removing zip file
Saving path info
Already completed, skipping non-linear search.
Forcing pickle overwrite
Removing zip file
Saving path info
Already completed, skipping non-linear search.
Forcing pickle overwrite
Removing zip file
Saving path info
Already completed, skipping non-linear search.
Forcing pickle overwrite
Removing zip file
Saving path info
Already completed, skipping non-linear search.
Forcing pickle overwrite
Removing zip file
Saving path info
Already completed, skipping non-linear search.
Forcing pickle overwrite
Removing zip file
Saving path info
Already completed, skipping non-linear search.
Forcing pickle overwrite
Removing zip file
Saving path info
Already completed, skipping non-linear search.
Forcing pickle overwrite
Removing zip file
Saving path info
Already completed, skipping non-linear search.
Forcing pickle overwrite
Removing zip file
Saving path info
Already completed, skipping non-linear search.
Forcing pickle overwrite
Removing zip file
Saving path info
Already completed, skipping non-linear search.
Forcing pickle overwrite
Removing zip file
Saving path info
Already completed, skipping non-linear search.
Forcing pickle overwrite
Removing zip file
Saving path info
Already completed, skipping non-linear search.
Forcing pickle overwrite
Removing zip file
Saving path info
Already completed, skipping non-linear search.
Forcing pickle overwrite
Removing zip file
Saving path info
Already completed, skipping non-linear search.
Forcing pickle overwrite
Removing zip file
Saving path info
Already completed, skipping non-linear search.
Forcing pickle overwrite
Removing zip file
Saving path info
Already completed, skipping non-linear search.
Forcing pickle overwrite
Removing zip file
Saving path info
Already completed, skipping non-linear search.
Forcing pickle overwrite
Removing zip file
Saving path info
Already completed, skipping non-linear search.
Forcing pickle overwrite
Removing zip file
Saving path info
Already completed, skipping non-linear search.
Forcing pickle overwrite
Removing zip file
Saving path info
Already completed, skipping non-linear search.
Forcing pickle overwrite
Removing zip file
Saving path info
Already completed, skipping non-linear search.
Forcing pickle overwrite
Removing zip file
Saving path info
Already completed, skipping non-linear search.
Forcing pickle overwrite
Removing zip file
Saving path info
Already completed, skipping non-linear search.
Forcing pickle overwrite
Removing zip file
Saving path info
Already completed, skipping non-linear search.
Forcing pickle overwrite
Removing zip file
Saving path info
Already completed, skipping non-linear search.
Forcing pickle overwrite
Removing zip file
Saving path info
Already completed, skipping non-linear search.
Forcing pickle overwrite
Removing zip file
Saving path info
Already completed, skipping non-linear search.
Forcing pickle overwrite
Removing zip file
Saving path info
Already completed, skipping non-linear search.
Forcing pickle overwrite
Removing zip file
Saving path info
Already completed, skipping non-linear search.
Forcing pickle overwrite
Removing zip file
Saving path info
Already completed, skipping non-linear search.
Forcing pickle overwrite
Removing zip file
Saving path info
Already completed, skipping non-linear search.
Forcing pickle overwrite
Removing zip file
Saving path info
Already completed, skipping non-linear search.
Forcing pickle overwrite
Removing zip file
Saving path info
Already completed, skipping non-linear search.
Forcing pickle overwrite
Removing zip file
Saving path info
Already completed, skipping non-linear search.
Forcing pickle overwrite
Removing zip file
Saving path info
Already completed, skipping non-linear search.
Forcing pickle overwrite
Removing zip file
Saving path info
Already completed, skipping non-linear search.
Forcing pickle overwrite
Removing zip file
Saving path info
Already completed, skipping non-linear search.
Forcing pickle overwrite
Removing zip file
Saving path info
Already completed, skipping non-linear search.
Forcing pickle overwrite
Removing zip file
Saving path info
Already completed, skipping non-linear search.
Forcing pickle overwrite
Removing zip file
Saving path info
Already completed, skipping non-linear search.
Forcing pickle overwrite
Removing zip file
Saving path info
Already completed, skipping non-linear search.
Forcing pickle overwrite
Removing zip file
Saving path info
Already completed, skipping non-linear search.
Forcing pickle overwrite
Removing zip file
Saving path info
Already completed, skipping non-linear search.
Forcing pickle overwrite
Removing zip file
Saving path info
Already completed, skipping non-linear search.
Forcing pickle overwrite
Removing zip file
Saving path info
Already completed, skipping non-linear search.
Forcing pickle overwrite
Removing zip file
Saving path info
Already completed, skipping non-linear search.
Forcing pickle overwrite
Removing zip file
Saving path info
Already completed, skipping non-linear search.
Forcing pickle overwrite
Removing zip file
Saving path info
Already completed, skipping non-linear search.
Forcing pickle overwrite
Removing zip file
Saving path info
Already completed, skipping non-linear search.
Forcing pickle overwrite
Removing zip file
Saving path info
Already completed, skipping non-linear search.
Forcing pickle overwrite
Removing zip file
Saving path info
Already completed, skipping non-linear search.
Forcing pickle overwrite
Removing zip file
Saving path info
Already completed, skipping non-linear search.
Forcing pickle overwrite
Removing zip file
Saving path info
Already completed, skipping non-linear search.
Forcing pickle overwrite
Removing zip file
Saving path info
Already completed, skipping non-linear search.
Forcing pickle overwrite
Removing zip file
Saving path info
Already completed, skipping non-linear search.
Forcing pickle overwrite
Removing zip file
Saving path info
Already completed, skipping non-linear search.
Forcing pickle overwrite
Removing zip file
Saving path info
Already completed, skipping non-linear search.
Forcing pickle overwrite
Removing zip file
Saving path info
Already completed, skipping non-linear search.
Forcing pickle overwrite
Removing zip file
Saving path info
Already completed, skipping non-linear search.
Forcing pickle overwrite
Removing zip file
Saving path info
Already completed, skipping non-linear search.
Forcing pickle overwrite
Removing zip file
Saving path info
Already completed, skipping non-linear search.
Forcing pickle overwrite
Removing zip file
