Saving path info
Not complete. Starting non-linear search.
number_of_cores == 1...
...not using pool
Saving path info
Not complete. Starting non-linear search.
number_of_cores == 1...
...not using pool
Saving path info
Not complete. Starting non-linear search.
number_of_cores == 1...
...not using pool
No Dynesty samples found, beginning new non-linear search. 
1000 Iterations: Performing update (Visualization, outputting samples, etc.).
Visualizing
Profiling Maximum Likelihood Model
Outputting model result
2000 Iterations: Performing update (Visualization, outputting samples, etc.).
Visualizing
Profiling Maximum Likelihood Model
Outputting model result
3000 Iterations: Performing update (Visualization, outputting samples, etc.).
Visualizing
Profiling Maximum Likelihood Model
Outputting model result
4000 Iterations: Performing update (Visualization, outputting samples, etc.).
Visualizing
Profiling Maximum Likelihood Model
Outputting model result
5000 Iterations: Performing update (Visualization, outputting samples, etc.).
Visualizing
Profiling Maximum Likelihood Model
Outputting model result
6000 Iterations: Performing update (Visualization, outputting samples, etc.).
Visualizing
Profiling Maximum Likelihood Model
Outputting model result
7000 Iterations: Performing update (Visualization, outputting samples, etc.).
Visualizing
Profiling Maximum Likelihood Model
Outputting model result
8000 Iterations: Performing update (Visualization, outputting samples, etc.).
Visualizing
Profiling Maximum Likelihood Model
Outputting model result
9000 Iterations: Performing update (Visualization, outputting samples, etc.).
Visualizing
Profiling Maximum Likelihood Model
Outputting model result
10000 Iterations: Performing update (Visualization, outputting samples, etc.).
Visualizing
Profiling Maximum Likelihood Model
Outputting model result
11000 Iterations: Performing update (Visualization, outputting samples, etc.).
Visualizing
Profiling Maximum Likelihood Model
Outputting model result
12000 Iterations: Performing update (Visualization, outputting samples, etc.).
Visualizing
Profiling Maximum Likelihood Model
Outputting model result
13000 Iterations: Performing update (Visualization, outputting samples, etc.).
Visualizing
Profiling Maximum Likelihood Model
Outputting model result
14000 Iterations: Performing update (Visualization, outputting samples, etc.).
Visualizing
Profiling Maximum Likelihood Model
Outputting model result
15000 Iterations: Performing update (Visualization, outputting samples, etc.).
Visualizing
Profiling Maximum Likelihood Model
Outputting model result
16000 Iterations: Performing update (Visualization, outputting samples, etc.).
Visualizing
Profiling Maximum Likelihood Model
Outputting model result
17000 Iterations: Performing update (Visualization, outputting samples, etc.).
Visualizing
Profiling Maximum Likelihood Model
Outputting model result
18000 Iterations: Performing update (Visualization, outputting samples, etc.).
Visualizing
Profiling Maximum Likelihood Model
Outputting model result
19000 Iterations: Performing update (Visualization, outputting samples, etc.).
Visualizing
Profiling Maximum Likelihood Model
Outputting model result
20000 Iterations: Performing update (Visualization, outputting samples, etc.).
Visualizing
Profiling Maximum Likelihood Model
Outputting model result
21000 Iterations: Performing update (Visualization, outputting samples, etc.).
Visualizing
Profiling Maximum Likelihood Model
Outputting model result
22000 Iterations: Performing update (Visualization, outputting samples, etc.).
Visualizing
Profiling Maximum Likelihood Model
Outputting model result
23000 Iterations: Performing update (Visualization, outputting samples, etc.).
Visualizing
Profiling Maximum Likelihood Model
Outputting model result
24000 Iterations: Performing update (Visualization, outputting samples, etc.).
Visualizing
Profiling Maximum Likelihood Model
Outputting model result
25000 Iterations: Performing update (Visualization, outputting samples, etc.).
Visualizing
Profiling Maximum Likelihood Model
Outputting model result
26000 Iterations: Performing update (Visualization, outputting samples, etc.).
Visualizing
Profiling Maximum Likelihood Model
Outputting model result
27000 Iterations: Performing update (Visualization, outputting samples, etc.).
Visualizing
Profiling Maximum Likelihood Model
Outputting model result
28000 Iterations: Performing update (Visualization, outputting samples, etc.).
Visualizing
Profiling Maximum Likelihood Model
Outputting model result
29000 Iterations: Performing update (Visualization, outputting samples, etc.).
Visualizing
Profiling Maximum Likelihood Model
Outputting model result
30000 Iterations: Performing update (Visualization, outputting samples, etc.).
Visualizing
Profiling Maximum Likelihood Model
Outputting model result
31000 Iterations: Performing update (Visualization, outputting samples, etc.).
Visualizing
Profiling Maximum Likelihood Model
Outputting model result
32000 Iterations: Performing update (Visualization, outputting samples, etc.).
Visualizing
Profiling Maximum Likelihood Model
Outputting model result
33000 Iterations: Performing update (Visualization, outputting samples, etc.).
Visualizing
Profiling Maximum Likelihood Model
Outputting model result
34000 Iterations: Performing update (Visualization, outputting samples, etc.).
Visualizing
Profiling Maximum Likelihood Model
Outputting model result
35000 Iterations: Performing update (Visualization, outputting samples, etc.).
Visualizing
Profiling Maximum Likelihood Model
Outputting model result
36000 Iterations: Performing update (Visualization, outputting samples, etc.).
Visualizing
Profiling Maximum Likelihood Model
Outputting model result
37000 Iterations: Performing update (Visualization, outputting samples, etc.).
Visualizing
Profiling Maximum Likelihood Model
Outputting model result
38000 Iterations: Performing update (Visualization, outputting samples, etc.).
Visualizing
Profiling Maximum Likelihood Model
Outputting model result
39000 Iterations: Performing update (Visualization, outputting samples, etc.).
Visualizing
Profiling Maximum Likelihood Model
Outputting model result
40000 Iterations: Performing update (Visualization, outputting samples, etc.).
Visualizing
Profiling Maximum Likelihood Model
Outputting model result
41000 Iterations: Performing update (Visualization, outputting samples, etc.).
Visualizing
Profiling Maximum Likelihood Model
Outputting model result
42000 Iterations: Performing update (Visualization, outputting samples, etc.).
Visualizing
Profiling Maximum Likelihood Model
Outputting model result
43000 Iterations: Performing update (Visualization, outputting samples, etc.).
Visualizing
Profiling Maximum Likelihood Model
Outputting model result
44000 Iterations: Performing update (Visualization, outputting samples, etc.).
Visualizing
Profiling Maximum Likelihood Model
Outputting model result
45000 Iterations: Performing update (Visualization, outputting samples, etc.).
Visualizing
Profiling Maximum Likelihood Model
Outputting model result
46000 Iterations: Performing update (Visualization, outputting samples, etc.).
Visualizing
Profiling Maximum Likelihood Model
Outputting model result
47000 Iterations: Performing update (Visualization, outputting samples, etc.).
Visualizing
Profiling Maximum Likelihood Model
Outputting model result
48000 Iterations: Performing update (Visualization, outputting samples, etc.).
Visualizing
Profiling Maximum Likelihood Model
Outputting model result
49000 Iterations: Performing update (Visualization, outputting samples, etc.).
Visualizing
Profiling Maximum Likelihood Model
Outputting model result
50000 Iterations: Performing update (Visualization, outputting samples, etc.).
Visualizing
Profiling Maximum Likelihood Model
Outputting model result
51000 Iterations: Performing update (Visualization, outputting samples, etc.).
Visualizing
Profiling Maximum Likelihood Model
Outputting model result
52000 Iterations: Performing update (Visualization, outputting samples, etc.).
Visualizing
Profiling Maximum Likelihood Model
Outputting model result
53000 Iterations: Performing update (Visualization, outputting samples, etc.).
Visualizing
Profiling Maximum Likelihood Model
Outputting model result
54000 Iterations: Performing update (Visualization, outputting samples, etc.).
Visualizing
Profiling Maximum Likelihood Model
Outputting model result
55000 Iterations: Performing update (Visualization, outputting samples, etc.).
Visualizing
Profiling Maximum Likelihood Model
Outputting model result
56000 Iterations: Performing update (Visualization, outputting samples, etc.).
Visualizing
Profiling Maximum Likelihood Model
Outputting model result
57000 Iterations: Performing update (Visualization, outputting samples, etc.).
Visualizing
Profiling Maximum Likelihood Model
Outputting model result
58000 Iterations: Performing update (Visualization, outputting samples, etc.).
Visualizing
Profiling Maximum Likelihood Model
Outputting model result
59000 Iterations: Performing update (Visualization, outputting samples, etc.).
Visualizing
Profiling Maximum Likelihood Model
Outputting model result
60000 Iterations: Performing update (Visualization, outputting samples, etc.).
Visualizing
Profiling Maximum Likelihood Model
Outputting model result
61000 Iterations: Performing update (Visualization, outputting samples, etc.).
Visualizing
Profiling Maximum Likelihood Model
Outputting model result
62000 Iterations: Performing update (Visualization, outputting samples, etc.).
Visualizing
Profiling Maximum Likelihood Model
Outputting model result
63000 Iterations: Performing update (Visualization, outputting samples, etc.).
Visualizing
Profiling Maximum Likelihood Model
Outputting model result
64000 Iterations: Performing update (Visualization, outputting samples, etc.).
Visualizing
Profiling Maximum Likelihood Model
Outputting model result
65000 Iterations: Performing update (Visualization, outputting samples, etc.).
Visualizing
Profiling Maximum Likelihood Model
Outputting model result
66000 Iterations: Performing update (Visualization, outputting samples, etc.).
Visualizing
Profiling Maximum Likelihood Model
Outputting model result
67000 Iterations: Performing update (Visualization, outputting samples, etc.).
Visualizing
Profiling Maximum Likelihood Model
Outputting model result
Saving path info
Not complete. Starting non-linear search.
number_of_cores == 1...
...not using pool
Existing Dynesty samples found, resuming non-linear search.
1000 Iterations: Performing update (Visualization, outputting samples, etc.).
Visualizing
Profiling Maximum Likelihood Model
Outputting model result
2000 Iterations: Performing update (Visualization, outputting samples, etc.).
Visualizing
Profiling Maximum Likelihood Model
Outputting model result
3000 Iterations: Performing update (Visualization, outputting samples, etc.).
Visualizing
Profiling Maximum Likelihood Model
Outputting model result
4000 Iterations: Performing update (Visualization, outputting samples, etc.).
Visualizing
Profiling Maximum Likelihood Model
Outputting model result
Removing state files
Removing zip file
Saving path info
Already completed, skipping non-linear search.
Forcing pickle overwrite
Removing zip file
Saving path info
Already completed, skipping non-linear search.
Forcing pickle overwrite
Removing zip file
Saving path info
Already completed, skipping non-linear search.
Forcing pickle overwrite
Removing zip file
