2021-06-17 18:04:30,396 - autoconf.conf - WARNING - Pushing new config with path C:\Users\Jammy\Code\PyAuto\PyAutoArray\autoarray\config
2021-06-17 18:04:30,425 - autoconf.conf - WARNING - No configuration found at path C:\Users\Jammy\Results\projects\rjlens\database\config
2021-06-17 18:04:30,478 - autoconf.conf - WARNING - Pushing new config with path C:\Users\Jammy\Code\PyAuto\PyAutoGalaxy\autogalaxy\config
2021-06-17 18:04:30,568 - autoconf.conf - WARNING - No configuration found at path C:\Users\Jammy\Results\projects\rjlens\database\config
2021-06-17 18:04:30,589 - autoconf.conf - WARNING - Pushing new config with path C:\Users\Jammy\Code\PyAuto\PyAutoLens\autolens\config
2021-06-17 18:04:30,628 - autoconf.conf - WARNING - No configuration found at path C:\Users\Jammy\Results\projects\rjlens\database\config
2021-06-17 18:04:30,633 - autoconf.conf - WARNING - Pushing new config with path \Users\Jammy\Results\projects\rjlens\config
2021-06-17 18:12:34,041 - autoconf.conf - WARNING - Pushing new config with path C:\Users\Jammy\Code\PyAuto\PyAutoArray\autoarray\config
2021-06-17 18:12:34,069 - autoconf.conf - WARNING - No configuration found at path C:\Users\Jammy\Results\projects\rjlens\database\config
2021-06-17 18:12:34,116 - autoconf.conf - WARNING - Pushing new config with path C:\Users\Jammy\Code\PyAuto\PyAutoGalaxy\autogalaxy\config
2021-06-17 18:12:34,200 - autoconf.conf - WARNING - No configuration found at path C:\Users\Jammy\Results\projects\rjlens\database\config
2021-06-17 18:12:34,219 - autoconf.conf - WARNING - Pushing new config with path C:\Users\Jammy\Code\PyAuto\PyAutoLens\autolens\config
2021-06-17 18:12:34,262 - autoconf.conf - WARNING - No configuration found at path C:\Users\Jammy\Results\projects\rjlens\database\config
2021-06-17 18:12:34,265 - autoconf.conf - WARNING - Pushing new config with path \Users\Jammy\Results\projects\rjlens\config
2021-06-17 19:08:49,575 - autoconf.conf - WARNING - Pushing new config with path C:\Users\Jammy\Code\PyAuto\PyAutoArray\autoarray\config
2021-06-17 19:08:49,604 - autoconf.conf - WARNING - No configuration found at path C:\Users\Jammy\Results\projects\rjlens\database\config
2021-06-17 19:08:49,650 - autoconf.conf - WARNING - Pushing new config with path C:\Users\Jammy\Code\PyAuto\PyAutoGalaxy\autogalaxy\config
2021-06-17 19:08:49,735 - autoconf.conf - WARNING - No configuration found at path C:\Users\Jammy\Results\projects\rjlens\database\config
2021-06-17 19:08:49,751 - autoconf.conf - WARNING - Pushing new config with path C:\Users\Jammy\Code\PyAuto\PyAutoLens\autolens\config
2021-06-17 19:08:49,790 - autoconf.conf - WARNING - No configuration found at path C:\Users\Jammy\Results\projects\rjlens\database\config
2021-06-17 19:08:49,792 - autoconf.conf - WARNING - Pushing new config with path \Users\Jammy\Results\projects\rjlens\config
