Saving path info
Not complete. Starting non-linear search.
number_of_cores == 1...
...not using pool
No Dynesty samples found, beginning new non-linear search. 
1000 Iterations: Performing update (Visualization, outputting samples, etc.).
Visualizing
Profiling Maximum Likelihood Model
Outputting model result
2000 Iterations: Performing update (Visualization, outputting samples, etc.).
Visualizing
Profiling Maximum Likelihood Model
Outputting model result
3000 Iterations: Performing update (Visualization, outputting samples, etc.).
Visualizing
Profiling Maximum Likelihood Model
Outputting model result
4000 Iterations: Performing update (Visualization, outputting samples, etc.).
Visualizing
Profiling Maximum Likelihood Model
Outputting model result
5000 Iterations: Performing update (Visualization, outputting samples, etc.).
Visualizing
Profiling Maximum Likelihood Model
Outputting model result
6000 Iterations: Performing update (Visualization, outputting samples, etc.).
Visualizing
Profiling Maximum Likelihood Model
Outputting model result
7000 Iterations: Performing update (Visualization, outputting samples, etc.).
Visualizing
Profiling Maximum Likelihood Model
Outputting model result
8000 Iterations: Performing update (Visualization, outputting samples, etc.).
Visualizing
Profiling Maximum Likelihood Model
Outputting model result
9000 Iterations: Performing update (Visualization, outputting samples, etc.).
Visualizing
Profiling Maximum Likelihood Model
Outputting model result
10000 Iterations: Performing update (Visualization, outputting samples, etc.).
Visualizing
Profiling Maximum Likelihood Model
Outputting model result
11000 Iterations: Performing update (Visualization, outputting samples, etc.).
Visualizing
Profiling Maximum Likelihood Model
Outputting model result
12000 Iterations: Performing update (Visualization, outputting samples, etc.).
Visualizing
Profiling Maximum Likelihood Model
Outputting model result
13000 Iterations: Performing update (Visualization, outputting samples, etc.).
Visualizing
Profiling Maximum Likelihood Model
Outputting model result
14000 Iterations: Performing update (Visualization, outputting samples, etc.).
Visualizing
Profiling Maximum Likelihood Model
Outputting model result
15000 Iterations: Performing update (Visualization, outputting samples, etc.).
Visualizing
Profiling Maximum Likelihood Model
Outputting model result
16000 Iterations: Performing update (Visualization, outputting samples, etc.).
Visualizing
Profiling Maximum Likelihood Model
Outputting model result
17000 Iterations: Performing update (Visualization, outputting samples, etc.).
Visualizing
Profiling Maximum Likelihood Model
Outputting model result
18000 Iterations: Performing update (Visualization, outputting samples, etc.).
Visualizing
Profiling Maximum Likelihood Model
Outputting model result
19000 Iterations: Performing update (Visualization, outputting samples, etc.).
Visualizing
Profiling Maximum Likelihood Model
Outputting model result
20000 Iterations: Performing update (Visualization, outputting samples, etc.).
Visualizing
Profiling Maximum Likelihood Model
Outputting model result
21000 Iterations: Performing update (Visualization, outputting samples, etc.).
Visualizing
Saving path info
Not complete. Starting non-linear search.
Existing Dynesty samples found, resuming non-linear search.
200 Iterations: Performing update (Visualization, outputting samples, etc.).
Visualizing
Profiling Maximum Likelihood Model
Outputting model result
400 Iterations: Performing update (Visualization, outputting samples, etc.).
Visualizing
Profiling Maximum Likelihood Model
Outputting model result
600 Iterations: Performing update (Visualization, outputting samples, etc.).
Visualizing
Profiling Maximum Likelihood Model
Outputting model result
800 Iterations: Performing update (Visualization, outputting samples, etc.).
Visualizing
Profiling Maximum Likelihood Model
Outputting model result
1000 Iterations: Performing update (Visualization, outputting samples, etc.).
Visualizing
Profiling Maximum Likelihood Model
Outputting model result
1200 Iterations: Performing update (Visualization, outputting samples, etc.).
Visualizing
Profiling Maximum Likelihood Model
Outputting model result
1400 Iterations: Performing update (Visualization, outputting samples, etc.).
Visualizing
Profiling Maximum Likelihood Model
Outputting model result
1600 Iterations: Performing update (Visualization, outputting samples, etc.).
Visualizing
Profiling Maximum Likelihood Model
Outputting model result
1800 Iterations: Performing update (Visualization, outputting samples, etc.).
Visualizing
Profiling Maximum Likelihood Model
Outputting model result
2000 Iterations: Performing update (Visualization, outputting samples, etc.).
Visualizing
Profiling Maximum Likelihood Model
Outputting model result
2200 Iterations: Performing update (Visualization, outputting samples, etc.).
Visualizing
Profiling Maximum Likelihood Model
Outputting model result
2400 Iterations: Performing update (Visualization, outputting samples, etc.).
Visualizing
Profiling Maximum Likelihood Model
Outputting model result
2600 Iterations: Performing update (Visualization, outputting samples, etc.).
Visualizing
Profiling Maximum Likelihood Model
Outputting model result
2800 Iterations: Performing update (Visualization, outputting samples, etc.).
Visualizing
Profiling Maximum Likelihood Model
Outputting model result
3000 Iterations: Performing update (Visualization, outputting samples, etc.).
Visualizing
Profiling Maximum Likelihood Model
Outputting model result
3200 Iterations: Performing update (Visualization, outputting samples, etc.).
Visualizing
Profiling Maximum Likelihood Model
Outputting model result
3400 Iterations: Performing update (Visualization, outputting samples, etc.).
Visualizing
Profiling Maximum Likelihood Model
Outputting model result
3600 Iterations: Performing update (Visualization, outputting samples, etc.).
Visualizing
Profiling Maximum Likelihood Model
Outputting model result
3800 Iterations: Performing update (Visualization, outputting samples, etc.).
Visualizing
Profiling Maximum Likelihood Model
Outputting model result
4000 Iterations: Performing update (Visualization, outputting samples, etc.).
Visualizing
Profiling Maximum Likelihood Model
Outputting model result
4200 Iterations: Performing update (Visualization, outputting samples, etc.).
Visualizing
Profiling Maximum Likelihood Model
Outputting model result
4400 Iterations: Performing update (Visualization, outputting samples, etc.).
Visualizing
Profiling Maximum Likelihood Model
Outputting model result
4600 Iterations: Performing update (Visualization, outputting samples, etc.).
Visualizing
Profiling Maximum Likelihood Model
Outputting model result
4800 Iterations: Performing update (Visualization, outputting samples, etc.).
Visualizing
Profiling Maximum Likelihood Model
Outputting model result
5000 Iterations: Performing update (Visualization, outputting samples, etc.).
Visualizing
Profiling Maximum Likelihood Model
Outputting model result
5200 Iterations: Performing update (Visualization, outputting samples, etc.).
Visualizing
Profiling Maximum Likelihood Model
Outputting model result
5400 Iterations: Performing update (Visualization, outputting samples, etc.).
Visualizing
Profiling Maximum Likelihood Model
Outputting model result
5600 Iterations: Performing update (Visualization, outputting samples, etc.).
Visualizing
Profiling Maximum Likelihood Model
Outputting model result
5800 Iterations: Performing update (Visualization, outputting samples, etc.).
Visualizing
Profiling Maximum Likelihood Model
Outputting model result
6000 Iterations: Performing update (Visualization, outputting samples, etc.).
Visualizing
Profiling Maximum Likelihood Model
Outputting model result
6200 Iterations: Performing update (Visualization, outputting samples, etc.).
Visualizing
Profiling Maximum Likelihood Model
Outputting model result
6400 Iterations: Performing update (Visualization, outputting samples, etc.).
Visualizing
Profiling Maximum Likelihood Model
Outputting model result
6600 Iterations: Performing update (Visualization, outputting samples, etc.).
Visualizing
Profiling Maximum Likelihood Model
Outputting model result
6800 Iterations: Performing update (Visualization, outputting samples, etc.).
Visualizing
Profiling Maximum Likelihood Model
Outputting model result
7000 Iterations: Performing update (Visualization, outputting samples, etc.).
Visualizing
Profiling Maximum Likelihood Model
Outputting model result
7200 Iterations: Performing update (Visualization, outputting samples, etc.).
Visualizing
Saving path info
Not complete. Starting non-linear search.
Existing Dynesty samples found, resuming non-linear search.
1000 Iterations: Performing update (Visualization, outputting samples, etc.).
Visualizing
Profiling Maximum Likelihood Model
Outputting model result
2000 Iterations: Performing update (Visualization, outputting samples, etc.).
Visualizing
Profiling Maximum Likelihood Model
Outputting model result
3000 Iterations: Performing update (Visualization, outputting samples, etc.).
Visualizing
Profiling Maximum Likelihood Model
Outputting model result
4000 Iterations: Performing update (Visualization, outputting samples, etc.).
Visualizing
Profiling Maximum Likelihood Model
Outputting model result
5000 Iterations: Performing update (Visualization, outputting samples, etc.).
Visualizing
Profiling Maximum Likelihood Model
Outputting model result
6000 Iterations: Performing update (Visualization, outputting samples, etc.).
Visualizing
Profiling Maximum Likelihood Model
Outputting model result
7000 Iterations: Performing update (Visualization, outputting samples, etc.).
Visualizing
Profiling Maximum Likelihood Model
Outputting model result
8000 Iterations: Performing update (Visualization, outputting samples, etc.).
Visualizing
Profiling Maximum Likelihood Model
Outputting model result
9000 Iterations: Performing update (Visualization, outputting samples, etc.).
Visualizing
Profiling Maximum Likelihood Model
Outputting model result
10000 Iterations: Performing update (Visualization, outputting samples, etc.).
Visualizing
Profiling Maximum Likelihood Model
Outputting model result
11000 Iterations: Performing update (Visualization, outputting samples, etc.).
Visualizing
Profiling Maximum Likelihood Model
Outputting model result
12000 Iterations: Performing update (Visualization, outputting samples, etc.).
Visualizing
Profiling Maximum Likelihood Model
Outputting model result
13000 Iterations: Performing update (Visualization, outputting samples, etc.).
Visualizing
Profiling Maximum Likelihood Model
Outputting model result
14000 Iterations: Performing update (Visualization, outputting samples, etc.).
Visualizing
Profiling Maximum Likelihood Model
Outputting model result
15000 Iterations: Performing update (Visualization, outputting samples, etc.).
Visualizing
Profiling Maximum Likelihood Model
Outputting model result
16000 Iterations: Performing update (Visualization, outputting samples, etc.).
Visualizing
Profiling Maximum Likelihood Model
Outputting model result
17000 Iterations: Performing update (Visualization, outputting samples, etc.).
Visualizing
Profiling Maximum Likelihood Model
Outputting model result
18000 Iterations: Performing update (Visualization, outputting samples, etc.).
Visualizing
Profiling Maximum Likelihood Model
Outputting model result
19000 Iterations: Performing update (Visualization, outputting samples, etc.).
Visualizing
Profiling Maximum Likelihood Model
Outputting model result
20000 Iterations: Performing update (Visualization, outputting samples, etc.).
Visualizing
Profiling Maximum Likelihood Model
Outputting model result
21000 Iterations: Performing update (Visualization, outputting samples, etc.).
Visualizing
Profiling Maximum Likelihood Model
Outputting model result
22000 Iterations: Performing update (Visualization, outputting samples, etc.).
Visualizing
Profiling Maximum Likelihood Model
Outputting model result
23000 Iterations: Performing update (Visualization, outputting samples, etc.).
Visualizing
Profiling Maximum Likelihood Model
Outputting model result
24000 Iterations: Performing update (Visualization, outputting samples, etc.).
Visualizing
Profiling Maximum Likelihood Model
Outputting model result
25000 Iterations: Performing update (Visualization, outputting samples, etc.).
Visualizing
Profiling Maximum Likelihood Model
Outputting model result
26000 Iterations: Performing update (Visualization, outputting samples, etc.).
Visualizing
Profiling Maximum Likelihood Model
Outputting model result
27000 Iterations: Performing update (Visualization, outputting samples, etc.).
Visualizing
Profiling Maximum Likelihood Model
Outputting model result
28000 Iterations: Performing update (Visualization, outputting samples, etc.).
Visualizing
Profiling Maximum Likelihood Model
Outputting model result
29000 Iterations: Performing update (Visualization, outputting samples, etc.).
Visualizing
Saving path info
Not complete. Starting non-linear search.
Existing Dynesty samples found, resuming non-linear search.
1000 Iterations: Performing update (Visualization, outputting samples, etc.).
Visualizing
Profiling Maximum Likelihood Model
Outputting model result
2000 Iterations: Performing update (Visualization, outputting samples, etc.).
Visualizing
Profiling Maximum Likelihood Model
Outputting model result
3000 Iterations: Performing update (Visualization, outputting samples, etc.).
Visualizing
Profiling Maximum Likelihood Model
Outputting model result
4000 Iterations: Performing update (Visualization, outputting samples, etc.).
Visualizing
Profiling Maximum Likelihood Model
Outputting model result
5000 Iterations: Performing update (Visualization, outputting samples, etc.).
Visualizing
Profiling Maximum Likelihood Model
Outputting model result
6000 Iterations: Performing update (Visualization, outputting samples, etc.).
Visualizing
Profiling Maximum Likelihood Model
Outputting model result
7000 Iterations: Performing update (Visualization, outputting samples, etc.).
Visualizing
Profiling Maximum Likelihood Model
Outputting model result
8000 Iterations: Performing update (Visualization, outputting samples, etc.).
Visualizing
Profiling Maximum Likelihood Model
Outputting model result
9000 Iterations: Performing update (Visualization, outputting samples, etc.).
Visualizing
Profiling Maximum Likelihood Model
Outputting model result
10000 Iterations: Performing update (Visualization, outputting samples, etc.).
Visualizing
Profiling Maximum Likelihood Model
Outputting model result
11000 Iterations: Performing update (Visualization, outputting samples, etc.).
Visualizing
Profiling Maximum Likelihood Model
Outputting model result
12000 Iterations: Performing update (Visualization, outputting samples, etc.).
Visualizing
Profiling Maximum Likelihood Model
Outputting model result
13000 Iterations: Performing update (Visualization, outputting samples, etc.).
Visualizing
Profiling Maximum Likelihood Model
Outputting model result
14000 Iterations: Performing update (Visualization, outputting samples, etc.).
Visualizing
Profiling Maximum Likelihood Model
Outputting model result
15000 Iterations: Performing update (Visualization, outputting samples, etc.).
Visualizing
Profiling Maximum Likelihood Model
Outputting model result
16000 Iterations: Performing update (Visualization, outputting samples, etc.).
Visualizing
Profiling Maximum Likelihood Model
Outputting model result
17000 Iterations: Performing update (Visualization, outputting samples, etc.).
Visualizing
Profiling Maximum Likelihood Model
Outputting model result
18000 Iterations: Performing update (Visualization, outputting samples, etc.).
Visualizing
Profiling Maximum Likelihood Model
Outputting model result
19000 Iterations: Performing update (Visualization, outputting samples, etc.).
Visualizing
Profiling Maximum Likelihood Model
Outputting model result
20000 Iterations: Performing update (Visualization, outputting samples, etc.).
Visualizing
Profiling Maximum Likelihood Model
Outputting model result
21000 Iterations: Performing update (Visualization, outputting samples, etc.).
Visualizing
Profiling Maximum Likelihood Model
Outputting model result
22000 Iterations: Performing update (Visualization, outputting samples, etc.).
Visualizing
Profiling Maximum Likelihood Model
Outputting model result
23000 Iterations: Performing update (Visualization, outputting samples, etc.).
Visualizing
Profiling Maximum Likelihood Model
Outputting model result
24000 Iterations: Performing update (Visualization, outputting samples, etc.).
Visualizing
Profiling Maximum Likelihood Model
Outputting model result
25000 Iterations: Performing update (Visualization, outputting samples, etc.).
Visualizing
Profiling Maximum Likelihood Model
Outputting model result
Saving path info
Not complete. Starting non-linear search.
Existing Dynesty samples found, resuming non-linear search.
1000 Iterations: Performing update (Visualization, outputting samples, etc.).
Visualizing
Profiling Maximum Likelihood Model
Outputting model result
2000 Iterations: Performing update (Visualization, outputting samples, etc.).
Visualizing
Profiling Maximum Likelihood Model
Outputting model result
3000 Iterations: Performing update (Visualization, outputting samples, etc.).
Visualizing
Profiling Maximum Likelihood Model
Outputting model result
4000 Iterations: Performing update (Visualization, outputting samples, etc.).
Visualizing
Profiling Maximum Likelihood Model
Outputting model result
5000 Iterations: Performing update (Visualization, outputting samples, etc.).
Visualizing
Profiling Maximum Likelihood Model
Outputting model result
6000 Iterations: Performing update (Visualization, outputting samples, etc.).
Visualizing
Profiling Maximum Likelihood Model
Outputting model result
7000 Iterations: Performing update (Visualization, outputting samples, etc.).
Visualizing
Profiling Maximum Likelihood Model
Outputting model result
8000 Iterations: Performing update (Visualization, outputting samples, etc.).
Visualizing
Profiling Maximum Likelihood Model
Outputting model result
9000 Iterations: Performing update (Visualization, outputting samples, etc.).
Visualizing
Profiling Maximum Likelihood Model
Outputting model result
10000 Iterations: Performing update (Visualization, outputting samples, etc.).
Visualizing
Profiling Maximum Likelihood Model
Outputting model result
11000 Iterations: Performing update (Visualization, outputting samples, etc.).
Visualizing
Profiling Maximum Likelihood Model
Outputting model result
12000 Iterations: Performing update (Visualization, outputting samples, etc.).
Visualizing
Profiling Maximum Likelihood Model
Outputting model result
13000 Iterations: Performing update (Visualization, outputting samples, etc.).
Visualizing
Profiling Maximum Likelihood Model
Outputting model result
14000 Iterations: Performing update (Visualization, outputting samples, etc.).
Visualizing
Profiling Maximum Likelihood Model
Outputting model result
15000 Iterations: Performing update (Visualization, outputting samples, etc.).
Visualizing
Profiling Maximum Likelihood Model
Outputting model result
16000 Iterations: Performing update (Visualization, outputting samples, etc.).
Visualizing
Profiling Maximum Likelihood Model
Outputting model result
17000 Iterations: Performing update (Visualization, outputting samples, etc.).
Visualizing
Profiling Maximum Likelihood Model
Outputting model result
18000 Iterations: Performing update (Visualization, outputting samples, etc.).
Visualizing
Profiling Maximum Likelihood Model
Outputting model result
19000 Iterations: Performing update (Visualization, outputting samples, etc.).
Visualizing
Profiling Maximum Likelihood Model
Outputting model result
20000 Iterations: Performing update (Visualization, outputting samples, etc.).
Visualizing
Profiling Maximum Likelihood Model
Outputting model result
21000 Iterations: Performing update (Visualization, outputting samples, etc.).
Visualizing
Profiling Maximum Likelihood Model
Outputting model result
22000 Iterations: Performing update (Visualization, outputting samples, etc.).
Visualizing
Profiling Maximum Likelihood Model
Outputting model result
23000 Iterations: Performing update (Visualization, outputting samples, etc.).
Visualizing
Profiling Maximum Likelihood Model
Outputting model result
24000 Iterations: Performing update (Visualization, outputting samples, etc.).
Visualizing
Profiling Maximum Likelihood Model
Outputting model result
25000 Iterations: Performing update (Visualization, outputting samples, etc.).
Visualizing
Profiling Maximum Likelihood Model
Outputting model result
26000 Iterations: Performing update (Visualization, outputting samples, etc.).
Visualizing
Profiling Maximum Likelihood Model
Outputting model result
Saving path info
Not complete. Starting non-linear search.
Existing Dynesty samples found, resuming non-linear search.
1000 Iterations: Performing update (Visualization, outputting samples, etc.).
Visualizing
Profiling Maximum Likelihood Model
Outputting model result
2000 Iterations: Performing update (Visualization, outputting samples, etc.).
Visualizing
Profiling Maximum Likelihood Model
Outputting model result
3000 Iterations: Performing update (Visualization, outputting samples, etc.).
Visualizing
Profiling Maximum Likelihood Model
Outputting model result
4000 Iterations: Performing update (Visualization, outputting samples, etc.).
Visualizing
Profiling Maximum Likelihood Model
Outputting model result
5000 Iterations: Performing update (Visualization, outputting samples, etc.).
Visualizing
Profiling Maximum Likelihood Model
Outputting model result
6000 Iterations: Performing update (Visualization, outputting samples, etc.).
Visualizing
Profiling Maximum Likelihood Model
Outputting model result
7000 Iterations: Performing update (Visualization, outputting samples, etc.).
Visualizing
Profiling Maximum Likelihood Model
Outputting model result
8000 Iterations: Performing update (Visualization, outputting samples, etc.).
Visualizing
Profiling Maximum Likelihood Model
Outputting model result
9000 Iterations: Performing update (Visualization, outputting samples, etc.).
Visualizing
Profiling Maximum Likelihood Model
Outputting model result
10000 Iterations: Performing update (Visualization, outputting samples, etc.).
Visualizing
Profiling Maximum Likelihood Model
Outputting model result
11000 Iterations: Performing update (Visualization, outputting samples, etc.).
Visualizing
Profiling Maximum Likelihood Model
Outputting model result
12000 Iterations: Performing update (Visualization, outputting samples, etc.).
Visualizing
Profiling Maximum Likelihood Model
Outputting model result
13000 Iterations: Performing update (Visualization, outputting samples, etc.).
Visualizing
Profiling Maximum Likelihood Model
Outputting model result
14000 Iterations: Performing update (Visualization, outputting samples, etc.).
Visualizing
Profiling Maximum Likelihood Model
Outputting model result
15000 Iterations: Performing update (Visualization, outputting samples, etc.).
Visualizing
Profiling Maximum Likelihood Model
Outputting model result
16000 Iterations: Performing update (Visualization, outputting samples, etc.).
Visualizing
Profiling Maximum Likelihood Model
Outputting model result
17000 Iterations: Performing update (Visualization, outputting samples, etc.).
Visualizing
Profiling Maximum Likelihood Model
Outputting model result
18000 Iterations: Performing update (Visualization, outputting samples, etc.).
Visualizing
Profiling Maximum Likelihood Model
Outputting model result
19000 Iterations: Performing update (Visualization, outputting samples, etc.).
Visualizing
Profiling Maximum Likelihood Model
Outputting model result
20000 Iterations: Performing update (Visualization, outputting samples, etc.).
Visualizing
Profiling Maximum Likelihood Model
Outputting model result
21000 Iterations: Performing update (Visualization, outputting samples, etc.).
Visualizing
Profiling Maximum Likelihood Model
Outputting model result
22000 Iterations: Performing update (Visualization, outputting samples, etc.).
Visualizing
Profiling Maximum Likelihood Model
Outputting model result
23000 Iterations: Performing update (Visualization, outputting samples, etc.).
Visualizing
Profiling Maximum Likelihood Model
Outputting model result
24000 Iterations: Performing update (Visualization, outputting samples, etc.).
Visualizing
Profiling Maximum Likelihood Model
Outputting model result
25000 Iterations: Performing update (Visualization, outputting samples, etc.).
Visualizing
Profiling Maximum Likelihood Model
Outputting model result
