2021-07-05 10:31:10,543 - autoconf.conf - WARNING - Pushing new config with path C:\Users\Jammy\Code\PyAuto\PyAutoGalaxy\autogalaxy\config
2021-07-05 10:31:10,627 - autoconf.conf - WARNING - No configuration found at path C:\Users\Jammy\Results\projects\rjlens\paper\config
2021-07-05 10:31:10,647 - autoconf.conf - WARNING - Pushing new config with path C:\Users\Jammy\Code\PyAuto\PyAutoLens\autolens\config
2021-07-05 10:31:10,685 - autoconf.conf - WARNING - No configuration found at path C:\Users\Jammy\Results\projects\rjlens\paper\config
2021-07-05 10:31:34,782 - autoconf.conf - WARNING - Pushing new config with path C:\Users\Jammy\Code\PyAuto\PyAutoGalaxy\autogalaxy\config
2021-07-05 10:31:34,866 - autoconf.conf - WARNING - No configuration found at path C:\Users\Jammy\Results\projects\rjlens\paper\config
2021-07-05 10:31:34,887 - autoconf.conf - WARNING - Pushing new config with path C:\Users\Jammy\Code\PyAuto\PyAutoLens\autolens\config
2021-07-05 10:31:34,925 - autoconf.conf - WARNING - No configuration found at path C:\Users\Jammy\Results\projects\rjlens\paper\config
2021-07-05 10:31:48,532 - autoconf.conf - WARNING - Pushing new config with path C:\Users\Jammy\Code\PyAuto\PyAutoGalaxy\autogalaxy\config
2021-07-05 10:31:48,614 - autoconf.conf - WARNING - No configuration found at path C:\Users\Jammy\Results\projects\rjlens\paper\config
2021-07-05 10:31:48,634 - autoconf.conf - WARNING - Pushing new config with path C:\Users\Jammy\Code\PyAuto\PyAutoLens\autolens\config
2021-07-05 10:31:48,671 - autoconf.conf - WARNING - No configuration found at path C:\Users\Jammy\Results\projects\rjlens\paper\config
2021-07-05 10:32:24,114 - autoconf.conf - WARNING - Pushing new config with path C:\Users\Jammy\Code\PyAuto\PyAutoGalaxy\autogalaxy\config
2021-07-05 10:32:24,199 - autoconf.conf - WARNING - No configuration found at path C:\Users\Jammy\Results\projects\rjlens\paper\config
2021-07-05 10:32:24,218 - autoconf.conf - WARNING - Pushing new config with path C:\Users\Jammy\Code\PyAuto\PyAutoLens\autolens\config
2021-07-05 10:32:24,256 - autoconf.conf - WARNING - No configuration found at path C:\Users\Jammy\Results\projects\rjlens\paper\config
2021-07-05 10:32:36,200 - autoconf.conf - WARNING - Pushing new config with path C:\Users\Jammy\Code\PyAuto\PyAutoGalaxy\autogalaxy\config
2021-07-05 10:32:36,282 - autoconf.conf - WARNING - No configuration found at path C:\Users\Jammy\Results\projects\rjlens\paper\config
2021-07-05 10:32:36,303 - autoconf.conf - WARNING - Pushing new config with path C:\Users\Jammy\Code\PyAuto\PyAutoLens\autolens\config
2021-07-05 10:32:36,340 - autoconf.conf - WARNING - No configuration found at path C:\Users\Jammy\Results\projects\rjlens\paper\config
2021-07-16 13:36:02,243 - autoconf.conf - WARNING - Pushing new config with path C:\Users\Jammy\Code\PyAuto\PyAutoGalaxy\autogalaxy\config
2021-07-16 13:36:02,331 - autoconf.conf - WARNING - No configuration found at path C:\Users\Jammy\Results\projects\rjlens\paper\config
2021-07-16 13:36:02,361 - autoconf.conf - WARNING - Pushing new config with path C:\Users\Jammy\Code\PyAuto\PyAutoLens\autolens\config
2021-07-16 13:36:02,401 - autoconf.conf - WARNING - No configuration found at path C:\Users\Jammy\Results\projects\rjlens\paper\config
2021-07-16 13:37:01,337 - autoconf.conf - WARNING - Pushing new config with path C:\Users\Jammy\Code\PyAuto\PyAutoGalaxy\autogalaxy\config
2021-07-16 13:37:01,421 - autoconf.conf - WARNING - No configuration found at path C:\Users\Jammy\Results\projects\rjlens\paper\config
2021-07-16 13:37:01,438 - autoconf.conf - WARNING - Pushing new config with path C:\Users\Jammy\Code\PyAuto\PyAutoLens\autolens\config
2021-07-16 13:37:01,474 - autoconf.conf - WARNING - No configuration found at path C:\Users\Jammy\Results\projects\rjlens\paper\config
2021-07-16 13:37:15,802 - autoconf.conf - WARNING - Pushing new config with path C:\Users\Jammy\Code\PyAuto\PyAutoGalaxy\autogalaxy\config
2021-07-16 13:37:15,885 - autoconf.conf - WARNING - No configuration found at path C:\Users\Jammy\Results\projects\rjlens\paper\config
2021-07-16 13:37:15,903 - autoconf.conf - WARNING - Pushing new config with path C:\Users\Jammy\Code\PyAuto\PyAutoLens\autolens\config
2021-07-16 13:37:15,939 - autoconf.conf - WARNING - No configuration found at path C:\Users\Jammy\Results\projects\rjlens\paper\config
2021-07-16 13:37:23,886 - autoconf.conf - WARNING - Pushing new config with path C:\Users\Jammy\Code\PyAuto\PyAutoGalaxy\autogalaxy\config
2021-07-16 13:37:23,969 - autoconf.conf - WARNING - No configuration found at path C:\Users\Jammy\Results\projects\rjlens\paper\config
2021-07-16 13:37:23,986 - autoconf.conf - WARNING - Pushing new config with path C:\Users\Jammy\Code\PyAuto\PyAutoLens\autolens\config
2021-07-16 13:37:24,022 - autoconf.conf - WARNING - No configuration found at path C:\Users\Jammy\Results\projects\rjlens\paper\config
2021-07-16 13:37:48,473 - autoconf.conf - WARNING - Pushing new config with path C:\Users\Jammy\Code\PyAuto\PyAutoGalaxy\autogalaxy\config
2021-07-16 13:37:48,552 - autoconf.conf - WARNING - No configuration found at path C:\Users\Jammy\Results\projects\rjlens\paper\config
2021-07-16 13:37:48,570 - autoconf.conf - WARNING - Pushing new config with path C:\Users\Jammy\Code\PyAuto\PyAutoLens\autolens\config
2021-07-16 13:37:48,607 - autoconf.conf - WARNING - No configuration found at path C:\Users\Jammy\Results\projects\rjlens\paper\config
2021-07-16 13:38:22,553 - autoconf.conf - WARNING - Pushing new config with path C:\Users\Jammy\Code\PyAuto\PyAutoGalaxy\autogalaxy\config
2021-07-16 13:38:22,636 - autoconf.conf - WARNING - No configuration found at path C:\Users\Jammy\Results\projects\rjlens\paper\config
2021-07-16 13:38:22,654 - autoconf.conf - WARNING - Pushing new config with path C:\Users\Jammy\Code\PyAuto\PyAutoLens\autolens\config
2021-07-16 13:38:22,691 - autoconf.conf - WARNING - No configuration found at path C:\Users\Jammy\Results\projects\rjlens\paper\config
2021-07-16 13:39:20,391 - autoconf.conf - WARNING - Pushing new config with path C:\Users\Jammy\Code\PyAuto\PyAutoGalaxy\autogalaxy\config
2021-07-16 13:39:20,476 - autoconf.conf - WARNING - No configuration found at path C:\Users\Jammy\Results\projects\rjlens\paper\config
2021-07-16 13:39:20,495 - autoconf.conf - WARNING - Pushing new config with path C:\Users\Jammy\Code\PyAuto\PyAutoLens\autolens\config
2021-07-16 13:39:20,532 - autoconf.conf - WARNING - No configuration found at path C:\Users\Jammy\Results\projects\rjlens\paper\config
2021-07-16 13:40:09,369 - autoconf.conf - WARNING - Pushing new config with path C:\Users\Jammy\Code\PyAuto\PyAutoGalaxy\autogalaxy\config
2021-07-16 13:40:09,451 - autoconf.conf - WARNING - No configuration found at path C:\Users\Jammy\Results\projects\rjlens\paper\config
2021-07-16 13:40:09,469 - autoconf.conf - WARNING - Pushing new config with path C:\Users\Jammy\Code\PyAuto\PyAutoLens\autolens\config
2021-07-16 13:40:09,505 - autoconf.conf - WARNING - No configuration found at path C:\Users\Jammy\Results\projects\rjlens\paper\config
2021-07-16 13:45:39,893 - autoconf.conf - WARNING - Pushing new config with path C:\Users\Jammy\Code\PyAuto\PyAutoGalaxy\autogalaxy\config
2021-07-16 13:45:39,982 - autoconf.conf - WARNING - No configuration found at path C:\Users\Jammy\Results\projects\rjlens\paper\config
2021-07-16 13:45:40,000 - autoconf.conf - WARNING - Pushing new config with path C:\Users\Jammy\Code\PyAuto\PyAutoLens\autolens\config
2021-07-16 13:45:40,037 - autoconf.conf - WARNING - No configuration found at path C:\Users\Jammy\Results\projects\rjlens\paper\config
2021-07-16 13:45:55,203 - autoconf.conf - WARNING - Pushing new config with path C:\Users\Jammy\Code\PyAuto\PyAutoGalaxy\autogalaxy\config
2021-07-16 13:45:55,288 - autoconf.conf - WARNING - No configuration found at path C:\Users\Jammy\Results\projects\rjlens\paper\config
2021-07-16 13:45:55,305 - autoconf.conf - WARNING - Pushing new config with path C:\Users\Jammy\Code\PyAuto\PyAutoLens\autolens\config
2021-07-16 13:45:55,345 - autoconf.conf - WARNING - No configuration found at path C:\Users\Jammy\Results\projects\rjlens\paper\config
2021-07-16 13:46:30,884 - autoconf.conf - WARNING - Pushing new config with path C:\Users\Jammy\Code\PyAuto\PyAutoGalaxy\autogalaxy\config
2021-07-16 13:46:30,971 - autoconf.conf - WARNING - No configuration found at path C:\Users\Jammy\Results\projects\rjlens\paper\config
2021-07-16 13:46:30,990 - autoconf.conf - WARNING - Pushing new config with path C:\Users\Jammy\Code\PyAuto\PyAutoLens\autolens\config
2021-07-16 13:46:31,027 - autoconf.conf - WARNING - No configuration found at path C:\Users\Jammy\Results\projects\rjlens\paper\config
2021-07-16 13:46:54,969 - autoconf.conf - WARNING - Pushing new config with path C:\Users\Jammy\Code\PyAuto\PyAutoGalaxy\autogalaxy\config
2021-07-16 13:46:55,055 - autoconf.conf - WARNING - No configuration found at path C:\Users\Jammy\Results\projects\rjlens\paper\config
2021-07-16 13:46:55,073 - autoconf.conf - WARNING - Pushing new config with path C:\Users\Jammy\Code\PyAuto\PyAutoLens\autolens\config
2021-07-16 13:46:55,110 - autoconf.conf - WARNING - No configuration found at path C:\Users\Jammy\Results\projects\rjlens\paper\config
2021-07-16 13:47:06,138 - autoconf.conf - WARNING - Pushing new config with path C:\Users\Jammy\Code\PyAuto\PyAutoGalaxy\autogalaxy\config
2021-07-16 13:47:06,223 - autoconf.conf - WARNING - No configuration found at path C:\Users\Jammy\Results\projects\rjlens\paper\config
2021-07-16 13:47:06,241 - autoconf.conf - WARNING - Pushing new config with path C:\Users\Jammy\Code\PyAuto\PyAutoLens\autolens\config
2021-07-16 13:47:06,278 - autoconf.conf - WARNING - No configuration found at path C:\Users\Jammy\Results\projects\rjlens\paper\config
2021-07-16 13:48:04,897 - autoconf.conf - WARNING - Pushing new config with path C:\Users\Jammy\Code\PyAuto\PyAutoGalaxy\autogalaxy\config
2021-07-16 13:48:04,991 - autoconf.conf - WARNING - No configuration found at path C:\Users\Jammy\Results\projects\rjlens\paper\config
2021-07-16 13:48:05,009 - autoconf.conf - WARNING - Pushing new config with path C:\Users\Jammy\Code\PyAuto\PyAutoLens\autolens\config
2021-07-16 13:48:05,049 - autoconf.conf - WARNING - No configuration found at path C:\Users\Jammy\Results\projects\rjlens\paper\config
2021-07-16 13:48:28,583 - autoconf.conf - WARNING - Pushing new config with path C:\Users\Jammy\Code\PyAuto\PyAutoGalaxy\autogalaxy\config
2021-07-16 13:48:28,672 - autoconf.conf - WARNING - No configuration found at path C:\Users\Jammy\Results\projects\rjlens\paper\config
2021-07-16 13:48:28,689 - autoconf.conf - WARNING - Pushing new config with path C:\Users\Jammy\Code\PyAuto\PyAutoLens\autolens\config
2021-07-16 13:48:28,731 - autoconf.conf - WARNING - No configuration found at path C:\Users\Jammy\Results\projects\rjlens\paper\config
2021-07-16 13:49:01,870 - autoconf.conf - WARNING - Pushing new config with path C:\Users\Jammy\Code\PyAuto\PyAutoGalaxy\autogalaxy\config
2021-07-16 13:49:01,954 - autoconf.conf - WARNING - No configuration found at path C:\Users\Jammy\Results\projects\rjlens\paper\config
2021-07-16 13:49:01,972 - autoconf.conf - WARNING - Pushing new config with path C:\Users\Jammy\Code\PyAuto\PyAutoLens\autolens\config
2021-07-16 13:49:02,011 - autoconf.conf - WARNING - No configuration found at path C:\Users\Jammy\Results\projects\rjlens\paper\config
2021-07-16 13:49:27,790 - autoconf.conf - WARNING - Pushing new config with path C:\Users\Jammy\Code\PyAuto\PyAutoGalaxy\autogalaxy\config
2021-07-16 13:49:27,878 - autoconf.conf - WARNING - No configuration found at path C:\Users\Jammy\Results\projects\rjlens\paper\config
2021-07-16 13:49:27,896 - autoconf.conf - WARNING - Pushing new config with path C:\Users\Jammy\Code\PyAuto\PyAutoLens\autolens\config
2021-07-16 13:49:27,933 - autoconf.conf - WARNING - No configuration found at path C:\Users\Jammy\Results\projects\rjlens\paper\config
2021-07-16 13:49:57,547 - autoconf.conf - WARNING - Pushing new config with path C:\Users\Jammy\Code\PyAuto\PyAutoGalaxy\autogalaxy\config
2021-07-16 13:49:57,630 - autoconf.conf - WARNING - No configuration found at path C:\Users\Jammy\Results\projects\rjlens\paper\config
2021-07-16 13:49:57,649 - autoconf.conf - WARNING - Pushing new config with path C:\Users\Jammy\Code\PyAuto\PyAutoLens\autolens\config
2021-07-16 13:49:57,687 - autoconf.conf - WARNING - No configuration found at path C:\Users\Jammy\Results\projects\rjlens\paper\config
2021-07-16 13:50:17,083 - autoconf.conf - WARNING - Pushing new config with path C:\Users\Jammy\Code\PyAuto\PyAutoGalaxy\autogalaxy\config
2021-07-16 13:50:17,170 - autoconf.conf - WARNING - No configuration found at path C:\Users\Jammy\Results\projects\rjlens\paper\config
2021-07-16 13:50:17,188 - autoconf.conf - WARNING - Pushing new config with path C:\Users\Jammy\Code\PyAuto\PyAutoLens\autolens\config
2021-07-16 13:50:17,227 - autoconf.conf - WARNING - No configuration found at path C:\Users\Jammy\Results\projects\rjlens\paper\config
2021-07-16 13:54:02,689 - autoconf.conf - WARNING - Pushing new config with path C:\Users\Jammy\Code\PyAuto\PyAutoGalaxy\autogalaxy\config
2021-07-16 13:54:02,773 - autoconf.conf - WARNING - No configuration found at path C:\Users\Jammy\Results\projects\rjlens\paper\config
2021-07-16 13:54:02,790 - autoconf.conf - WARNING - Pushing new config with path C:\Users\Jammy\Code\PyAuto\PyAutoLens\autolens\config
2021-07-16 13:54:02,831 - autoconf.conf - WARNING - No configuration found at path C:\Users\Jammy\Results\projects\rjlens\paper\config
2021-07-16 13:54:19,759 - autoconf.conf - WARNING - Pushing new config with path C:\Users\Jammy\Code\PyAuto\PyAutoGalaxy\autogalaxy\config
2021-07-16 13:54:19,843 - autoconf.conf - WARNING - No configuration found at path C:\Users\Jammy\Results\projects\rjlens\paper\config
2021-07-16 13:54:19,862 - autoconf.conf - WARNING - Pushing new config with path C:\Users\Jammy\Code\PyAuto\PyAutoLens\autolens\config
2021-07-16 13:54:19,903 - autoconf.conf - WARNING - No configuration found at path C:\Users\Jammy\Results\projects\rjlens\paper\config
2021-07-16 13:54:35,192 - autoconf.conf - WARNING - Pushing new config with path C:\Users\Jammy\Code\PyAuto\PyAutoGalaxy\autogalaxy\config
2021-07-16 13:54:35,275 - autoconf.conf - WARNING - No configuration found at path C:\Users\Jammy\Results\projects\rjlens\paper\config
2021-07-16 13:54:35,293 - autoconf.conf - WARNING - Pushing new config with path C:\Users\Jammy\Code\PyAuto\PyAutoLens\autolens\config
2021-07-16 13:54:35,331 - autoconf.conf - WARNING - No configuration found at path C:\Users\Jammy\Results\projects\rjlens\paper\config
2021-07-16 13:55:06,674 - autoconf.conf - WARNING - Pushing new config with path C:\Users\Jammy\Code\PyAuto\PyAutoGalaxy\autogalaxy\config
2021-07-16 13:55:06,759 - autoconf.conf - WARNING - No configuration found at path C:\Users\Jammy\Results\projects\rjlens\paper\config
2021-07-16 13:55:06,777 - autoconf.conf - WARNING - Pushing new config with path C:\Users\Jammy\Code\PyAuto\PyAutoLens\autolens\config
2021-07-16 13:55:06,814 - autoconf.conf - WARNING - No configuration found at path C:\Users\Jammy\Results\projects\rjlens\paper\config
2021-07-17 13:09:46,136 - autoconf.conf - WARNING - Pushing new config with path C:\Users\Jammy\Code\PyAuto\PyAutoGalaxy\autogalaxy\config
2021-07-17 13:09:46,225 - autoconf.conf - WARNING - No configuration found at path C:\Users\Jammy\Results\projects\rjlens\paper\config
2021-07-17 13:09:46,244 - autoconf.conf - WARNING - Pushing new config with path C:\Users\Jammy\Code\PyAuto\PyAutoLens\autolens\config
2021-07-17 13:09:46,291 - autoconf.conf - WARNING - No configuration found at path C:\Users\Jammy\Results\projects\rjlens\paper\config
2021-07-17 14:22:32,862 - autoconf.conf - WARNING - Pushing new config with path C:\Users\Jammy\Code\PyAuto\PyAutoGalaxy\autogalaxy\config
2021-07-17 14:22:32,949 - autoconf.conf - WARNING - No configuration found at path C:\Users\Jammy\Results\projects\rjlens\paper\config
2021-07-17 14:22:32,967 - autoconf.conf - WARNING - Pushing new config with path C:\Users\Jammy\Code\PyAuto\PyAutoLens\autolens\config
2021-07-17 14:22:33,005 - autoconf.conf - WARNING - No configuration found at path C:\Users\Jammy\Results\projects\rjlens\paper\config
2021-07-17 14:22:41,851 - autoconf.conf - WARNING - Pushing new config with path C:\Users\Jammy\Code\PyAuto\PyAutoGalaxy\autogalaxy\config
2021-07-17 14:22:41,942 - autoconf.conf - WARNING - No configuration found at path C:\Users\Jammy\Results\projects\rjlens\paper\config
2021-07-17 14:22:41,960 - autoconf.conf - WARNING - Pushing new config with path C:\Users\Jammy\Code\PyAuto\PyAutoLens\autolens\config
2021-07-17 14:22:41,999 - autoconf.conf - WARNING - No configuration found at path C:\Users\Jammy\Results\projects\rjlens\paper\config
2021-07-17 14:38:32,157 - autoconf.conf - WARNING - Pushing new config with path C:\Users\Jammy\Code\PyAuto\PyAutoGalaxy\autogalaxy\config
2021-07-17 14:38:32,242 - autoconf.conf - WARNING - No configuration found at path C:\Users\Jammy\Results\projects\rjlens\paper\config
2021-07-17 14:38:32,260 - autoconf.conf - WARNING - Pushing new config with path C:\Users\Jammy\Code\PyAuto\PyAutoLens\autolens\config
2021-07-17 14:38:32,299 - autoconf.conf - WARNING - No configuration found at path C:\Users\Jammy\Results\projects\rjlens\paper\config
2021-07-17 14:38:41,708 - autoconf.conf - WARNING - Pushing new config with path C:\Users\Jammy\Code\PyAuto\PyAutoGalaxy\autogalaxy\config
2021-07-17 14:38:41,791 - autoconf.conf - WARNING - No configuration found at path C:\Users\Jammy\Results\projects\rjlens\paper\config
2021-07-17 14:38:41,809 - autoconf.conf - WARNING - Pushing new config with path C:\Users\Jammy\Code\PyAuto\PyAutoLens\autolens\config
2021-07-17 14:38:41,848 - autoconf.conf - WARNING - No configuration found at path C:\Users\Jammy\Results\projects\rjlens\paper\config
2021-08-03 09:23:33,962 - autoconf.conf - WARNING - Pushing new config with path C:\Users\Jammy\Code\PyAuto\PyAutoArray\autoarray\config
2021-08-03 09:23:33,996 - autoconf.conf - WARNING - No configuration found at path C:\Users\Jammy\Results\projects\rjlens\paper\config
2021-08-03 09:23:34,044 - autoconf.conf - WARNING - Pushing new config with path C:\Users\Jammy\Code\PyAuto\PyAutoGalaxy\autogalaxy\config
2021-08-03 09:23:34,125 - autoconf.conf - WARNING - No configuration found at path C:\Users\Jammy\Results\projects\rjlens\paper\config
2021-08-03 09:23:34,142 - autoconf.conf - WARNING - Pushing new config with path C:\Users\Jammy\Code\PyAuto\PyAutoLens\autolens\config
2021-08-03 09:23:34,182 - autoconf.conf - WARNING - No configuration found at path C:\Users\Jammy\Results\projects\rjlens\paper\config
2021-08-03 09:23:34,185 - autoconf.conf - WARNING - Pushing new config with path C:\Users\Jammy\Results\projects\rjlens\paper\config
2021-08-03 09:23:34,817 - autofit.database.aggregator.aggregator - INFO - 0 fit(s) found matching query
2021-08-08 18:14:25,327 - autoconf.conf - WARNING - Pushing new config with path C:\Users\Jammy\Code\PyAuto\PyAutoArray\autoarray\config
2021-08-08 18:14:25,380 - autoconf.conf - WARNING - No configuration found at path C:\Users\Jammy\Results\projects\rjlens\paper\config
2021-08-08 18:14:25,468 - autoconf.conf - WARNING - Pushing new config with path C:\Users\Jammy\Code\PyAuto\PyAutoGalaxy\autogalaxy\config
2021-08-08 18:14:25,634 - autoconf.conf - WARNING - No configuration found at path C:\Users\Jammy\Results\projects\rjlens\paper\config
2021-08-08 18:14:25,665 - autoconf.conf - WARNING - Pushing new config with path C:\Users\Jammy\Code\PyAuto\PyAutoLens\autolens\config
2021-08-08 18:14:25,741 - autoconf.conf - WARNING - No configuration found at path C:\Users\Jammy\Results\projects\rjlens\paper\config
2021-08-08 18:14:25,746 - autoconf.conf - WARNING - Pushing new config with path C:\Users\Jammy\Results\projects\rjlens\paper\config
2021-08-08 18:14:25,782 - autofit.database.migration.migration - INFO - Performing migration from None to a6912d416a4e08128a8c4893bb3cd12a in 3 steps
2021-08-08 18:14:25,783 - autofit.database.migration.migration - INFO - revision_id updated to a6912d416a4e08128a8c4893bb3cd12a
2021-08-08 18:14:26,692 - autofit.database.aggregator.aggregator - INFO - 0 fit(s) found matching query
2021-08-08 18:15:32,759 - autoconf.conf - WARNING - Pushing new config with path C:\Users\Jammy\Code\PyAuto\PyAutoArray\autoarray\config
2021-08-08 18:15:32,802 - autoconf.conf - WARNING - No configuration found at path C:\Users\Jammy\Results\projects\rjlens\paper\config
2021-08-08 18:15:32,865 - autoconf.conf - WARNING - Pushing new config with path C:\Users\Jammy\Code\PyAuto\PyAutoGalaxy\autogalaxy\config
2021-08-08 18:15:32,990 - autoconf.conf - WARNING - No configuration found at path C:\Users\Jammy\Results\projects\rjlens\paper\config
2021-08-08 18:15:33,012 - autoconf.conf - WARNING - Pushing new config with path C:\Users\Jammy\Code\PyAuto\PyAutoLens\autolens\config
2021-08-08 18:15:33,063 - autoconf.conf - WARNING - No configuration found at path C:\Users\Jammy\Results\projects\rjlens\paper\config
2021-08-08 18:15:33,066 - autoconf.conf - WARNING - Pushing new config with path C:\Users\Jammy\Results\projects\rjlens\paper\config
2021-08-08 18:15:33,082 - autofit.database.migration.migration - INFO - Performing migration from None to a6912d416a4e08128a8c4893bb3cd12a in 3 steps
2021-08-08 18:15:33,083 - autofit.database.migration.migration - INFO - revision_id updated to None
2021-08-08 18:15:33,195 - autofit.database.aggregator.aggregator - INFO - 0 fit(s) found matching query
2021-08-08 18:15:50,433 - autoconf.conf - WARNING - Pushing new config with path C:\Users\Jammy\Code\PyAuto\PyAutoArray\autoarray\config
2021-08-08 18:15:50,469 - autoconf.conf - WARNING - No configuration found at path C:\Users\Jammy\Results\projects\rjlens\paper\config
2021-08-08 18:15:50,532 - autoconf.conf - WARNING - Pushing new config with path C:\Users\Jammy\Code\PyAuto\PyAutoGalaxy\autogalaxy\config
2021-08-08 18:15:50,642 - autoconf.conf - WARNING - No configuration found at path C:\Users\Jammy\Results\projects\rjlens\paper\config
2021-08-08 18:15:50,666 - autoconf.conf - WARNING - Pushing new config with path C:\Users\Jammy\Code\PyAuto\PyAutoLens\autolens\config
2021-08-08 18:15:50,719 - autoconf.conf - WARNING - No configuration found at path C:\Users\Jammy\Results\projects\rjlens\paper\config
2021-08-08 18:15:50,722 - autoconf.conf - WARNING - Pushing new config with path C:\Users\Jammy\Results\projects\rjlens\paper\config
2021-08-08 18:15:50,742 - autofit.database.migration.migration - INFO - Performing migration from None to a6912d416a4e08128a8c4893bb3cd12a in 3 steps
2021-08-08 18:15:50,743 - autofit.database.migration.migration - INFO - revision_id updated to None
2021-09-07 17:24:15,405 - autoconf.conf - WARNING - Pushing new config with path C:\Users\Jammy\Code\PyAuto\PyAutoGalaxy\autogalaxy\config
2021-09-07 17:24:15,441 - autoconf.conf - WARNING - No configuration found at path C:\Users\Jammy\Results\projects\rjlens\paper\config
2021-09-07 17:24:15,464 - autoconf.conf - WARNING - Pushing new config with path C:\Users\Jammy\Code\PyAuto\PyAutoLens\autolens\config
2021-09-07 17:24:15,499 - autoconf.conf - WARNING - No configuration found at path C:\Users\Jammy\Results\projects\rjlens\paper\config
2021-09-07 17:24:49,600 - autoconf.conf - WARNING - Pushing new config with path C:\Users\Jammy\Code\PyAuto\PyAutoGalaxy\autogalaxy\config
2021-09-07 17:24:49,636 - autoconf.conf - WARNING - No configuration found at path C:\Users\Jammy\Results\projects\rjlens\paper\config
2021-09-07 17:24:49,659 - autoconf.conf - WARNING - Pushing new config with path C:\Users\Jammy\Code\PyAuto\PyAutoLens\autolens\config
2021-09-07 17:24:49,696 - autoconf.conf - WARNING - No configuration found at path C:\Users\Jammy\Results\projects\rjlens\paper\config
2021-09-07 17:25:15,202 - autoconf.conf - WARNING - Pushing new config with path C:\Users\Jammy\Code\PyAuto\PyAutoGalaxy\autogalaxy\config
2021-09-07 17:25:15,245 - autoconf.conf - WARNING - No configuration found at path C:\Users\Jammy\Results\projects\rjlens\paper\config
2021-09-07 17:25:15,270 - autoconf.conf - WARNING - Pushing new config with path C:\Users\Jammy\Code\PyAuto\PyAutoLens\autolens\config
2021-09-07 17:25:15,311 - autoconf.conf - WARNING - No configuration found at path C:\Users\Jammy\Results\projects\rjlens\paper\config
2021-10-16 13:24:56,619 - autoconf.conf - WARNING - Pushing new config with path C:\Users\Jammy\Code\PyAuto\PyAutoGalaxy\autogalaxy\config
2021-10-16 13:24:56,656 - autoconf.conf - WARNING - No configuration found at path C:\Users\Jammy\Results\projects\rjlens\paper\config
2021-10-16 13:24:56,681 - autoconf.conf - WARNING - Pushing new config with path C:\Users\Jammy\Code\PyAuto\PyAutoLens\autolens\config
2021-10-16 13:24:56,725 - autoconf.conf - WARNING - No configuration found at path C:\Users\Jammy\Results\projects\rjlens\paper\config
2021-10-16 13:25:08,451 - autoconf.conf - WARNING - Pushing new config with path C:\Users\Jammy\Code\PyAuto\PyAutoGalaxy\autogalaxy\config
2021-10-16 13:25:08,490 - autoconf.conf - WARNING - No configuration found at path C:\Users\Jammy\Results\projects\rjlens\paper\config
2021-10-16 13:25:08,514 - autoconf.conf - WARNING - Pushing new config with path C:\Users\Jammy\Code\PyAuto\PyAutoLens\autolens\config
2021-10-16 13:25:08,553 - autoconf.conf - WARNING - No configuration found at path C:\Users\Jammy\Results\projects\rjlens\paper\config
2021-10-16 14:41:27,747 - autoconf.conf - WARNING - Pushing new config with path C:\Users\Jammy\Code\PyAuto\PyAutoGalaxy\autogalaxy\config
2021-10-16 14:41:27,784 - autoconf.conf - WARNING - No configuration found at path C:\Users\Jammy\Results\projects\rjlens\paper\config
2021-10-16 14:41:27,809 - autoconf.conf - WARNING - Pushing new config with path C:\Users\Jammy\Code\PyAuto\PyAutoLens\autolens\config
2021-10-16 14:41:27,850 - autoconf.conf - WARNING - No configuration found at path C:\Users\Jammy\Results\projects\rjlens\paper\config
2021-10-16 14:47:55,666 - autoconf.conf - WARNING - Pushing new config with path C:\Users\Jammy\Code\PyAuto\PyAutoGalaxy\autogalaxy\config
2021-10-16 14:47:55,702 - autoconf.conf - WARNING - No configuration found at path C:\Users\Jammy\Results\projects\rjlens\paper\config
2021-10-16 14:47:55,728 - autoconf.conf - WARNING - Pushing new config with path C:\Users\Jammy\Code\PyAuto\PyAutoLens\autolens\config
2021-10-16 14:47:55,767 - autoconf.conf - WARNING - No configuration found at path C:\Users\Jammy\Results\projects\rjlens\paper\config
2021-10-16 14:49:12,118 - autoconf.conf - WARNING - Pushing new config with path C:\Users\Jammy\Code\PyAuto\PyAutoGalaxy\autogalaxy\config
2021-10-16 14:49:12,155 - autoconf.conf - WARNING - No configuration found at path C:\Users\Jammy\Results\projects\rjlens\paper\config
2021-10-16 14:49:12,179 - autoconf.conf - WARNING - Pushing new config with path C:\Users\Jammy\Code\PyAuto\PyAutoLens\autolens\config
2021-10-16 14:49:12,219 - autoconf.conf - WARNING - No configuration found at path C:\Users\Jammy\Results\projects\rjlens\paper\config
2021-10-16 14:49:52,317 - autoconf.conf - WARNING - Pushing new config with path C:\Users\Jammy\Code\PyAuto\PyAutoGalaxy\autogalaxy\config
2021-10-16 14:49:52,356 - autoconf.conf - WARNING - No configuration found at path C:\Users\Jammy\Results\projects\rjlens\paper\config
2021-10-16 14:49:52,381 - autoconf.conf - WARNING - Pushing new config with path C:\Users\Jammy\Code\PyAuto\PyAutoLens\autolens\config
2021-10-16 14:49:52,419 - autoconf.conf - WARNING - No configuration found at path C:\Users\Jammy\Results\projects\rjlens\paper\config
2021-10-16 14:52:34,215 - autoconf.conf - WARNING - Pushing new config with path C:\Users\Jammy\Code\PyAuto\PyAutoGalaxy\autogalaxy\config
2021-10-16 14:52:34,251 - autoconf.conf - WARNING - No configuration found at path C:\Users\Jammy\Results\projects\rjlens\paper\config
2021-10-16 14:52:34,274 - autoconf.conf - WARNING - Pushing new config with path C:\Users\Jammy\Code\PyAuto\PyAutoLens\autolens\config
2021-10-16 14:52:34,311 - autoconf.conf - WARNING - No configuration found at path C:\Users\Jammy\Results\projects\rjlens\paper\config
2021-10-16 14:54:27,952 - autoconf.conf - WARNING - Pushing new config with path C:\Users\Jammy\Code\PyAuto\PyAutoGalaxy\autogalaxy\config
2021-10-16 14:54:27,992 - autoconf.conf - WARNING - No configuration found at path C:\Users\Jammy\Results\projects\rjlens\paper\config
2021-10-16 14:54:28,015 - autoconf.conf - WARNING - Pushing new config with path C:\Users\Jammy\Code\PyAuto\PyAutoLens\autolens\config
2021-10-16 14:54:28,055 - autoconf.conf - WARNING - No configuration found at path C:\Users\Jammy\Results\projects\rjlens\paper\config
2021-10-16 14:58:09,239 - autoconf.conf - WARNING - Pushing new config with path C:\Users\Jammy\Code\PyAuto\PyAutoGalaxy\autogalaxy\config
2021-10-16 14:58:09,275 - autoconf.conf - WARNING - No configuration found at path C:\Users\Jammy\Results\projects\rjlens\paper\config
2021-10-16 14:58:09,299 - autoconf.conf - WARNING - Pushing new config with path C:\Users\Jammy\Code\PyAuto\PyAutoLens\autolens\config
2021-10-16 14:58:09,336 - autoconf.conf - WARNING - No configuration found at path C:\Users\Jammy\Results\projects\rjlens\paper\config
2021-10-16 15:05:46,451 - autoconf.conf - WARNING - Pushing new config with path C:\Users\Jammy\Code\PyAuto\PyAutoGalaxy\autogalaxy\config
2021-10-16 15:05:46,488 - autoconf.conf - WARNING - No configuration found at path C:\Users\Jammy\Results\projects\rjlens\paper\config
2021-10-16 15:05:46,512 - autoconf.conf - WARNING - Pushing new config with path C:\Users\Jammy\Code\PyAuto\PyAutoLens\autolens\config
2021-10-16 15:05:46,548 - autoconf.conf - WARNING - No configuration found at path C:\Users\Jammy\Results\projects\rjlens\paper\config
2021-10-16 15:06:00,122 - autoconf.conf - WARNING - Pushing new config with path C:\Users\Jammy\Code\PyAuto\PyAutoGalaxy\autogalaxy\config
2021-10-16 15:06:00,159 - autoconf.conf - WARNING - No configuration found at path C:\Users\Jammy\Results\projects\rjlens\paper\config
2021-10-16 15:06:00,181 - autoconf.conf - WARNING - Pushing new config with path C:\Users\Jammy\Code\PyAuto\PyAutoLens\autolens\config
2021-10-16 15:06:00,218 - autoconf.conf - WARNING - No configuration found at path C:\Users\Jammy\Results\projects\rjlens\paper\config
2021-10-16 16:24:12,571 - autoconf.conf - WARNING - Pushing new config with path C:\Users\Jammy\Code\PyAuto\PyAutoArray\autoarray\config
2021-10-16 16:24:12,599 - autoconf.conf - WARNING - No configuration found at path C:\Users\Jammy\Results\projects\rjlens\paper\config
2021-10-16 16:24:12,664 - autoconf.conf - WARNING - Pushing new config with path C:\Users\Jammy\Code\PyAuto\PyAutoGalaxy\autogalaxy\config
2021-10-16 16:24:12,701 - autoconf.conf - WARNING - No configuration found at path C:\Users\Jammy\Results\projects\rjlens\paper\config
2021-10-16 16:24:12,725 - autoconf.conf - WARNING - Pushing new config with path C:\Users\Jammy\Code\PyAuto\PyAutoLens\autolens\config
2021-10-16 16:24:12,762 - autoconf.conf - WARNING - No configuration found at path C:\Users\Jammy\Results\projects\rjlens\paper\config
2021-10-16 16:24:12,765 - autoconf.conf - WARNING - Pushing new config with path C:\Users\Jammy\Results\projects\rjlens\paper\config
2021-10-16 16:24:14,165 - autofit.database.aggregator.aggregator - INFO - 0 fit(s) found matching query
2021-10-16 17:24:50,819 - autoconf.conf - WARNING - Pushing new config with path C:\Users\Jammy\Code\PyAuto\PyAutoGalaxy\autogalaxy\config
2021-10-16 17:24:50,855 - autoconf.conf - WARNING - No configuration found at path C:\Users\Jammy\Results\projects\rjlens\paper\config
2021-10-16 17:24:50,878 - autoconf.conf - WARNING - Pushing new config with path C:\Users\Jammy\Code\PyAuto\PyAutoLens\autolens\config
2021-10-16 17:24:50,915 - autoconf.conf - WARNING - No configuration found at path C:\Users\Jammy\Results\projects\rjlens\paper\config
2021-10-16 17:28:34,772 - autoconf.conf - WARNING - Pushing new config with path C:\Users\Jammy\Code\PyAuto\PyAutoGalaxy\autogalaxy\config
2021-10-16 17:28:34,813 - autoconf.conf - WARNING - No configuration found at path C:\Users\Jammy\Results\projects\rjlens\paper\config
2021-10-16 17:28:34,837 - autoconf.conf - WARNING - Pushing new config with path C:\Users\Jammy\Code\PyAuto\PyAutoLens\autolens\config
2021-10-16 17:28:34,878 - autoconf.conf - WARNING - No configuration found at path C:\Users\Jammy\Results\projects\rjlens\paper\config
2021-10-16 17:50:40,317 - autoconf.conf - WARNING - Pushing new config with path C:\Users\Jammy\Code\PyAuto\PyAutoGalaxy\autogalaxy\config
2021-10-16 17:50:40,353 - autoconf.conf - WARNING - No configuration found at path C:\Users\Jammy\Results\projects\rjlens\paper\config
2021-10-16 17:50:40,377 - autoconf.conf - WARNING - Pushing new config with path C:\Users\Jammy\Code\PyAuto\PyAutoLens\autolens\config
2021-10-16 17:50:40,413 - autoconf.conf - WARNING - No configuration found at path C:\Users\Jammy\Results\projects\rjlens\paper\config
2021-10-16 17:51:52,364 - autoconf.conf - WARNING - Pushing new config with path C:\Users\Jammy\Code\PyAuto\PyAutoGalaxy\autogalaxy\config
2021-10-16 17:51:52,401 - autoconf.conf - WARNING - No configuration found at path C:\Users\Jammy\Results\projects\rjlens\paper\config
2021-10-16 17:51:52,424 - autoconf.conf - WARNING - Pushing new config with path C:\Users\Jammy\Code\PyAuto\PyAutoLens\autolens\config
2021-10-16 17:51:52,462 - autoconf.conf - WARNING - No configuration found at path C:\Users\Jammy\Results\projects\rjlens\paper\config
2021-10-16 17:56:12,140 - autoconf.conf - WARNING - Pushing new config with path C:\Users\Jammy\Code\PyAuto\PyAutoGalaxy\autogalaxy\config
2021-10-16 17:56:12,176 - autoconf.conf - WARNING - No configuration found at path C:\Users\Jammy\Results\projects\rjlens\paper\config
2021-10-16 17:56:12,200 - autoconf.conf - WARNING - Pushing new config with path C:\Users\Jammy\Code\PyAuto\PyAutoLens\autolens\config
2021-10-16 17:56:12,236 - autoconf.conf - WARNING - No configuration found at path C:\Users\Jammy\Results\projects\rjlens\paper\config
2021-10-16 18:15:45,124 - autoconf.conf - WARNING - Pushing new config with path C:\Users\Jammy\Code\PyAuto\PyAutoGalaxy\autogalaxy\config
2021-10-16 18:15:45,162 - autoconf.conf - WARNING - No configuration found at path C:\Users\Jammy\Results\projects\rjlens\paper\config
2021-10-16 18:15:45,187 - autoconf.conf - WARNING - Pushing new config with path C:\Users\Jammy\Code\PyAuto\PyAutoLens\autolens\config
2021-10-16 18:15:45,227 - autoconf.conf - WARNING - No configuration found at path C:\Users\Jammy\Results\projects\rjlens\paper\config
2021-10-16 18:15:52,372 - autoconf.conf - WARNING - Pushing new config with path C:\Users\Jammy\Code\PyAuto\PyAutoGalaxy\autogalaxy\config
2021-10-16 18:15:52,411 - autoconf.conf - WARNING - No configuration found at path C:\Users\Jammy\Results\projects\rjlens\paper\config
2021-10-16 18:15:52,437 - autoconf.conf - WARNING - Pushing new config with path C:\Users\Jammy\Code\PyAuto\PyAutoLens\autolens\config
2021-10-16 18:15:52,478 - autoconf.conf - WARNING - No configuration found at path C:\Users\Jammy\Results\projects\rjlens\paper\config
2021-10-17 13:31:25,205 - autoconf.conf - WARNING - Pushing new config with path C:\Users\Jammy\Code\PyAuto\PyAutoGalaxy\autogalaxy\config
2021-10-17 13:31:25,250 - autoconf.conf - WARNING - No configuration found at path C:\Users\Jammy\Results\projects\rjlens\paper\config
2021-10-17 13:31:25,292 - autoconf.conf - WARNING - Pushing new config with path C:\Users\Jammy\Code\PyAuto\PyAutoLens\autolens\config
2021-10-17 13:31:25,335 - autoconf.conf - WARNING - No configuration found at path C:\Users\Jammy\Results\projects\rjlens\paper\config
2021-10-17 14:22:59,477 - autoconf.conf - WARNING - Pushing new config with path C:\Users\Jammy\Code\PyAuto\PyAutoGalaxy\autogalaxy\config
2021-10-17 14:22:59,518 - autoconf.conf - WARNING - No configuration found at path C:\Users\Jammy\Results\projects\rjlens\paper\config
2021-10-17 14:22:59,545 - autoconf.conf - WARNING - Pushing new config with path C:\Users\Jammy\Code\PyAuto\PyAutoLens\autolens\config
2021-10-17 14:22:59,585 - autoconf.conf - WARNING - No configuration found at path C:\Users\Jammy\Results\projects\rjlens\paper\config
2021-10-17 14:23:35,598 - autoconf.conf - WARNING - Pushing new config with path C:\Users\Jammy\Code\PyAuto\PyAutoGalaxy\autogalaxy\config
2021-10-17 14:23:35,636 - autoconf.conf - WARNING - No configuration found at path C:\Users\Jammy\Results\projects\rjlens\paper\config
2021-10-17 14:23:35,661 - autoconf.conf - WARNING - Pushing new config with path C:\Users\Jammy\Code\PyAuto\PyAutoLens\autolens\config
2021-10-17 14:23:35,700 - autoconf.conf - WARNING - No configuration found at path C:\Users\Jammy\Results\projects\rjlens\paper\config
2021-10-17 14:24:04,957 - autoconf.conf - WARNING - Pushing new config with path C:\Users\Jammy\Code\PyAuto\PyAutoGalaxy\autogalaxy\config
2021-10-17 14:24:04,995 - autoconf.conf - WARNING - No configuration found at path C:\Users\Jammy\Results\projects\rjlens\paper\config
2021-10-17 14:24:05,020 - autoconf.conf - WARNING - Pushing new config with path C:\Users\Jammy\Code\PyAuto\PyAutoLens\autolens\config
2021-10-17 14:24:05,062 - autoconf.conf - WARNING - No configuration found at path C:\Users\Jammy\Results\projects\rjlens\paper\config
2021-12-21 12:42:30,207 - numexpr.utils - INFO - Note: NumExpr detected 16 cores but "NUMEXPR_MAX_THREADS" not set, so enforcing safe limit of 8.
2021-12-21 12:42:30,207 - numexpr.utils - INFO - NumExpr defaulting to 8 threads.
2021-12-21 12:42:50,865 - numexpr.utils - INFO - Note: NumExpr detected 16 cores but "NUMEXPR_MAX_THREADS" not set, so enforcing safe limit of 8.
2021-12-21 12:42:50,865 - numexpr.utils - INFO - NumExpr defaulting to 8 threads.
2021-12-24 10:08:00,114 - numexpr.utils - INFO - Note: NumExpr detected 16 cores but "NUMEXPR_MAX_THREADS" not set, so enforcing safe limit of 8.
2021-12-24 10:08:00,115 - numexpr.utils - INFO - NumExpr defaulting to 8 threads.
2022-01-08 14:05:23,913 - numexpr.utils - INFO - Note: NumExpr detected 16 cores but "NUMEXPR_MAX_THREADS" not set, so enforcing safe limit of 8.
2022-01-08 14:05:23,913 - numexpr.utils - INFO - NumExpr defaulting to 8 threads.
2022-01-08 14:17:44,428 - numexpr.utils - INFO - Note: NumExpr detected 16 cores but "NUMEXPR_MAX_THREADS" not set, so enforcing safe limit of 8.
2022-01-08 14:17:44,428 - numexpr.utils - INFO - NumExpr defaulting to 8 threads.
2022-01-08 18:15:51,908 - numexpr.utils - INFO - Note: NumExpr detected 16 cores but "NUMEXPR_MAX_THREADS" not set, so enforcing safe limit of 8.
2022-01-08 18:15:51,909 - numexpr.utils - INFO - NumExpr defaulting to 8 threads.
2022-01-08 18:16:08,001 - numexpr.utils - INFO - Note: NumExpr detected 16 cores but "NUMEXPR_MAX_THREADS" not set, so enforcing safe limit of 8.
2022-01-08 18:16:08,001 - numexpr.utils - INFO - NumExpr defaulting to 8 threads.
2022-01-08 18:17:52,459 - numexpr.utils - INFO - Note: NumExpr detected 16 cores but "NUMEXPR_MAX_THREADS" not set, so enforcing safe limit of 8.
2022-01-08 18:17:52,459 - numexpr.utils - INFO - NumExpr defaulting to 8 threads.
2022-01-08 18:18:06,974 - numexpr.utils - INFO - Note: NumExpr detected 16 cores but "NUMEXPR_MAX_THREADS" not set, so enforcing safe limit of 8.
2022-01-08 18:18:06,974 - numexpr.utils - INFO - NumExpr defaulting to 8 threads.
2022-01-08 18:18:34,407 - numexpr.utils - INFO - Note: NumExpr detected 16 cores but "NUMEXPR_MAX_THREADS" not set, so enforcing safe limit of 8.
2022-01-08 18:18:34,407 - numexpr.utils - INFO - NumExpr defaulting to 8 threads.
2022-01-08 18:18:50,052 - numexpr.utils - INFO - Note: NumExpr detected 16 cores but "NUMEXPR_MAX_THREADS" not set, so enforcing safe limit of 8.
2022-01-08 18:18:50,052 - numexpr.utils - INFO - NumExpr defaulting to 8 threads.
2022-01-08 18:20:31,863 - numexpr.utils - INFO - Note: NumExpr detected 16 cores but "NUMEXPR_MAX_THREADS" not set, so enforcing safe limit of 8.
2022-01-08 18:20:31,863 - numexpr.utils - INFO - NumExpr defaulting to 8 threads.
2022-01-08 18:21:20,660 - numexpr.utils - INFO - Note: NumExpr detected 16 cores but "NUMEXPR_MAX_THREADS" not set, so enforcing safe limit of 8.
2022-01-08 18:21:20,660 - numexpr.utils - INFO - NumExpr defaulting to 8 threads.
2022-01-09 14:35:53,838 - numexpr.utils - INFO - Note: NumExpr detected 16 cores but "NUMEXPR_MAX_THREADS" not set, so enforcing safe limit of 8.
2022-01-09 14:35:53,838 - numexpr.utils - INFO - NumExpr defaulting to 8 threads.
2022-01-09 14:35:56,649 - numexpr.utils - INFO - Note: NumExpr detected 16 cores but "NUMEXPR_MAX_THREADS" not set, so enforcing safe limit of 8.
2022-01-09 14:35:56,649 - numexpr.utils - INFO - NumExpr defaulting to 8 threads.
2022-01-09 14:36:07,989 - numexpr.utils - INFO - Note: NumExpr detected 16 cores but "NUMEXPR_MAX_THREADS" not set, so enforcing safe limit of 8.
2022-01-09 14:36:07,989 - numexpr.utils - INFO - NumExpr defaulting to 8 threads.
2022-01-09 14:36:23,479 - numexpr.utils - INFO - Note: NumExpr detected 16 cores but "NUMEXPR_MAX_THREADS" not set, so enforcing safe limit of 8.
2022-01-09 14:36:23,479 - numexpr.utils - INFO - NumExpr defaulting to 8 threads.
2022-01-09 14:37:11,691 - numexpr.utils - INFO - Note: NumExpr detected 16 cores but "NUMEXPR_MAX_THREADS" not set, so enforcing safe limit of 8.
2022-01-09 14:37:11,691 - numexpr.utils - INFO - NumExpr defaulting to 8 threads.
2022-01-09 14:37:26,821 - numexpr.utils - INFO - Note: NumExpr detected 16 cores but "NUMEXPR_MAX_THREADS" not set, so enforcing safe limit of 8.
2022-01-09 14:37:26,821 - numexpr.utils - INFO - NumExpr defaulting to 8 threads.
2022-01-09 14:37:48,829 - numexpr.utils - INFO - Note: NumExpr detected 16 cores but "NUMEXPR_MAX_THREADS" not set, so enforcing safe limit of 8.
2022-01-09 14:37:48,830 - numexpr.utils - INFO - NumExpr defaulting to 8 threads.
